# JRE version: OpenJDK Runtime Environment Temurin-17.0.15+6 (17.0.15+6) (build 17.0.15+6)
# Java VM: OpenJDK 64-Bit Server VM Temurin-17.0.15+6 (17.0.15+6, mixed mode, sharing, tiered, compressed oops, compressed class ptrs, g1 gc, windows-amd64)
GC Precious Log:
 CPUs: 16 total, 16 available
 Memory: 16088M
 Large Page Support: Disabled
 NUMA Support: Disabled
 Compressed Oops: Enabled (32-bit)
 Heap Region Size: 1M
 Heap Min Capacity: 8M
 Heap Initial Capacity: 252M
 Heap Max Capacity: 2G
 Pre-touch: Disabled
 Parallel Workers: 13
 Concurrent Workers: 3
 Concurrent Refinement Workers: 13
 Periodic GC: Disabled
Heap:
 garbage-first heap   total 110592K, used 54592K [0x0000000080000000, 0x0000000100000000)
  region size 1024K, 1 young (1024K), 1 survivors (1024K)
 Metaspace       used 58759K, committed 59392K, reserved 491520K
  class space    used 8101K, committed 8384K, reserved 425984K
GC Heap History (20 events):
Event: 672.175 GC heap after
{Heap after GC invocations=16 (full 0):
 garbage-first heap   total 110592K, used 52391K [0x0000000080000000, 0x0000000100000000)
  region size 1024K, 5 young (5120K), 5 survivors (5120K)
 Metaspace       used 58326K, committed 58944K, reserved 491520K
  class space    used 8089K, committed 8384K, reserved 425984K
}
Event: 740.703 GC heap before
{Heap before GC invocations=16 (full 0):
 garbage-first heap   total 110592K, used 89255K [0x0000000080000000, 0x0000000100000000)
  region size 1024K, 41 young (41984K), 5 survivors (5120K)
 Metaspace       used 58386K, committed 59072K, reserved 491520K
  class space    used 8090K, committed 8384K, reserved 425984K
}
Event: 740.748 GC heap after
{Heap after GC invocations=17 (full 0):
 garbage-first heap   total 110592K, used 52841K [0x0000000080000000, 0x0000000100000000)
  region size 1024K, 3 young (3072K), 3 survivors (3072K)
 Metaspace       used 58386K, committed 59072K, reserved 491520K
  class space    used 8090K, committed 8384K, reserved 425984K
}
Event: 808.384 GC heap before
{Heap before GC invocations=17 (full 0):
 garbage-first heap   total 110592K, used 90729K [0x0000000080000000, 0x0000000100000000)
  region size 1024K, 40 young (40960K), 3 survivors (3072K)
 Metaspace       used 58420K, committed 59072K, reserved 491520K
  class space    used 8090K, committed 8384K, reserved 425984K
}
Event: 808.429 GC heap after
{Heap after GC invocations=18 (full 0):
 garbage-first heap   total 110592K, used 53448K [0x0000000080000000, 0x0000000100000000)
  region size 1024K, 2 young (2048K), 2 survivors (2048K)
 Metaspace       used 58420K, committed 59072K, reserved 491520K
  class space    used 8090K, committed 8384K, reserved 425984K
}
Event: 891.235 GC heap before
{Heap before GC invocations=19 (full 0):
 garbage-first heap   total 110592K, used 91336K [0x0000000080000000, 0x0000000100000000)
  region size 1024K, 39 young (39936K), 2 survivors (2048K)
 Metaspace       used 58465K, committed 59136K, reserved 491520K
  class space    used 8090K, committed 8384K, reserved 425984K
}
Event: 891.265 GC heap after
{Heap after GC invocations=20 (full 0):
 garbage-first heap   total 110592K, used 53533K [0x0000000080000000, 0x0000000100000000)
  region size 1024K, 2 young (2048K), 2 survivors (2048K)
 Metaspace       used 58465K, committed 59136K, reserved 491520K
  class space    used 8090K, committed 8384K, reserved 425984K
}
Event: 986.512 GC heap before
{Heap before GC invocations=20 (full 0):
 garbage-first heap   total 110592K, used 92445K [0x0000000080000000, 0x0000000100000000)
  region size 1024K, 40 young (40960K), 2 survivors (2048K)
 Metaspace       used 58517K, committed 59136K, reserved 491520K
  class space    used 8090K, committed 8384K, reserved 425984K
}
Event: 986.563 GC heap after
{Heap after GC invocations=21 (full 0):
 garbage-first heap   total 110592K, used 53875K [0x0000000080000000, 0x0000000100000000)
  region size 1024K, 2 young (2048K), 2 survivors (2048K)
 Metaspace       used 58517K, committed 59136K, reserved 491520K
  class space    used 8090K, committed 8384K, reserved 425984K
}
Event: 1096.307 GC heap before
{Heap before GC invocations=22 (full 0):
 garbage-first heap   total 110592K, used 93811K [0x0000000080000000, 0x0000000100000000)
  region size 1024K, 41 young (41984K), 2 survivors (2048K)
 Metaspace       used 58569K, committed 59200K, reserved 491520K
  class space    used 8090K, committed 8384K, reserved 425984K
}
Event: 1096.355 GC heap after
{Heap after GC invocations=23 (full 0):
 garbage-first heap   total 110592K, used 54143K [0x0000000080000000, 0x0000000100000000)
  region size 1024K, 2 young (2048K), 2 survivors (2048K)
 Metaspace       used 58569K, committed 59200K, reserved 491520K
  class space    used 8090K, committed 8384K, reserved 425984K
}
Event: 1196.759 GC heap before
{Heap before GC invocations=23 (full 0):
 garbage-first heap   total 110592K, used 94079K [0x0000000080000000, 0x0000000100000000)
  region size 1024K, 41 young (41984K), 2 survivors (2048K)
 Metaspace       used 58624K, committed 59264K, reserved 491520K
  class space    used 8090K, committed 8384K, reserved 425984K
}
Event: 1196.817 GC heap after
{Heap after GC invocations=24 (full 0):
 garbage-first heap   total 110592K, used 54407K [0x0000000080000000, 0x0000000100000000)
  region size 1024K, 3 young (3072K), 3 survivors (3072K)
 Metaspace       used 58624K, committed 59264K, reserved 491520K
  class space    used 8090K, committed 8384K, reserved 425984K
}
Event: 1740.301 GC heap before
{Heap before GC invocations=25 (full 0):
 garbage-first heap   total 110592K, used 94343K [0x0000000080000000, 0x0000000100000000)
  region size 1024K, 42 young (43008K), 3 survivors (3072K)
 Metaspace       used 58691K, committed 59328K, reserved 491520K
  class space    used 8095K, committed 8384K, reserved 425984K
}
Event: 1740.347 GC heap after
{Heap after GC invocations=26 (full 0):
 garbage-first heap   total 110592K, used 54771K [0x0000000080000000, 0x0000000100000000)
  region size 1024K, 3 young (3072K), 3 survivors (3072K)
 Metaspace       used 58691K, committed 59328K, reserved 491520K
  class space    used 8095K, committed 8384K, reserved 425984K
}
Event: 8360.228 GC heap before
{Heap before GC invocations=26 (full 0):
 garbage-first heap   total 110592K, used 94707K [0x0000000080000000, 0x0000000100000000)
  region size 1024K, 42 young (43008K), 3 survivors (3072K)
 Metaspace       used 58759K, committed 59392K, reserved 491520K
  class space    used 8101K, committed 8384K, reserved 425984K
}
Event: 8367.509 GC heap after
{Heap after GC invocations=27 (full 0):
 garbage-first heap   total 110592K, used 54781K [0x0000000080000000, 0x0000000100000000)
  region size 1024K, 3 young (3072K), 3 survivors (3072K)
 Metaspace       used 58759K, committed 59392K, reserved 491520K
  class space    used 8101K, committed 8384K, reserved 425984K
}
Event: 8384.970 GC heap before
{Heap before GC invocations=27 (full 0):
 garbage-first heap   total 110592K, used 56829K [0x0000000080000000, 0x0000000100000000)
  region size 1024K, 5 young (5120K), 3 survivors (3072K)
 Metaspace       used 58759K, committed 59392K, reserved 491520K
  class space    used 8101K, committed 8384K, reserved 425984K
}
Event: 8387.913 GC heap after
{Heap after GC invocations=28 (full 0):
 garbage-first heap   total 110592K, used 54724K [0x0000000080000000, 0x0000000100000000)
  region size 1024K, 1 young (1024K), 1 survivors (1024K)
 Metaspace       used 58759K, committed 59392K, reserved 491520K
  class space    used 8101K, committed 8384K, reserved 425984K
}
Event: 8389.957 GC heap before
{Heap before GC invocations=28 (full 0):
 garbage-first heap   total 110592K, used 58820K [0x0000000080000000, 0x0000000100000000)
  region size 1024K, 5 young (5120K), 1 survivors (1024K)
 Metaspace       used 58759K, committed 59392K, reserved 491520K
  class space    used 8101K, committed 8384K, reserved 425984K
}

