# JRE version: OpenJDK Runtime Environment Temurin-17.0.15+6 (17.0.15+6) (build 17.0.15+6)
# Java VM: OpenJDK 64-Bit Server VM Temurin-17.0.15+6 (17.0.15+6, mixed mode, sharing, tiered, compressed oops, compressed class ptrs, g1 gc, windows-amd64)
GC Precious Log:
 CPUs: 16 total, 16 available
 Memory: 16088M
 Large Page Support: Disabled
 NUMA Support: Disabled
 Compressed Oops: Enabled (32-bit)
 Heap Region Size: 1M
 Heap Min Capacity: 8M
 Heap Initial Capacity: 252M
 Heap Max Capacity: 2G
 Pre-touch: Disabled
 Parallel Workers: 13
 Concurrent Workers: 3
 Concurrent Refinement Workers: 13
 Periodic GC: Disabled
Heap:
 garbage-first heap   total 149504K, used 59923K [0x0000000080000000, 0x0000000100000000)
  region size 1024K, 1 young (1024K), 1 survivors (1024K)
 Metaspace       used 63136K, committed 63744K, reserved 491520K
  class space    used 8692K, committed 8960K, reserved 425984K
GC Heap History (20 events):
Event: 1207.428 GC heap after
{Heap after GC invocations=44 (full 0):
 garbage-first heap   total 104448K, used 59666K [0x0000000080000000, 0x0000000100000000)
  region size 1024K, 1 young (1024K), 1 survivors (1024K)
 Metaspace       used 63020K, committed 63680K, reserved 491520K
  class space    used 8690K, committed 8960K, reserved 425984K
}
Event: 1270.160 GC heap before
{Heap before GC invocations=44 (full 0):
 garbage-first heap   total 104448K, used 86290K [0x0000000080000000, 0x0000000100000000)
  region size 1024K, 28 young (28672K), 1 survivors (1024K)
 Metaspace       used 63024K, committed 63680K, reserved 491520K
  class space    used 8690K, committed 8960K, reserved 425984K
}
Event: 1270.206 GC heap after
{Heap after GC invocations=45 (full 0):
 garbage-first heap   total 104448K, used 59783K [0x0000000080000000, 0x0000000100000000)
  region size 1024K, 1 young (1024K), 1 survivors (1024K)
 Metaspace       used 63024K, committed 63680K, reserved 491520K
  class space    used 8690K, committed 8960K, reserved 425984K
}
Event: 1342.841 GC heap before
{Heap before GC invocations=46 (full 0):
 garbage-first heap   total 104448K, used 87431K [0x0000000080000000, 0x0000000100000000)
  region size 1024K, 29 young (29696K), 1 survivors (1024K)
 Metaspace       used 63045K, committed 63680K, reserved 491520K
  class space    used 8690K, committed 8960K, reserved 425984K
}
Event: 1342.865 GC heap after
{Heap after GC invocations=47 (full 0):
 garbage-first heap   total 125952K, used 59900K [0x0000000080000000, 0x0000000100000000)
  region size 1024K, 1 young (1024K), 1 survivors (1024K)
 Metaspace       used 63045K, committed 63680K, reserved 491520K
  class space    used 8690K, committed 8960K, reserved 425984K
}
Event: 1357.069 GC heap before
{Heap before GC invocations=47 (full 0):
 garbage-first heap   total 125952K, used 63996K [0x0000000080000000, 0x0000000100000000)
  region size 1024K, 6 young (6144K), 1 survivors (1024K)
 Metaspace       used 63046K, committed 63680K, reserved 491520K
  class space    used 8690K, committed 8960K, reserved 425984K
}
Event: 1357.095 GC heap after
{Heap after GC invocations=48 (full 0):
 garbage-first heap   total 125952K, used 59652K [0x0000000080000000, 0x0000000100000000)
  region size 1024K, 1 young (1024K), 1 survivors (1024K)
 Metaspace       used 63046K, committed 63680K, reserved 491520K
  class space    used 8690K, committed 8960K, reserved 425984K
}
Event: 1464.242 GC heap before
{Heap before GC invocations=48 (full 0):
 garbage-first heap   total 125952K, used 103684K [0x0000000080000000, 0x0000000100000000)
  region size 1024K, 45 young (46080K), 1 survivors (1024K)
 Metaspace       used 63078K, committed 63680K, reserved 491520K
  class space    used 8690K, committed 8960K, reserved 425984K
}
Event: 1464.304 GC heap after
{Heap after GC invocations=49 (full 0):
 garbage-first heap   total 125952K, used 59842K [0x0000000080000000, 0x0000000100000000)
  region size 1024K, 1 young (1024K), 1 survivors (1024K)
 Metaspace       used 63078K, committed 63680K, reserved 491520K
  class space    used 8690K, committed 8960K, reserved 425984K
}
Event: 2033.927 GC heap before
{Heap before GC invocations=50 (full 0):
 garbage-first heap   total 125952K, used 104898K [0x0000000080000000, 0x0000000100000000)
  region size 1024K, 46 young (47104K), 1 survivors (1024K)
 Metaspace       used 63103K, committed 63680K, reserved 491520K
  class space    used 8692K, committed 8960K, reserved 425984K
}
Event: 2033.965 GC heap after
{Heap after GC invocations=51 (full 0):
 garbage-first heap   total 125952K, used 60328K [0x0000000080000000, 0x0000000100000000)
  region size 1024K, 2 young (2048K), 2 survivors (2048K)
 Metaspace       used 63103K, committed 63680K, reserved 491520K
  class space    used 8692K, committed 8960K, reserved 425984K
}
Event: 2035.300 GC heap before
{Heap before GC invocations=51 (full 0):
 garbage-first heap   total 125952K, used 63400K [0x0000000080000000, 0x0000000100000000)
  region size 1024K, 6 young (6144K), 2 survivors (2048K)
 Metaspace       used 63104K, committed 63680K, reserved 491520K
  class space    used 8692K, committed 8960K, reserved 425984K
}
Event: 2035.351 GC heap after
{Heap after GC invocations=52 (full 0):
 garbage-first heap   total 125952K, used 59990K [0x0000000080000000, 0x0000000100000000)
  region size 1024K, 1 young (1024K), 1 survivors (1024K)
 Metaspace       used 63104K, committed 63680K, reserved 491520K
  class space    used 8692K, committed 8960K, reserved 425984K
}
Event: 8655.236 GC heap before
{Heap before GC invocations=52 (full 0):
 garbage-first heap   total 125952K, used 106070K [0x0000000080000000, 0x0000000100000000)
  region size 1024K, 46 young (47104K), 1 survivors (1024K)
 Metaspace       used 63134K, committed 63744K, reserved 491520K
  class space    used 8692K, committed 8960K, reserved 425984K
}
Event: 8655.394 GC heap after
{Heap after GC invocations=53 (full 0):
 garbage-first heap   total 125952K, used 59989K [0x0000000080000000, 0x0000000100000000)
  region size 1024K, 1 young (1024K), 1 survivors (1024K)
 Metaspace       used 63134K, committed 63744K, reserved 491520K
  class space    used 8692K, committed 8960K, reserved 425984K
}
Event: 8657.499 GC heap before
{Heap before GC invocations=53 (full 0):
 garbage-first heap   total 125952K, used 107093K [0x0000000080000000, 0x0000000100000000)
  region size 1024K, 47 young (48128K), 1 survivors (1024K)
 Metaspace       used 63134K, committed 63744K, reserved 491520K
  class space    used 8692K, committed 8960K, reserved 425984K
}
Event: 8663.569 GC heap after
{Heap after GC invocations=54 (full 0):
 garbage-first heap   total 125952K, used 60033K [0x0000000080000000, 0x0000000100000000)
  region size 1024K, 1 young (1024K), 1 survivors (1024K)
 Metaspace       used 63134K, committed 63744K, reserved 491520K
  class space    used 8692K, committed 8960K, reserved 425984K
}
Event: 8684.946 GC heap before
{Heap before GC invocations=54 (full 0):
 garbage-first heap   total 125952K, used 65153K [0x0000000080000000, 0x0000000100000000)
  region size 1024K, 6 young (6144K), 1 survivors (1024K)
 Metaspace       used 63134K, committed 63744K, reserved 491520K
  class space    used 8692K, committed 8960K, reserved 425984K
}
Event: 8685.270 GC heap after
{Heap after GC invocations=55 (full 0):
 garbage-first heap   total 125952K, used 59977K [0x0000000080000000, 0x0000000100000000)
  region size 1024K, 1 young (1024K), 1 survivors (1024K)
 Metaspace       used 63134K, committed 63744K, reserved 491520K
  class space    used 8692K, committed 8960K, reserved 425984K
}
Event: 8689.952 GC heap before
{Heap before GC invocations=55 (full 0):
 garbage-first heap   total 125952K, used 65097K [0x0000000080000000, 0x0000000100000000)
  region size 1024K, 6 young (6144K), 1 survivors (1024K)
 Metaspace       used 63136K, committed 63744K, reserved 491520K
  class space    used 8692K, committed 8960K, reserved 425984K
}

