# JRE version: OpenJDK Runtime Environment Temurin-17.0.15+6 (17.0.15+6) (build 17.0.15+6)
# Java VM: OpenJDK 64-Bit Server VM Temurin-17.0.15+6 (17.0.15+6, mixed mode, sharing, tiered, compressed oops, compressed class ptrs, g1 gc, windows-amd64)
GC Precious Log:
 CPUs: 16 total, 16 available
 Memory: 16088M
 Large Page Support: Disabled
 NUMA Support: Disabled
 Compressed Oops: Enabled (32-bit)
 Heap Region Size: 1M
 Heap Min Capacity: 8M
 Heap Initial Capacity: 252M
 Heap Max Capacity: 2G
 Pre-touch: Disabled
 Parallel Workers: 13
 Concurrent Workers: 3
 Concurrent Refinement Workers: 13
 Periodic GC: Disabled
Heap:
 garbage-first heap   total 391168K, used 56028K [0x0000000080000000, 0x0000000100000000)
  region size 1024K, 1 young (1024K), 1 survivors (1024K)
 Metaspace       used 58554K, committed 59200K, reserved 491520K
  class space    used 8097K, committed 8384K, reserved 425984K
GC Heap History (20 events):
Event: 845.097 GC heap after
{Heap after GC invocations=25 (full 0):
 garbage-first heap   total 175104K, used 53735K [0x0000000080000000, 0x0000000100000000)
  region size 1024K, 2 young (2048K), 2 survivors (2048K)
 Metaspace       used 56632K, committed 57216K, reserved 491520K
  class space    used 7815K, committed 8064K, reserved 425984K
}
Event: 952.055 GC heap before
{Heap before GC invocations=26 (full 0):
 garbage-first heap   total 175104K, used 123367K [0x0000000080000000, 0x0000000100000000)
  region size 1024K, 70 young (71680K), 2 survivors (2048K)
 Metaspace       used 58420K, committed 59008K, reserved 491520K
  class space    used 8093K, committed 8384K, reserved 425984K
}
Event: 952.070 GC heap after
{Heap after GC invocations=27 (full 0):
 garbage-first heap   total 175104K, used 55914K [0x0000000080000000, 0x0000000100000000)
  region size 1024K, 4 young (4096K), 4 survivors (4096K)
 Metaspace       used 58420K, committed 59008K, reserved 491520K
  class space    used 8093K, committed 8384K, reserved 425984K
}
Event: 8130.659 GC heap before
{Heap before GC invocations=27 (full 0):
 garbage-first heap   total 175104K, used 126570K [0x0000000080000000, 0x0000000100000000)
  region size 1024K, 74 young (75776K), 4 survivors (4096K)
 Metaspace       used 58536K, committed 59136K, reserved 491520K
  class space    used 8097K, committed 8384K, reserved 425984K
}
Event: 8131.721 GC heap after
{Heap after GC invocations=28 (full 0):
 garbage-first heap   total 175104K, used 56203K [0x0000000080000000, 0x0000000100000000)
  region size 1024K, 4 young (4096K), 4 survivors (4096K)
 Metaspace       used 58536K, committed 59136K, reserved 491520K
  class space    used 8097K, committed 8384K, reserved 425984K
}
Event: 8133.093 GC heap before
{Heap before GC invocations=28 (full 0):
 garbage-first heap   total 175104K, used 60299K [0x0000000080000000, 0x0000000100000000)
  region size 1024K, 8 young (8192K), 4 survivors (4096K)
 Metaspace       used 58536K, committed 59136K, reserved 491520K
  class space    used 8097K, committed 8384K, reserved 425984K
}
Event: 8133.858 GC heap after
{Heap after GC invocations=29 (full 0):
 garbage-first heap   total 175104K, used 56305K [0x0000000080000000, 0x0000000100000000)
  region size 1024K, 1 young (1024K), 1 survivors (1024K)
 Metaspace       used 58536K, committed 59136K, reserved 491520K
  class space    used 8097K, committed 8384K, reserved 425984K
}
Event: 8137.820 GC heap before
{Heap before GC invocations=29 (full 0):
 garbage-first heap   total 175104K, used 65521K [0x0000000080000000, 0x0000000100000000)
  region size 1024K, 10 young (10240K), 1 survivors (1024K)
 Metaspace       used 58536K, committed 59136K, reserved 491520K
  class space    used 8097K, committed 8384K, reserved 425984K
}
Event: 8138.135 GC heap after
{Heap after GC invocations=30 (full 0):
 garbage-first heap   total 175104K, used 55996K [0x0000000080000000, 0x0000000100000000)
  region size 1024K, 1 young (1024K), 1 survivors (1024K)
 Metaspace       used 58536K, committed 59136K, reserved 491520K
  class space    used 8097K, committed 8384K, reserved 425984K
}
Event: 8139.293 GC heap before
{Heap before GC invocations=30 (full 0):
 garbage-first heap   total 175104K, used 65212K [0x0000000080000000, 0x0000000100000000)
  region size 1024K, 10 young (10240K), 1 survivors (1024K)
 Metaspace       used 58536K, committed 59136K, reserved 491520K
  class space    used 8097K, committed 8384K, reserved 425984K
}
Event: 8139.616 GC heap after
{Heap after GC invocations=31 (full 0):
 garbage-first heap   total 175104K, used 55918K [0x0000000080000000, 0x0000000100000000)
  region size 1024K, 1 young (1024K), 1 survivors (1024K)
 Metaspace       used 58536K, committed 59136K, reserved 491520K
  class space    used 8097K, committed 8384K, reserved 425984K
}
Event: 8147.761 GC heap before
{Heap before GC invocations=31 (full 0):
 garbage-first heap   total 175104K, used 74350K [0x0000000080000000, 0x0000000100000000)
  region size 1024K, 19 young (19456K), 1 survivors (1024K)
 Metaspace       used 58536K, committed 59136K, reserved 491520K
  class space    used 8097K, committed 8384K, reserved 425984K
}
Event: 8149.240 GC heap after
{Heap after GC invocations=32 (full 0):
 garbage-first heap   total 391168K, used 56046K [0x0000000080000000, 0x0000000100000000)
  region size 1024K, 1 young (1024K), 1 survivors (1024K)
 Metaspace       used 58536K, committed 59136K, reserved 491520K
  class space    used 8097K, committed 8384K, reserved 425984K
}
Event: 8160.272 GC heap before
{Heap before GC invocations=32 (full 0):
 garbage-first heap   total 391168K, used 74478K [0x0000000080000000, 0x0000000100000000)
  region size 1024K, 19 young (19456K), 1 survivors (1024K)
 Metaspace       used 58541K, committed 59136K, reserved 491520K
  class space    used 8097K, committed 8384K, reserved 425984K
}
Event: 8161.135 GC heap after
{Heap after GC invocations=33 (full 0):
 garbage-first heap   total 391168K, used 55952K [0x0000000080000000, 0x0000000100000000)
  region size 1024K, 1 young (1024K), 1 survivors (1024K)
 Metaspace       used 58541K, committed 59136K, reserved 491520K
  class space    used 8097K, committed 8384K, reserved 425984K
}
Event: 8161.910 GC heap before
{Heap before GC invocations=33 (full 0):
 garbage-first heap   total 391168K, used 74384K [0x0000000080000000, 0x0000000100000000)
  region size 1024K, 19 young (19456K), 1 survivors (1024K)
 Metaspace       used 58541K, committed 59136K, reserved 491520K
  class space    used 8097K, committed 8384K, reserved 425984K
}
Event: 8163.003 GC heap after
{Heap after GC invocations=34 (full 0):
 garbage-first heap   total 391168K, used 55901K [0x0000000080000000, 0x0000000100000000)
  region size 1024K, 1 young (1024K), 1 survivors (1024K)
 Metaspace       used 58541K, committed 59136K, reserved 491520K
  class space    used 8097K, committed 8384K, reserved 425984K
}
Event: 8172.697 GC heap before
{Heap before GC invocations=34 (full 0):
 garbage-first heap   total 391168K, used 74333K [0x0000000080000000, 0x0000000100000000)
  region size 1024K, 19 young (19456K), 1 survivors (1024K)
 Metaspace       used 58547K, committed 59200K, reserved 491520K
  class space    used 8097K, committed 8384K, reserved 425984K
}
Event: 8173.705 GC heap after
{Heap after GC invocations=35 (full 0):
 garbage-first heap   total 391168K, used 56017K [0x0000000080000000, 0x0000000100000000)
  region size 1024K, 1 young (1024K), 1 survivors (1024K)
 Metaspace       used 58547K, committed 59200K, reserved 491520K
  class space    used 8097K, committed 8384K, reserved 425984K
}
Event: 8179.438 GC heap before
{Heap before GC invocations=35 (full 0):
 garbage-first heap   total 391168K, used 74449K [0x0000000080000000, 0x0000000100000000)
  region size 1024K, 19 young (19456K), 1 survivors (1024K)
 Metaspace       used 58554K, committed 59200K, reserved 491520K
  class space    used 8097K, committed 8384K, reserved 425984K
}

