# JRE version: OpenJDK Runtime Environment Temurin-17.0.15+6 (17.0.15+6) (build 17.0.15+6)
# Java VM: OpenJDK 64-Bit Server VM Temurin-17.0.15+6 (17.0.15+6, mixed mode, sharing, tiered, compressed oops, compressed class ptrs, g1 gc, windows-amd64)
GC Precious Log:
 CPUs: 16 total, 16 available
 Memory: 16088M
 Large Page Support: Disabled
 NUMA Support: Disabled
 Compressed Oops: Enabled (32-bit)
 Heap Region Size: 1M
 Heap Min Capacity: 8M
 Heap Initial Capacity: 252M
 Heap Max Capacity: 2G
 Pre-touch: Disabled
 Parallel Workers: 13
 Concurrent Workers: 3
 Concurrent Refinement Workers: 13
 Periodic GC: Disabled
Heap:
 garbage-first heap   total 115712K, used 60823K [0x0000000080000000, 0x0000000100000000)
  region size 1024K, 1 young (1024K), 1 survivors (1024K)
 Metaspace       used 63110K, committed 63680K, reserved 491520K
  class space    used 8694K, committed 8960K, reserved 425984K
GC Heap History (20 events):
Event: 1093.663 GC heap after
{Heap after GC invocations=33 (full 0):
 garbage-first heap   total 115712K, used 55774K [0x0000000080000000, 0x0000000100000000)
  region size 1024K, 3 young (3072K), 3 survivors (3072K)
 Metaspace       used 59231K, committed 59840K, reserved 491520K
  class space    used 8176K, committed 8448K, reserved 425984K
}
Event: 1181.840 GC heap before
{Heap before GC invocations=33 (full 0):
 garbage-first heap   total 115712K, used 95710K [0x0000000080000000, 0x0000000100000000)
  region size 1024K, 42 young (43008K), 3 survivors (3072K)
 Metaspace       used 59296K, committed 59904K, reserved 491520K
  class space    used 8180K, committed 8448K, reserved 425984K
}
Event: 1181.876 GC heap after
{Heap after GC invocations=34 (full 0):
 garbage-first heap   total 115712K, used 56316K [0x0000000080000000, 0x0000000100000000)
  region size 1024K, 3 young (3072K), 3 survivors (3072K)
 Metaspace       used 59296K, committed 59904K, reserved 491520K
  class space    used 8180K, committed 8448K, reserved 425984K
}
Event: 1247.812 GC heap before
{Heap before GC invocations=35 (full 0):
 garbage-first heap   total 115712K, used 96252K [0x0000000080000000, 0x0000000100000000)
  region size 1024K, 43 young (44032K), 3 survivors (3072K)
 Metaspace       used 60581K, committed 61248K, reserved 491520K
  class space    used 8414K, committed 8704K, reserved 425984K
}
Event: 1247.826 GC heap after
{Heap after GC invocations=36 (full 0):
 garbage-first heap   total 115712K, used 57420K [0x0000000080000000, 0x0000000100000000)
  region size 1024K, 4 young (4096K), 4 survivors (4096K)
 Metaspace       used 60581K, committed 61248K, reserved 491520K
  class space    used 8414K, committed 8704K, reserved 425984K
}
Event: 1345.679 GC heap before
{Heap before GC invocations=36 (full 0):
 garbage-first heap   total 115712K, used 96332K [0x0000000080000000, 0x0000000100000000)
  region size 1024K, 43 young (44032K), 4 survivors (4096K)
 Metaspace       used 60641K, committed 61248K, reserved 491520K
  class space    used 8416K, committed 8704K, reserved 425984K
}
Event: 1345.739 GC heap after
{Heap after GC invocations=37 (full 0):
 garbage-first heap   total 115712K, used 57547K [0x0000000080000000, 0x0000000100000000)
  region size 1024K, 4 young (4096K), 4 survivors (4096K)
 Metaspace       used 60641K, committed 61248K, reserved 491520K
  class space    used 8416K, committed 8704K, reserved 425984K
}
Event: 1382.770 GC heap before
{Heap before GC invocations=38 (full 0):
 garbage-first heap   total 115712K, used 96459K [0x0000000080000000, 0x0000000100000000)
  region size 1024K, 43 young (44032K), 4 survivors (4096K)
 Metaspace       used 63027K, committed 63680K, reserved 491520K
  class space    used 8692K, committed 8960K, reserved 425984K
}
Event: 1382.786 GC heap after
{Heap after GC invocations=39 (full 0):
 garbage-first heap   total 115712K, used 60517K [0x0000000080000000, 0x0000000100000000)
  region size 1024K, 6 young (6144K), 6 survivors (6144K)
 Metaspace       used 63027K, committed 63680K, reserved 491520K
  class space    used 8692K, committed 8960K, reserved 425984K
}
Event: 1459.933 GC heap before
{Heap before GC invocations=39 (full 0):
 garbage-first heap   total 115712K, used 95333K [0x0000000080000000, 0x0000000100000000)
  region size 1024K, 41 young (41984K), 6 survivors (6144K)
 Metaspace       used 63059K, committed 63680K, reserved 491520K
  class space    used 8692K, committed 8960K, reserved 425984K
}
Event: 1459.975 GC heap after
{Heap after GC invocations=40 (full 0):
 garbage-first heap   total 115712K, used 61206K [0x0000000080000000, 0x0000000100000000)
  region size 1024K, 2 young (2048K), 2 survivors (2048K)
 Metaspace       used 63059K, committed 63680K, reserved 491520K
  class space    used 8692K, committed 8960K, reserved 425984K
}
Event: 1567.024 GC heap before
{Heap before GC invocations=41 (full 0):
 garbage-first heap   total 115712K, used 96022K [0x0000000080000000, 0x0000000100000000)
  region size 1024K, 37 young (37888K), 2 survivors (2048K)
 Metaspace       used 63061K, committed 63680K, reserved 491520K
  class space    used 8692K, committed 8960K, reserved 425984K
}
Event: 1567.057 GC heap after
{Heap after GC invocations=42 (full 0):
 garbage-first heap   total 115712K, used 60803K [0x0000000080000000, 0x0000000100000000)
  region size 1024K, 1 young (1024K), 1 survivors (1024K)
 Metaspace       used 63061K, committed 63680K, reserved 491520K
  class space    used 8692K, committed 8960K, reserved 425984K
}
Event: 8634.380 GC heap before
{Heap before GC invocations=42 (full 0):
 garbage-first heap   total 115712K, used 97667K [0x0000000080000000, 0x0000000100000000)
  region size 1024K, 38 young (38912K), 1 survivors (1024K)
 Metaspace       used 63107K, committed 63680K, reserved 491520K
  class space    used 8694K, committed 8960K, reserved 425984K
}
Event: 8636.427 GC heap after
{Heap after GC invocations=43 (full 0):
 garbage-first heap   total 115712K, used 60859K [0x0000000080000000, 0x0000000100000000)
  region size 1024K, 1 young (1024K), 1 survivors (1024K)
 Metaspace       used 63107K, committed 63680K, reserved 491520K
  class space    used 8694K, committed 8960K, reserved 425984K
}
Event: 8656.555 GC heap before
{Heap before GC invocations=43 (full 0):
 garbage-first heap   total 115712K, used 98747K [0x0000000080000000, 0x0000000100000000)
  region size 1024K, 38 young (38912K), 1 survivors (1024K)
 Metaspace       used 63109K, committed 63680K, reserved 491520K
  class space    used 8694K, committed 8960K, reserved 425984K
}
Event: 8657.599 GC heap after
{Heap after GC invocations=44 (full 0):
 garbage-first heap   total 115712K, used 60813K [0x0000000080000000, 0x0000000100000000)
  region size 1024K, 1 young (1024K), 1 survivors (1024K)
 Metaspace       used 63109K, committed 63680K, reserved 491520K
  class space    used 8694K, committed 8960K, reserved 425984K
}
Event: 8661.809 GC heap before
{Heap before GC invocations=44 (full 0):
 garbage-first heap   total 115712K, used 99725K [0x0000000080000000, 0x0000000100000000)
  region size 1024K, 39 young (39936K), 1 survivors (1024K)
 Metaspace       used 63109K, committed 63680K, reserved 491520K
  class space    used 8694K, committed 8960K, reserved 425984K
}
Event: 8662.877 GC heap after
{Heap after GC invocations=45 (full 0):
 garbage-first heap   total 115712K, used 60842K [0x0000000080000000, 0x0000000100000000)
  region size 1024K, 1 young (1024K), 1 survivors (1024K)
 Metaspace       used 63109K, committed 63680K, reserved 491520K
  class space    used 8694K, committed 8960K, reserved 425984K
}
Event: 8669.321 GC heap before
{Heap before GC invocations=45 (full 0):
 garbage-first heap   total 115712K, used 64938K [0x0000000080000000, 0x0000000100000000)
  region size 1024K, 5 young (5120K), 1 survivors (1024K)
 Metaspace       used 63110K, committed 63680K, reserved 491520K
  class space    used 8694K, committed 8960K, reserved 425984K
}

