# JRE version: OpenJDK Runtime Environment Temurin-17.0.15+6 (17.0.15+6) (build 17.0.15+6)
# Java VM: OpenJDK 64-Bit Server VM Temurin-17.0.15+6 (17.0.15+6, mixed mode, sharing, tiered, compressed oops, compressed class ptrs, g1 gc, windows-amd64)
GC Precious Log:
 CPUs: 16 total, 16 available
 Memory: 16088M
 Large Page Support: Disabled
 NUMA Support: Disabled
 Compressed Oops: Enabled (32-bit)
 Heap Region Size: 1M
 Heap Min Capacity: 8M
 Heap Initial Capacity: 252M
 Heap Max Capacity: 2G
 Pre-touch: Disabled
 Parallel Workers: 13
 Concurrent Workers: 3
 Concurrent Refinement Workers: 13
 Periodic GC: Disabled
Heap:
 garbage-first heap   total 162816K, used 56422K [0x0000000080000000, 0x0000000100000000)
  region size 1024K, 1 young (1024K), 1 survivors (1024K)
 Metaspace       used 59349K, committed 59968K, reserved 491520K
  class space    used 8195K, committed 8448K, reserved 425984K
GC Heap History (20 events):
Event: 1163.378 GC heap after
{Heap after GC invocations=34 (full 0):
 garbage-first heap   total 110592K, used 54858K [0x0000000080000000, 0x0000000100000000)
  region size 1024K, 2 young (2048K), 2 survivors (2048K)
 Metaspace       used 58516K, committed 59136K, reserved 491520K
  class space    used 8108K, committed 8384K, reserved 425984K
}
Event: 1275.624 GC heap before
{Heap before GC invocations=35 (full 0):
 garbage-first heap   total 110592K, used 95818K [0x0000000080000000, 0x0000000100000000)
  region size 1024K, 42 young (43008K), 2 survivors (2048K)
 Metaspace       used 58612K, committed 59264K, reserved 491520K
  class space    used 8108K, committed 8384K, reserved 425984K
}
Event: 1275.661 GC heap after
{Heap after GC invocations=36 (full 0):
 garbage-first heap   total 110592K, used 55168K [0x0000000080000000, 0x0000000100000000)
  region size 1024K, 3 young (3072K), 3 survivors (3072K)
 Metaspace       used 58612K, committed 59264K, reserved 491520K
  class space    used 8108K, committed 8384K, reserved 425984K
}
Event: 1378.663 GC heap before
{Heap before GC invocations=36 (full 0):
 garbage-first heap   total 110592K, used 95104K [0x0000000080000000, 0x0000000100000000)
  region size 1024K, 42 young (43008K), 3 survivors (3072K)
 Metaspace       used 58666K, committed 59264K, reserved 491520K
  class space    used 8108K, committed 8384K, reserved 425984K
}
Event: 1379.040 GC heap after
{Heap after GC invocations=37 (full 0):
 garbage-first heap   total 110592K, used 55467K [0x0000000080000000, 0x0000000100000000)
  region size 1024K, 3 young (3072K), 3 survivors (3072K)
 Metaspace       used 58666K, committed 59264K, reserved 491520K
  class space    used 8108K, committed 8384K, reserved 425984K
}
Event: 1917.761 GC heap before
{Heap before GC invocations=38 (full 0):
 garbage-first heap   total 110592K, used 95403K [0x0000000080000000, 0x0000000100000000)
  region size 1024K, 42 young (43008K), 3 survivors (3072K)
 Metaspace       used 59316K, committed 59904K, reserved 491520K
  class space    used 8195K, committed 8448K, reserved 425984K
}
Event: 1917.795 GC heap after
{Heap after GC invocations=39 (full 0):
 garbage-first heap   total 110592K, used 56573K [0x0000000080000000, 0x0000000100000000)
  region size 1024K, 4 young (4096K), 4 survivors (4096K)
 Metaspace       used 59316K, committed 59904K, reserved 491520K
  class space    used 8195K, committed 8448K, reserved 425984K
}
Event: 8537.112 GC heap before
{Heap before GC invocations=39 (full 0):
 garbage-first heap   total 110592K, used 94461K [0x0000000080000000, 0x0000000100000000)
  region size 1024K, 41 young (41984K), 4 survivors (4096K)
 Metaspace       used 59349K, committed 59968K, reserved 491520K
  class space    used 8195K, committed 8448K, reserved 425984K
}
Event: 8541.699 GC heap after
{Heap after GC invocations=40 (full 0):
 garbage-first heap   total 110592K, used 56694K [0x0000000080000000, 0x0000000100000000)
  region size 1024K, 4 young (4096K), 4 survivors (4096K)
 Metaspace       used 59349K, committed 59968K, reserved 491520K
  class space    used 8195K, committed 8448K, reserved 425984K
}
Event: 8554.876 GC heap before
{Heap before GC invocations=40 (full 0):
 garbage-first heap   total 110592K, used 57718K [0x0000000080000000, 0x0000000100000000)
  region size 1024K, 5 young (5120K), 4 survivors (4096K)
 Metaspace       used 59349K, committed 59968K, reserved 491520K
  class space    used 8195K, committed 8448K, reserved 425984K
}
Event: 8556.849 GC heap after
{Heap after GC invocations=41 (full 0):
 garbage-first heap   total 110592K, used 56988K [0x0000000080000000, 0x0000000100000000)
  region size 1024K, 1 young (1024K), 1 survivors (1024K)
 Metaspace       used 59349K, committed 59968K, reserved 491520K
  class space    used 8195K, committed 8448K, reserved 425984K
}
Event: 8558.638 GC heap before
{Heap before GC invocations=41 (full 0):
 garbage-first heap   total 110592K, used 61084K [0x0000000080000000, 0x0000000100000000)
  region size 1024K, 5 young (5120K), 1 survivors (1024K)
 Metaspace       used 59349K, committed 59968K, reserved 491520K
  class space    used 8195K, committed 8448K, reserved 425984K
}
Event: 8560.939 GC heap after
{Heap after GC invocations=42 (full 0):
 garbage-first heap   total 162816K, used 56548K [0x0000000080000000, 0x0000000100000000)
  region size 1024K, 1 young (1024K), 1 survivors (1024K)
 Metaspace       used 59349K, committed 59968K, reserved 491520K
  class space    used 8195K, committed 8448K, reserved 425984K
}
Event: 8564.853 GC heap before
{Heap before GC invocations=42 (full 0):
 garbage-first heap   total 162816K, used 62692K [0x0000000080000000, 0x0000000100000000)
  region size 1024K, 7 young (7168K), 1 survivors (1024K)
 Metaspace       used 59349K, committed 59968K, reserved 491520K
  class space    used 8195K, committed 8448K, reserved 425984K
}
Event: 8566.648 GC heap after
{Heap after GC invocations=43 (full 0):
 garbage-first heap   total 162816K, used 56423K [0x0000000080000000, 0x0000000100000000)
  region size 1024K, 1 young (1024K), 1 survivors (1024K)
 Metaspace       used 59349K, committed 59968K, reserved 491520K
  class space    used 8195K, committed 8448K, reserved 425984K
}
Event: 8569.612 GC heap before
{Heap before GC invocations=43 (full 0):
 garbage-first heap   total 162816K, used 62567K [0x0000000080000000, 0x0000000100000000)
  region size 1024K, 7 young (7168K), 1 survivors (1024K)
 Metaspace       used 59349K, committed 59968K, reserved 491520K
  class space    used 8195K, committed 8448K, reserved 425984K
}
Event: 8571.070 GC heap after
{Heap after GC invocations=44 (full 0):
 garbage-first heap   total 162816K, used 56468K [0x0000000080000000, 0x0000000100000000)
  region size 1024K, 1 young (1024K), 1 survivors (1024K)
 Metaspace       used 59349K, committed 59968K, reserved 491520K
  class space    used 8195K, committed 8448K, reserved 425984K
}
Event: 8571.883 GC heap before
{Heap before GC invocations=44 (full 0):
 garbage-first heap   total 162816K, used 62612K [0x0000000080000000, 0x0000000100000000)
  region size 1024K, 7 young (7168K), 1 survivors (1024K)
 Metaspace       used 59349K, committed 59968K, reserved 491520K
  class space    used 8195K, committed 8448K, reserved 425984K
}
Event: 8572.042 GC heap after
{Heap after GC invocations=45 (full 0):
 garbage-first heap   total 162816K, used 56422K [0x0000000080000000, 0x0000000100000000)
  region size 1024K, 1 young (1024K), 1 survivors (1024K)
 Metaspace       used 59349K, committed 59968K, reserved 491520K
  class space    used 8195K, committed 8448K, reserved 425984K
}
Event: 8572.325 GC heap before
{Heap before GC invocations=45 (full 0):
 garbage-first heap   total 162816K, used 62566K [0x0000000080000000, 0x0000000100000000)
  region size 1024K, 7 young (7168K), 1 survivors (1024K)
 Metaspace       used 59349K, committed 59968K, reserved 491520K
  class space    used 8195K, committed 8448K, reserved 425984K
}

