# JRE version: OpenJDK Runtime Environment Temurin-17.0.15+6 (17.0.15+6) (build 17.0.15+6)
# Java VM: OpenJDK 64-Bit Server VM Temurin-17.0.15+6 (17.0.15+6, mixed mode, sharing, tiered, compressed oops, compressed class ptrs, g1 gc, windows-amd64)
GC Precious Log:
 CPUs: 16 total, 16 available
 Memory: 16088M
 Large Page Support: Disabled
 NUMA Support: Disabled
 Compressed Oops: Enabled (32-bit)
 Heap Region Size: 1M
 Heap Min Capacity: 8M
 Heap Initial Capacity: 252M
 Heap Max Capacity: 2G
 Pre-touch: Disabled
 Parallel Workers: 13
 Concurrent Workers: 3
 Concurrent Refinement Workers: 13
 Periodic GC: Disabled
Heap:
 garbage-first heap   total 114688K, used 53436K [0x0000000080000000, 0x0000000100000000)
  region size 1024K, 1 young (1024K), 1 survivors (1024K)
 Metaspace       used 58547K, committed 59136K, reserved 491520K
  class space    used 8113K, committed 8384K, reserved 425984K
GC Heap History (20 events):
Event: 857.667 GC heap after
{Heap after GC invocations=37 (full 0):
 garbage-first heap   total 91136K, used 52536K [0x0000000080000000, 0x0000000100000000)
  region size 1024K, 1 young (1024K), 1 survivors (1024K)
 Metaspace       used 58345K, committed 58944K, reserved 491520K
  class space    used 8103K, committed 8384K, reserved 425984K
}
Event: 924.831 GC heap before
{Heap before GC invocations=38 (full 0):
 garbage-first heap   total 91136K, used 77112K [0x0000000080000000, 0x0000000100000000)
  region size 1024K, 25 young (25600K), 1 survivors (1024K)
 Metaspace       used 58353K, committed 59008K, reserved 491520K
  class space    used 8103K, committed 8384K, reserved 425984K
}
Event: 924.841 GC heap after
{Heap after GC invocations=39 (full 0):
 garbage-first heap   total 91136K, used 52677K [0x0000000080000000, 0x0000000100000000)
  region size 1024K, 1 young (1024K), 1 survivors (1024K)
 Metaspace       used 58353K, committed 59008K, reserved 491520K
  class space    used 8103K, committed 8384K, reserved 425984K
}
Event: 995.074 GC heap before
{Heap before GC invocations=39 (full 0):
 garbage-first heap   total 91136K, used 78277K [0x0000000080000000, 0x0000000100000000)
  region size 1024K, 26 young (26624K), 1 survivors (1024K)
 Metaspace       used 58359K, committed 59008K, reserved 491520K
  class space    used 8103K, committed 8384K, reserved 425984K
}
Event: 995.125 GC heap after
{Heap after GC invocations=40 (full 0):
 garbage-first heap   total 91136K, used 52807K [0x0000000080000000, 0x0000000100000000)
  region size 1024K, 1 young (1024K), 1 survivors (1024K)
 Metaspace       used 58359K, committed 59008K, reserved 491520K
  class space    used 8103K, committed 8384K, reserved 425984K
}
Event: 1059.319 GC heap before
{Heap before GC invocations=41 (full 0):
 garbage-first heap   total 91136K, used 78407K [0x0000000080000000, 0x0000000100000000)
  region size 1024K, 26 young (26624K), 1 survivors (1024K)
 Metaspace       used 58372K, committed 59008K, reserved 491520K
  class space    used 8103K, committed 8384K, reserved 425984K
}
Event: 1059.327 GC heap after
{Heap after GC invocations=42 (full 0):
 garbage-first heap   total 114688K, used 52980K [0x0000000080000000, 0x0000000100000000)
  region size 1024K, 1 young (1024K), 1 survivors (1024K)
 Metaspace       used 58372K, committed 59008K, reserved 491520K
  class space    used 8103K, committed 8384K, reserved 425984K
}
Event: 1192.894 GC heap before
{Heap before GC invocations=42 (full 0):
 garbage-first heap   total 114688K, used 97012K [0x0000000080000000, 0x0000000100000000)
  region size 1024K, 44 young (45056K), 1 survivors (1024K)
 Metaspace       used 58396K, committed 59072K, reserved 491520K
  class space    used 8103K, committed 8384K, reserved 425984K
}
Event: 1192.917 GC heap after
{Heap after GC invocations=43 (full 0):
 garbage-first heap   total 114688K, used 53189K [0x0000000080000000, 0x0000000100000000)
  region size 1024K, 2 young (2048K), 2 survivors (2048K)
 Metaspace       used 58396K, committed 59072K, reserved 491520K
  class space    used 8103K, committed 8384K, reserved 425984K
}
Event: 8280.429 GC heap before
{Heap before GC invocations=43 (full 0):
 garbage-first heap   total 114688K, used 97221K [0x0000000080000000, 0x0000000100000000)
  region size 1024K, 45 young (46080K), 2 survivors (2048K)
 Metaspace       used 58534K, committed 59136K, reserved 491520K
  class space    used 8111K, committed 8384K, reserved 425984K
}
Event: 8285.203 GC heap after
{Heap after GC invocations=44 (full 0):
 garbage-first heap   total 114688K, used 53465K [0x0000000080000000, 0x0000000100000000)
  region size 1024K, 2 young (2048K), 2 survivors (2048K)
 Metaspace       used 58534K, committed 59136K, reserved 491520K
  class space    used 8111K, committed 8384K, reserved 425984K
}
Event: 8308.300 GC heap before
{Heap before GC invocations=44 (full 0):
 garbage-first heap   total 114688K, used 56537K [0x0000000080000000, 0x0000000100000000)
  region size 1024K, 5 young (5120K), 2 survivors (2048K)
 Metaspace       used 58538K, committed 59136K, reserved 491520K
  class space    used 8112K, committed 8384K, reserved 425984K
}
Event: 8309.660 GC heap after
{Heap after GC invocations=45 (full 0):
 garbage-first heap   total 114688K, used 53473K [0x0000000080000000, 0x0000000100000000)
  region size 1024K, 1 young (1024K), 1 survivors (1024K)
 Metaspace       used 58538K, committed 59136K, reserved 491520K
  class space    used 8112K, committed 8384K, reserved 425984K
}
Event: 8316.884 GC heap before
{Heap before GC invocations=45 (full 0):
 garbage-first heap   total 114688K, used 57569K [0x0000000080000000, 0x0000000100000000)
  region size 1024K, 5 young (5120K), 1 survivors (1024K)
 Metaspace       used 58543K, committed 59136K, reserved 491520K
  class space    used 8112K, committed 8384K, reserved 425984K
}
Event: 8318.095 GC heap after
{Heap after GC invocations=46 (full 0):
 garbage-first heap   total 114688K, used 53472K [0x0000000080000000, 0x0000000100000000)
  region size 1024K, 1 young (1024K), 1 survivors (1024K)
 Metaspace       used 58543K, committed 59136K, reserved 491520K
  class space    used 8112K, committed 8384K, reserved 425984K
}
Event: 8321.833 GC heap before
{Heap before GC invocations=46 (full 0):
 garbage-first heap   total 114688K, used 57568K [0x0000000080000000, 0x0000000100000000)
  region size 1024K, 5 young (5120K), 1 survivors (1024K)
 Metaspace       used 58547K, committed 59136K, reserved 491520K
  class space    used 8113K, committed 8384K, reserved 425984K
}
Event: 8321.886 GC heap after
{Heap after GC invocations=47 (full 0):
 garbage-first heap   total 114688K, used 53531K [0x0000000080000000, 0x0000000100000000)
  region size 1024K, 1 young (1024K), 1 survivors (1024K)
 Metaspace       used 58547K, committed 59136K, reserved 491520K
  class space    used 8113K, committed 8384K, reserved 425984K
}
Event: 8322.476 GC heap before
{Heap before GC invocations=47 (full 0):
 garbage-first heap   total 114688K, used 57627K [0x0000000080000000, 0x0000000100000000)
  region size 1024K, 5 young (5120K), 1 survivors (1024K)
 Metaspace       used 58547K, committed 59136K, reserved 491520K
  class space    used 8113K, committed 8384K, reserved 425984K
}
Event: 8323.036 GC heap after
{Heap after GC invocations=48 (full 0):
 garbage-first heap   total 114688K, used 53457K [0x0000000080000000, 0x0000000100000000)
  region size 1024K, 1 young (1024K), 1 survivors (1024K)
 Metaspace       used 58547K, committed 59136K, reserved 491520K
  class space    used 8113K, committed 8384K, reserved 425984K
}
Event: 8323.478 GC heap before
{Heap before GC invocations=48 (full 0):
 garbage-first heap   total 114688K, used 57553K [0x0000000080000000, 0x0000000100000000)
  region size 1024K, 5 young (5120K), 1 survivors (1024K)
 Metaspace       used 58547K, committed 59136K, reserved 491520K
  class space    used 8113K, committed 8384K, reserved 425984K
}

