# JRE version: OpenJDK Runtime Environment Temurin-17.0.15+6 (17.0.15+6) (build 17.0.15+6)
# Java VM: OpenJDK 64-Bit Server VM Temurin-17.0.15+6 (17.0.15+6, mixed mode, sharing, tiered, compressed oops, compressed class ptrs, g1 gc, windows-amd64)
GC Precious Log:
 CPUs: 16 total, 16 available
 Memory: 16088M
 Large Page Support: Disabled
 NUMA Support: Disabled
 Compressed Oops: Enabled (32-bit)
 Heap Region Size: 1M
 Heap Min Capacity: 8M
 Heap Initial Capacity: 252M
 Heap Max Capacity: 2G
 Pre-touch: Disabled
 Parallel Workers: 13
 Concurrent Workers: 3
 Concurrent Refinement Workers: 13
 Periodic GC: Disabled
Heap:
 garbage-first heap   total 113664K, used 54057K [0x0000000080000000, 0x0000000100000000)
  region size 1024K, 1 young (1024K), 1 survivors (1024K)
 Metaspace       used 58526K, committed 59136K, reserved 491520K
  class space    used 8110K, committed 8384K, reserved 425984K
GC Heap History (20 events):
Event: 772.621 GC heap after
{Heap after GC invocations=23 (full 0):
 garbage-first heap   total 92160K, used 54278K [0x0000000080000000, 0x0000000100000000)
  region size 1024K, 1 young (1024K), 1 survivors (1024K)
 Metaspace       used 58295K, committed 58944K, reserved 491520K
  class space    used 8094K, committed 8384K, reserved 425984K
}
Event: 827.912 GC heap before
{Heap before GC invocations=24 (full 0):
 garbage-first heap   total 94208K, used 76806K [0x0000000080000000, 0x0000000100000000)
  region size 1024K, 23 young (23552K), 1 survivors (1024K)
 Metaspace       used 58352K, committed 58944K, reserved 491520K
  class space    used 8100K, committed 8384K, reserved 425984K
}
Event: 827.915 GC heap after
{Heap after GC invocations=25 (full 0):
 garbage-first heap   total 94208K, used 54441K [0x0000000080000000, 0x0000000100000000)
  region size 1024K, 1 young (1024K), 1 survivors (1024K)
 Metaspace       used 58352K, committed 58944K, reserved 491520K
  class space    used 8100K, committed 8384K, reserved 425984K
}
Event: 838.952 GC heap before
{Heap before GC invocations=25 (full 0):
 garbage-first heap   total 94208K, used 56489K [0x0000000080000000, 0x0000000100000000)
  region size 1024K, 4 young (4096K), 1 survivors (1024K)
 Metaspace       used 58353K, committed 58944K, reserved 491520K
  class space    used 8100K, committed 8384K, reserved 425984K
}
Event: 838.958 GC heap after
{Heap after GC invocations=26 (full 0):
 garbage-first heap   total 94208K, used 54406K [0x0000000080000000, 0x0000000100000000)
  region size 1024K, 1 young (1024K), 1 survivors (1024K)
 Metaspace       used 58353K, committed 58944K, reserved 491520K
  class space    used 8100K, committed 8384K, reserved 425984K
}
Event: 912.118 GC heap before
{Heap before GC invocations=26 (full 0):
 garbage-first heap   total 94208K, used 77958K [0x0000000080000000, 0x0000000100000000)
  region size 1024K, 24 young (24576K), 1 survivors (1024K)
 Metaspace       used 58360K, committed 58944K, reserved 491520K
  class space    used 8100K, committed 8384K, reserved 425984K
}
Event: 912.155 GC heap after
{Heap after GC invocations=27 (full 0):
 garbage-first heap   total 94208K, used 54608K [0x0000000080000000, 0x0000000100000000)
  region size 1024K, 1 young (1024K), 1 survivors (1024K)
 Metaspace       used 58360K, committed 58944K, reserved 491520K
  class space    used 8100K, committed 8384K, reserved 425984K
}
Event: 7984.514 GC heap before
{Heap before GC invocations=28 (full 0):
 garbage-first heap   total 94208K, used 79184K [0x0000000080000000, 0x0000000100000000)
  region size 1024K, 25 young (25600K), 1 survivors (1024K)
 Metaspace       used 58420K, committed 59072K, reserved 491520K
  class space    used 8104K, committed 8384K, reserved 425984K
}
Event: 7984.570 GC heap after
{Heap after GC invocations=29 (full 0):
 garbage-first heap   total 113664K, used 54668K [0x0000000080000000, 0x0000000100000000)
  region size 1024K, 1 young (1024K), 1 survivors (1024K)
 Metaspace       used 58420K, committed 59072K, reserved 491520K
  class space    used 8104K, committed 8384K, reserved 425984K
}
Event: 7985.803 GC heap before
{Heap before GC invocations=29 (full 0):
 garbage-first heap   total 113664K, used 58764K [0x0000000080000000, 0x0000000100000000)
  region size 1024K, 5 young (5120K), 1 survivors (1024K)
 Metaspace       used 58430K, committed 59072K, reserved 491520K
  class space    used 8104K, committed 8384K, reserved 425984K
}
Event: 7985.814 GC heap after
{Heap after GC invocations=30 (full 0):
 garbage-first heap   total 113664K, used 53996K [0x0000000080000000, 0x0000000100000000)
  region size 1024K, 1 young (1024K), 1 survivors (1024K)
 Metaspace       used 58430K, committed 59072K, reserved 491520K
  class space    used 8104K, committed 8384K, reserved 425984K
}
Event: 7992.168 GC heap before
{Heap before GC invocations=30 (full 0):
 garbage-first heap   total 113664K, used 94956K [0x0000000080000000, 0x0000000100000000)
  region size 1024K, 41 young (41984K), 1 survivors (1024K)
 Metaspace       used 58493K, committed 59072K, reserved 491520K
  class space    used 8107K, committed 8384K, reserved 425984K
}
Event: 7992.750 GC heap after
{Heap after GC invocations=31 (full 0):
 garbage-first heap   total 113664K, used 53982K [0x0000000080000000, 0x0000000100000000)
  region size 1024K, 1 young (1024K), 1 survivors (1024K)
 Metaspace       used 58493K, committed 59072K, reserved 491520K
  class space    used 8107K, committed 8384K, reserved 425984K
}
Event: 7997.743 GC heap before
{Heap before GC invocations=31 (full 0):
 garbage-first heap   total 113664K, used 95966K [0x0000000080000000, 0x0000000100000000)
  region size 1024K, 42 young (43008K), 1 survivors (1024K)
 Metaspace       used 58497K, committed 59136K, reserved 491520K
  class space    used 8108K, committed 8384K, reserved 425984K
}
Event: 7998.736 GC heap after
{Heap after GC invocations=32 (full 0):
 garbage-first heap   total 113664K, used 54099K [0x0000000080000000, 0x0000000100000000)
  region size 1024K, 1 young (1024K), 1 survivors (1024K)
 Metaspace       used 58497K, committed 59136K, reserved 491520K
  class space    used 8108K, committed 8384K, reserved 425984K
}
Event: 8014.896 GC heap before
{Heap before GC invocations=32 (full 0):
 garbage-first heap   total 113664K, used 97107K [0x0000000080000000, 0x0000000100000000)
  region size 1024K, 43 young (44032K), 1 survivors (1024K)
 Metaspace       used 58521K, committed 59136K, reserved 491520K
  class space    used 8109K, committed 8384K, reserved 425984K
}
Event: 8016.057 GC heap after
{Heap after GC invocations=33 (full 0):
 garbage-first heap   total 113664K, used 54120K [0x0000000080000000, 0x0000000100000000)
  region size 1024K, 1 young (1024K), 1 survivors (1024K)
 Metaspace       used 58521K, committed 59136K, reserved 491520K
  class space    used 8109K, committed 8384K, reserved 425984K
}
Event: 8018.771 GC heap before
{Heap before GC invocations=33 (full 0):
 garbage-first heap   total 113664K, used 58216K [0x0000000080000000, 0x0000000100000000)
  region size 1024K, 5 young (5120K), 1 survivors (1024K)
 Metaspace       used 58522K, committed 59136K, reserved 491520K
  class space    used 8109K, committed 8384K, reserved 425984K
}
Event: 8020.099 GC heap after
{Heap after GC invocations=34 (full 0):
 garbage-first heap   total 113664K, used 54083K [0x0000000080000000, 0x0000000100000000)
  region size 1024K, 1 young (1024K), 1 survivors (1024K)
 Metaspace       used 58522K, committed 59136K, reserved 491520K
  class space    used 8109K, committed 8384K, reserved 425984K
}
Event: 8029.144 GC heap before
{Heap before GC invocations=34 (full 0):
 garbage-first heap   total 113664K, used 58179K [0x0000000080000000, 0x0000000100000000)
  region size 1024K, 5 young (5120K), 1 survivors (1024K)
 Metaspace       used 58526K, committed 59136K, reserved 491520K
  class space    used 8110K, committed 8384K, reserved 425984K
}

