# JRE version: OpenJDK Runtime Environment Temurin-17.0.15+6 (17.0.15+6) (build 17.0.15+6)
# Java VM: OpenJDK 64-Bit Server VM Temurin-17.0.15+6 (17.0.15+6, mixed mode, sharing, tiered, compressed oops, compressed class ptrs, g1 gc, windows-amd64)
GC Precious Log:
 CPUs: 16 total, 16 available
 Memory: 16088M
 Large Page Support: Disabled
 NUMA Support: Disabled
 Compressed Oops: Enabled (32-bit)
 Heap Region Size: 1M
 Heap Min Capacity: 8M
 Heap Initial Capacity: 252M
 Heap Max Capacity: 2G
 Pre-touch: Disabled
 Parallel Workers: 13
 Concurrent Workers: 3
 Concurrent Refinement Workers: 13
 Periodic GC: Disabled
Heap:
 garbage-first heap   total 158720K, used 54595K [0x0000000080000000, 0x0000000100000000)
  region size 1024K, 1 young (1024K), 1 survivors (1024K)
 Metaspace       used 58542K, committed 59136K, reserved 491520K
  class space    used 8104K, committed 8384K, reserved 425984K
GC Heap History (20 events):
Event: 623.007 GC heap after
{Heap after GC invocations=14 (full 0):
 garbage-first heap   total 158720K, used 36376K [0x0000000080000000, 0x0000000100000000)
  region size 1024K, 5 young (5120K), 5 survivors (5120K)
 Metaspace       used 42606K, committed 43136K, reserved 491520K
  class space    used 5897K, committed 6144K, reserved 425984K
}
Event: 639.449 GC heap before
{Heap before GC invocations=14 (full 0):
 garbage-first heap   total 158720K, used 124440K [0x0000000080000000, 0x0000000100000000)
  region size 1024K, 85 young (87040K), 5 survivors (5120K)
 Metaspace       used 50767K, committed 51328K, reserved 491520K
  class space    used 7047K, committed 7296K, reserved 425984K
}
Event: 639.459 GC heap after
{Heap after GC invocations=15 (full 0):
 garbage-first heap   total 158720K, used 48393K [0x0000000080000000, 0x0000000100000000)
  region size 1024K, 11 young (11264K), 11 survivors (11264K)
 Metaspace       used 50767K, committed 51328K, reserved 491520K
  class space    used 7047K, committed 7296K, reserved 425984K
}
Event: 651.845 GC heap before
{Heap before GC invocations=15 (full 0):
 garbage-first heap   total 158720K, used 121097K [0x0000000080000000, 0x0000000100000000)
  region size 1024K, 82 young (83968K), 11 survivors (11264K)
 Metaspace       used 57197K, committed 57792K, reserved 491520K
  class space    used 7907K, committed 8192K, reserved 425984K
}
Event: 651.871 GC heap after
{Heap after GC invocations=16 (full 0):
 garbage-first heap   total 158720K, used 52700K [0x0000000080000000, 0x0000000100000000)
  region size 1024K, 11 young (11264K), 11 survivors (11264K)
 Metaspace       used 57197K, committed 57792K, reserved 491520K
  class space    used 7907K, committed 8192K, reserved 425984K
}
Event: 791.280 GC heap before
{Heap before GC invocations=16 (full 0):
 garbage-first heap   total 158720K, used 123356K [0x0000000080000000, 0x0000000100000000)
  region size 1024K, 80 young (81920K), 11 survivors (11264K)
 Metaspace       used 58434K, committed 59072K, reserved 491520K
  class space    used 8100K, committed 8384K, reserved 425984K
}
Event: 791.355 GC heap after
{Heap after GC invocations=17 (full 0):
 garbage-first heap   total 158720K, used 54286K [0x0000000080000000, 0x0000000100000000)
  region size 1024K, 7 young (7168K), 7 survivors (7168K)
 Metaspace       used 58434K, committed 59072K, reserved 491520K
  class space    used 8100K, committed 8384K, reserved 425984K
}
Event: 991.720 GC heap before
{Heap before GC invocations=17 (full 0):
 garbage-first heap   total 158720K, used 126990K [0x0000000080000000, 0x0000000100000000)
  region size 1024K, 78 young (79872K), 7 survivors (7168K)
 Metaspace       used 58446K, committed 59072K, reserved 491520K
  class space    used 8100K, committed 8384K, reserved 425984K
}
Event: 991.819 GC heap after
{Heap after GC invocations=18 (full 0):
 garbage-first heap   total 158720K, used 54796K [0x0000000080000000, 0x0000000100000000)
  region size 1024K, 3 young (3072K), 3 survivors (3072K)
 Metaspace       used 58446K, committed 59072K, reserved 491520K
  class space    used 8100K, committed 8384K, reserved 425984K
}
Event: 8183.599 GC heap before
{Heap before GC invocations=18 (full 0):
 garbage-first heap   total 158720K, used 128524K [0x0000000080000000, 0x0000000100000000)
  region size 1024K, 75 young (76800K), 3 survivors (3072K)
 Metaspace       used 58541K, committed 59136K, reserved 491520K
  class space    used 8104K, committed 8384K, reserved 425984K
}
Event: 8190.161 GC heap after
{Heap after GC invocations=19 (full 0):
 garbage-first heap   total 158720K, used 54786K [0x0000000080000000, 0x0000000100000000)
  region size 1024K, 3 young (3072K), 3 survivors (3072K)
 Metaspace       used 58541K, committed 59136K, reserved 491520K
  class space    used 8104K, committed 8384K, reserved 425984K
}
Event: 8197.284 GC heap before
{Heap before GC invocations=19 (full 0):
 garbage-first heap   total 158720K, used 58882K [0x0000000080000000, 0x0000000100000000)
  region size 1024K, 7 young (7168K), 3 survivors (3072K)
 Metaspace       used 58541K, committed 59136K, reserved 491520K
  class space    used 8104K, committed 8384K, reserved 425984K
}
Event: 8201.224 GC heap after
{Heap after GC invocations=20 (full 0):
 garbage-first heap   total 158720K, used 54877K [0x0000000080000000, 0x0000000100000000)
  region size 1024K, 1 young (1024K), 1 survivors (1024K)
 Metaspace       used 58541K, committed 59136K, reserved 491520K
  class space    used 8104K, committed 8384K, reserved 425984K
}
Event: 8205.774 GC heap before
{Heap before GC invocations=20 (full 0):
 garbage-first heap   total 158720K, used 61021K [0x0000000080000000, 0x0000000100000000)
  region size 1024K, 7 young (7168K), 1 survivors (1024K)
 Metaspace       used 58542K, committed 59136K, reserved 491520K
  class space    used 8104K, committed 8384K, reserved 425984K
}
Event: 8207.249 GC heap after
{Heap after GC invocations=21 (full 0):
 garbage-first heap   total 158720K, used 54663K [0x0000000080000000, 0x0000000100000000)
  region size 1024K, 1 young (1024K), 1 survivors (1024K)
 Metaspace       used 58542K, committed 59136K, reserved 491520K
  class space    used 8104K, committed 8384K, reserved 425984K
}
Event: 8208.555 GC heap before
{Heap before GC invocations=21 (full 0):
 garbage-first heap   total 158720K, used 60807K [0x0000000080000000, 0x0000000100000000)
  region size 1024K, 7 young (7168K), 1 survivors (1024K)
 Metaspace       used 58542K, committed 59136K, reserved 491520K
  class space    used 8104K, committed 8384K, reserved 425984K
}
Event: 8211.888 GC heap after
{Heap after GC invocations=22 (full 0):
 garbage-first heap   total 158720K, used 54590K [0x0000000080000000, 0x0000000100000000)
  region size 1024K, 1 young (1024K), 1 survivors (1024K)
 Metaspace       used 58542K, committed 59136K, reserved 491520K
  class space    used 8104K, committed 8384K, reserved 425984K
}
Event: 8212.652 GC heap before
{Heap before GC invocations=22 (full 0):
 garbage-first heap   total 158720K, used 60734K [0x0000000080000000, 0x0000000100000000)
  region size 1024K, 7 young (7168K), 1 survivors (1024K)
 Metaspace       used 58542K, committed 59136K, reserved 491520K
  class space    used 8104K, committed 8384K, reserved 425984K
}
Event: 8214.872 GC heap after
{Heap after GC invocations=23 (full 0):
 garbage-first heap   total 158720K, used 54573K [0x0000000080000000, 0x0000000100000000)
  region size 1024K, 1 young (1024K), 1 survivors (1024K)
 Metaspace       used 58542K, committed 59136K, reserved 491520K
  class space    used 8104K, committed 8384K, reserved 425984K
}
Event: 8215.884 GC heap before
{Heap before GC invocations=23 (full 0):
 garbage-first heap   total 158720K, used 60717K [0x0000000080000000, 0x0000000100000000)
  region size 1024K, 7 young (7168K), 1 survivors (1024K)
 Metaspace       used 58542K, committed 59136K, reserved 491520K
  class space    used 8104K, committed 8384K, reserved 425984K
}

