# JRE version: OpenJDK Runtime Environment Temurin-17.0.15+6 (17.0.15+6) (build 17.0.15+6)
# Java VM: OpenJDK 64-Bit Server VM Temurin-17.0.15+6 (17.0.15+6, mixed mode, sharing, tiered, compressed oops, compressed class ptrs, g1 gc, windows-amd64)
GC Precious Log:
 CPUs: 16 total, 16 available
 Memory: 16088M
 Large Page Support: Disabled
 NUMA Support: Disabled
 Compressed Oops: Enabled (32-bit)
 Heap Region Size: 1M
 Heap Min Capacity: 8M
 Heap Initial Capacity: 252M
 Heap Max Capacity: 2G
 Pre-touch: Disabled
 Parallel Workers: 13
 Concurrent Workers: 3
 Concurrent Refinement Workers: 13
 Periodic GC: Disabled
Heap:
 garbage-first heap   total 296960K, used 196819K [0x0000000080000000, 0x0000000100000000)
  region size 1024K, 1 young (1024K), 1 survivors (1024K)
 Metaspace       used 102617K, committed 103872K, reserved 557056K
  class space    used 14054K, committed 14656K, reserved 425984K
GC Heap History (20 events):
Event: 1292.813 GC heap after
{Heap after GC invocations=77 (full 0):
 garbage-first heap   total 296960K, used 194368K [0x0000000080000000, 0x0000000100000000)
  region size 1024K, 2 young (2048K), 2 survivors (2048K)
 Metaspace       used 102518K, committed 103808K, reserved 557056K
  class space    used 14048K, committed 14656K, reserved 425984K
}
Event: 1458.160 GC heap before
{Heap before GC invocations=77 (full 0):
 garbage-first heap   total 296960K, used 228160K [0x0000000080000000, 0x0000000100000000)
  region size 1024K, 35 young (35840K), 2 survivors (2048K)
 Metaspace       used 102583K, committed 103872K, reserved 557056K
  class space    used 14052K, committed 14656K, reserved 425984K
}
Event: 1458.209 GC heap after
{Heap after GC invocations=78 (full 0):
 garbage-first heap   total 296960K, used 195996K [0x0000000080000000, 0x0000000100000000)
  region size 1024K, 4 young (4096K), 4 survivors (4096K)
 Metaspace       used 102583K, committed 103872K, reserved 557056K
  class space    used 14052K, committed 14656K, reserved 425984K
}
Event: 1529.983 GC heap before
{Heap before GC invocations=78 (full 0):
 garbage-first heap   total 296960K, used 226716K [0x0000000080000000, 0x0000000100000000)
  region size 1024K, 34 young (34816K), 4 survivors (4096K)
 Metaspace       used 102584K, committed 103872K, reserved 557056K
  class space    used 14052K, committed 14656K, reserved 425984K
}
Event: 1530.036 GC heap after
{Heap after GC invocations=79 (full 0):
 garbage-first heap   total 296960K, used 196425K [0x0000000080000000, 0x0000000100000000)
  region size 1024K, 3 young (3072K), 3 survivors (3072K)
 Metaspace       used 102584K, committed 103872K, reserved 557056K
  class space    used 14052K, committed 14656K, reserved 425984K
}
Event: 1686.332 GC heap before
{Heap before GC invocations=79 (full 0):
 garbage-first heap   total 296960K, used 255817K [0x0000000080000000, 0x0000000100000000)
  region size 1024K, 62 young (63488K), 3 survivors (3072K)
 Metaspace       used 102584K, committed 103872K, reserved 557056K
  class space    used 14052K, committed 14656K, reserved 425984K
}
Event: 1686.413 GC heap after
{Heap after GC invocations=80 (full 0):
 garbage-first heap   total 296960K, used 196902K [0x0000000080000000, 0x0000000100000000)
  region size 1024K, 4 young (4096K), 4 survivors (4096K)
 Metaspace       used 102584K, committed 103872K, reserved 557056K
  class space    used 14052K, committed 14656K, reserved 425984K
}
Event: 1859.017 GC heap before
{Heap before GC invocations=80 (full 0):
 garbage-first heap   total 296960K, used 257318K [0x0000000080000000, 0x0000000100000000)
  region size 1024K, 64 young (65536K), 4 survivors (4096K)
 Metaspace       used 102590K, committed 103872K, reserved 557056K
  class space    used 14052K, committed 14656K, reserved 425984K
}
Event: 1859.085 GC heap after
{Heap after GC invocations=81 (full 0):
 garbage-first heap   total 296960K, used 197145K [0x0000000080000000, 0x0000000100000000)
  region size 1024K, 4 young (4096K), 4 survivors (4096K)
 Metaspace       used 102590K, committed 103872K, reserved 557056K
  class space    used 14052K, committed 14656K, reserved 425984K
}
Event: 9004.602 GC heap before
{Heap before GC invocations=81 (full 0):
 garbage-first heap   total 296960K, used 259609K [0x0000000080000000, 0x0000000100000000)
  region size 1024K, 65 young (66560K), 4 survivors (4096K)
 Metaspace       used 102609K, committed 103872K, reserved 557056K
  class space    used 14054K, committed 14656K, reserved 425984K
}
Event: 9007.691 GC heap after
{Heap after GC invocations=82 (full 0):
 garbage-first heap   total 296960K, used 197127K [0x0000000080000000, 0x0000000100000000)
  region size 1024K, 4 young (4096K), 4 survivors (4096K)
 Metaspace       used 102609K, committed 103872K, reserved 557056K
  class space    used 14054K, committed 14656K, reserved 425984K
}
Event: 9018.288 GC heap before
{Heap before GC invocations=82 (full 0):
 garbage-first heap   total 296960K, used 207367K [0x0000000080000000, 0x0000000100000000)
  region size 1024K, 14 young (14336K), 4 survivors (4096K)
 Metaspace       used 102615K, committed 103872K, reserved 557056K
  class space    used 14054K, committed 14656K, reserved 425984K
}
Event: 9024.096 GC heap after
{Heap after GC invocations=83 (full 0):
 garbage-first heap   total 296960K, used 197155K [0x0000000080000000, 0x0000000100000000)
  region size 1024K, 2 young (2048K), 2 survivors (2048K)
 Metaspace       used 102615K, committed 103872K, reserved 557056K
  class space    used 14054K, committed 14656K, reserved 425984K
}
Event: 9030.696 GC heap before
{Heap before GC invocations=83 (full 0):
 garbage-first heap   total 296960K, used 209443K [0x0000000080000000, 0x0000000100000000)
  region size 1024K, 14 young (14336K), 2 survivors (2048K)
 Metaspace       used 102617K, committed 103872K, reserved 557056K
  class space    used 14054K, committed 14656K, reserved 425984K
}
Event: 9035.289 GC heap after
{Heap after GC invocations=84 (full 0):
 garbage-first heap   total 296960K, used 196877K [0x0000000080000000, 0x0000000100000000)
  region size 1024K, 2 young (2048K), 2 survivors (2048K)
 Metaspace       used 102617K, committed 103872K, reserved 557056K
  class space    used 14054K, committed 14656K, reserved 425984K
}
Event: 9039.208 GC heap before
{Heap before GC invocations=84 (full 0):
 garbage-first heap   total 296960K, used 209165K [0x0000000080000000, 0x0000000100000000)
  region size 1024K, 14 young (14336K), 2 survivors (2048K)
 Metaspace       used 102617K, committed 103872K, reserved 557056K
  class space    used 14054K, committed 14656K, reserved 425984K
}
Event: 9041.163 GC heap after
{Heap after GC invocations=85 (full 0):
 garbage-first heap   total 296960K, used 196823K [0x0000000080000000, 0x0000000100000000)
  region size 1024K, 1 young (1024K), 1 survivors (1024K)
 Metaspace       used 102617K, committed 103872K, reserved 557056K
  class space    used 14054K, committed 14656K, reserved 425984K
}
Event: 9042.359 GC heap before
{Heap before GC invocations=85 (full 0):
 garbage-first heap   total 296960K, used 210135K [0x0000000080000000, 0x0000000100000000)
  region size 1024K, 14 young (14336K), 1 survivors (1024K)
 Metaspace       used 102617K, committed 103872K, reserved 557056K
  class space    used 14054K, committed 14656K, reserved 425984K
}
Event: 9045.388 GC heap after
{Heap after GC invocations=86 (full 0):
 garbage-first heap   total 296960K, used 196813K [0x0000000080000000, 0x0000000100000000)
  region size 1024K, 1 young (1024K), 1 survivors (1024K)
 Metaspace       used 102617K, committed 103872K, reserved 557056K
  class space    used 14054K, committed 14656K, reserved 425984K
}
Event: 9047.112 GC heap before
{Heap before GC invocations=86 (full 0):
 garbage-first heap   total 296960K, used 210125K [0x0000000080000000, 0x0000000100000000)
  region size 1024K, 14 young (14336K), 1 survivors (1024K)
 Metaspace       used 102617K, committed 103872K, reserved 557056K
  class space    used 14054K, committed 14656K, reserved 425984K
}

