# JRE version: OpenJDK Runtime Environment Temurin-17.0.15+6 (17.0.15+6) (build 17.0.15+6)
# Java VM: OpenJDK 64-Bit Server VM Temurin-17.0.15+6 (17.0.15+6, mixed mode, sharing, tiered, compressed oops, compressed class ptrs, g1 gc, windows-amd64)
GC Precious Log:
 CPUs: 16 total, 16 available
 Memory: 16088M
 Large Page Support: Disabled
 NUMA Support: Disabled
 Compressed Oops: Enabled (32-bit)
 Heap Region Size: 1M
 Heap Min Capacity: 8M
 Heap Initial Capacity: 252M
 Heap Max Capacity: 2G
 Pre-touch: Disabled
 Parallel Workers: 13
 Concurrent Workers: 3
 Concurrent Refinement Workers: 13
 Periodic GC: Disabled
Heap:
 garbage-first heap   total 258048K, used 200666K [0x0000000080000000, 0x0000000100000000)
  region size 1024K, 2 young (2048K), 2 survivors (2048K)
 Metaspace       used 102609K, committed 103872K, reserved 557056K
  class space    used 14039K, committed 14656K, reserved 425984K
GC Heap History (20 events):
Event: 1653.828 GC heap after
{Heap after GC invocations=60 (full 0):
 garbage-first heap   total 257024K, used 200137K [0x0000000080000000, 0x0000000100000000)
  region size 1024K, 1 young (1024K), 1 survivors (1024K)
 Metaspace       used 102583K, committed 103872K, reserved 557056K
  class space    used 14038K, committed 14656K, reserved 425984K
}
Event: 1726.243 GC heap before
{Heap before GC invocations=60 (full 0):
 garbage-first heap   total 257024K, used 226761K [0x0000000080000000, 0x0000000100000000)
  region size 1024K, 27 young (27648K), 1 survivors (1024K)
 Metaspace       used 102583K, committed 103872K, reserved 557056K
  class space    used 14038K, committed 14656K, reserved 425984K
}
Event: 1726.293 GC heap after
{Heap after GC invocations=61 (full 0):
 garbage-first heap   total 257024K, used 200280K [0x0000000080000000, 0x0000000100000000)
  region size 1024K, 1 young (1024K), 1 survivors (1024K)
 Metaspace       used 102583K, committed 103872K, reserved 557056K
  class space    used 14038K, committed 14656K, reserved 425984K
}
Event: 1795.395 GC heap before
{Heap before GC invocations=61 (full 0):
 garbage-first heap   total 257024K, used 227928K [0x0000000080000000, 0x0000000100000000)
  region size 1024K, 28 young (28672K), 1 survivors (1024K)
 Metaspace       used 102584K, committed 103872K, reserved 557056K
  class space    used 14038K, committed 14656K, reserved 425984K
}
Event: 1795.405 GC heap after
{Heap after GC invocations=62 (full 0):
 garbage-first heap   total 257024K, used 200351K [0x0000000080000000, 0x0000000100000000)
  region size 1024K, 2 young (2048K), 2 survivors (2048K)
 Metaspace       used 102584K, committed 103872K, reserved 557056K
  class space    used 14038K, committed 14656K, reserved 425984K
}
Event: 1871.129 GC heap before
{Heap before GC invocations=62 (full 0):
 garbage-first heap   total 257024K, used 225951K [0x0000000080000000, 0x0000000100000000)
  region size 1024K, 28 young (28672K), 2 survivors (2048K)
 Metaspace       used 102584K, committed 103872K, reserved 557056K
  class space    used 14038K, committed 14656K, reserved 425984K
}
Event: 1871.260 GC heap after
{Heap after GC invocations=63 (full 0):
 garbage-first heap   total 257024K, used 200429K [0x0000000080000000, 0x0000000100000000)
  region size 1024K, 2 young (2048K), 2 survivors (2048K)
 Metaspace       used 102584K, committed 103872K, reserved 557056K
  class space    used 14038K, committed 14656K, reserved 425984K
}
Event: 2385.625 GC heap before
{Heap before GC invocations=63 (full 0):
 garbage-first heap   total 257024K, used 227053K [0x0000000080000000, 0x0000000100000000)
  region size 1024K, 28 young (28672K), 2 survivors (2048K)
 Metaspace       used 102588K, committed 103872K, reserved 557056K
  class space    used 14038K, committed 14656K, reserved 425984K
}
Event: 2385.668 GC heap after
{Heap after GC invocations=64 (full 0):
 garbage-first heap   total 257024K, used 200585K [0x0000000080000000, 0x0000000100000000)
  region size 1024K, 2 young (2048K), 2 survivors (2048K)
 Metaspace       used 102588K, committed 103872K, reserved 557056K
  class space    used 14038K, committed 14656K, reserved 425984K
}
Event: 8997.020 GC heap before
{Heap before GC invocations=64 (full 0):
 garbage-first heap   total 257024K, used 226185K [0x0000000080000000, 0x0000000100000000)
  region size 1024K, 28 young (28672K), 2 survivors (2048K)
 Metaspace       used 102601K, committed 103872K, reserved 557056K
  class space    used 14039K, committed 14656K, reserved 425984K
}
Event: 8997.109 GC heap after
{Heap after GC invocations=65 (full 0):
 garbage-first heap   total 257024K, used 200597K [0x0000000080000000, 0x0000000100000000)
  region size 1024K, 2 young (2048K), 2 survivors (2048K)
 Metaspace       used 102601K, committed 103872K, reserved 557056K
  class space    used 14039K, committed 14656K, reserved 425984K
}
Event: 8997.684 GC heap before
{Heap before GC invocations=65 (full 0):
 garbage-first heap   total 257024K, used 227221K [0x0000000080000000, 0x0000000100000000)
  region size 1024K, 28 young (28672K), 2 survivors (2048K)
 Metaspace       used 102601K, committed 103872K, reserved 557056K
  class space    used 14039K, committed 14656K, reserved 425984K
}
Event: 8997.699 GC heap after
{Heap after GC invocations=66 (full 0):
 garbage-first heap   total 257024K, used 200590K [0x0000000080000000, 0x0000000100000000)
  region size 1024K, 2 young (2048K), 2 survivors (2048K)
 Metaspace       used 102601K, committed 103872K, reserved 557056K
  class space    used 14039K, committed 14656K, reserved 425984K
}
Event: 8999.491 GC heap before
{Heap before GC invocations=66 (full 0):
 garbage-first heap   total 257024K, used 227214K [0x0000000080000000, 0x0000000100000000)
  region size 1024K, 28 young (28672K), 2 survivors (2048K)
 Metaspace       used 102601K, committed 103872K, reserved 557056K
  class space    used 14039K, committed 14656K, reserved 425984K
}
Event: 8999.645 GC heap after
{Heap after GC invocations=67 (full 0):
 garbage-first heap   total 257024K, used 200592K [0x0000000080000000, 0x0000000100000000)
  region size 1024K, 2 young (2048K), 2 survivors (2048K)
 Metaspace       used 102601K, committed 103872K, reserved 557056K
  class space    used 14039K, committed 14656K, reserved 425984K
}
Event: 9007.974 GC heap before
{Heap before GC invocations=67 (full 0):
 garbage-first heap   total 257024K, used 227216K [0x0000000080000000, 0x0000000100000000)
  region size 1024K, 28 young (28672K), 2 survivors (2048K)
 Metaspace       used 102603K, committed 103872K, reserved 557056K
  class space    used 14039K, committed 14656K, reserved 425984K
}
Event: 9010.247 GC heap after
{Heap after GC invocations=68 (full 0):
 garbage-first heap   total 257024K, used 200634K [0x0000000080000000, 0x0000000100000000)
  region size 1024K, 2 young (2048K), 2 survivors (2048K)
 Metaspace       used 102603K, committed 103872K, reserved 557056K
  class space    used 14039K, committed 14656K, reserved 425984K
}
Event: 9025.176 GC heap before
{Heap before GC invocations=68 (full 0):
 garbage-first heap   total 257024K, used 227258K [0x0000000080000000, 0x0000000100000000)
  region size 1024K, 28 young (28672K), 2 survivors (2048K)
 Metaspace       used 102604K, committed 103872K, reserved 557056K
  class space    used 14039K, committed 14656K, reserved 425984K
}
Event: 9028.829 GC heap after
{Heap after GC invocations=69 (full 0):
 garbage-first heap   total 257024K, used 200615K [0x0000000080000000, 0x0000000100000000)
  region size 1024K, 2 young (2048K), 2 survivors (2048K)
 Metaspace       used 102604K, committed 103872K, reserved 557056K
  class space    used 14039K, committed 14656K, reserved 425984K
}
Event: 9039.355 GC heap before
{Heap before GC invocations=69 (full 0):
 garbage-first heap   total 257024K, used 210855K [0x0000000080000000, 0x0000000100000000)
  region size 1024K, 12 young (12288K), 2 survivors (2048K)
 Metaspace       used 102609K, committed 103872K, reserved 557056K
  class space    used 14039K, committed 14656K, reserved 425984K
}

