# JRE version: OpenJDK Runtime Environment Temurin-17.0.15+6 (17.0.15+6) (build 17.0.15+6)
# Java VM: OpenJDK 64-Bit Server VM Temurin-17.0.15+6 (17.0.15+6, mixed mode, sharing, tiered, compressed oops, compressed class ptrs, g1 gc, windows-amd64)
GC Precious Log:
 CPUs: 16 total, 16 available
 Memory: 16088M
 Large Page Support: Disabled
 NUMA Support: Disabled
 Compressed Oops: Enabled (32-bit)
 Heap Region Size: 1M
 Heap Min Capacity: 8M
 Heap Initial Capacity: 252M
 Heap Max Capacity: 2G
 Pre-touch: Disabled
 Parallel Workers: 13
 Concurrent Workers: 3
 Concurrent Refinement Workers: 13
 Periodic GC: Disabled
Heap:
 garbage-first heap   total 119808K, used 59970K [0x0000000080000000, 0x0000000100000000)
  region size 1024K, 1 young (1024K), 1 survivors (1024K)
 Metaspace       used 63069K, committed 63680K, reserved 491520K
  class space    used 8689K, committed 8960K, reserved 425984K
GC Heap History (20 events):
Event: 1230.886 GC heap after
{Heap after GC invocations=31 (full 0):
 garbage-first heap   total 119808K, used 56812K [0x0000000080000000, 0x0000000100000000)
  region size 1024K, 2 young (2048K), 2 survivors (2048K)
 Metaspace       used 60575K, committed 61248K, reserved 491520K
  class space    used 8412K, committed 8704K, reserved 425984K
}
Event: 1269.308 GC heap before
{Heap before GC invocations=31 (full 0):
 garbage-first heap   total 119808K, used 98796K [0x0000000080000000, 0x0000000100000000)
  region size 1024K, 44 young (45056K), 2 survivors (2048K)
 Metaspace       used 62975K, committed 63552K, reserved 491520K
  class space    used 8687K, committed 8960K, reserved 425984K
}
Event: 1269.400 GC heap after
{Heap after GC invocations=32 (full 0):
 garbage-first heap   total 119808K, used 59669K [0x0000000080000000, 0x0000000100000000)
  region size 1024K, 5 young (5120K), 5 survivors (5120K)
 Metaspace       used 62975K, committed 63552K, reserved 491520K
  class space    used 8687K, committed 8960K, reserved 425984K
}
Event: 1363.424 GC heap before
{Heap before GC invocations=33 (full 0):
 garbage-first heap   total 119808K, used 97557K [0x0000000080000000, 0x0000000100000000)
  region size 1024K, 43 young (44032K), 5 survivors (5120K)
 Metaspace       used 63000K, committed 63680K, reserved 491520K
  class space    used 8687K, committed 8960K, reserved 425984K
}
Event: 1363.491 GC heap after
{Heap after GC invocations=34 (full 0):
 garbage-first heap   total 119808K, used 60171K [0x0000000080000000, 0x0000000100000000)
  region size 1024K, 1 young (1024K), 1 survivors (1024K)
 Metaspace       used 63000K, committed 63680K, reserved 491520K
  class space    used 8687K, committed 8960K, reserved 425984K
}
Event: 1372.053 GC heap before
{Heap before GC invocations=34 (full 0):
 garbage-first heap   total 119808K, used 63243K [0x0000000080000000, 0x0000000100000000)
  region size 1024K, 5 young (5120K), 1 survivors (1024K)
 Metaspace       used 63000K, committed 63680K, reserved 491520K
  class space    used 8687K, committed 8960K, reserved 425984K
}
Event: 1372.073 GC heap after
{Heap after GC invocations=35 (full 0):
 garbage-first heap   total 119808K, used 60205K [0x0000000080000000, 0x0000000100000000)
  region size 1024K, 1 young (1024K), 1 survivors (1024K)
 Metaspace       used 63000K, committed 63680K, reserved 491520K
  class space    used 8687K, committed 8960K, reserved 425984K
}
Event: 1475.120 GC heap before
{Heap before GC invocations=35 (full 0):
 garbage-first heap   total 119808K, used 100141K [0x0000000080000000, 0x0000000100000000)
  region size 1024K, 41 young (41984K), 1 survivors (1024K)
 Metaspace       used 63020K, committed 63680K, reserved 491520K
  class space    used 8687K, committed 8960K, reserved 425984K
}
Event: 1475.162 GC heap after
{Heap after GC invocations=36 (full 0):
 garbage-first heap   total 119808K, used 60374K [0x0000000080000000, 0x0000000100000000)
  region size 1024K, 1 young (1024K), 1 survivors (1024K)
 Metaspace       used 63020K, committed 63680K, reserved 491520K
  class space    used 8687K, committed 8960K, reserved 425984K
}
Event: 2036.646 GC heap before
{Heap before GC invocations=37 (full 0):
 garbage-first heap   total 119808K, used 100310K [0x0000000080000000, 0x0000000100000000)
  region size 1024K, 41 young (41984K), 1 survivors (1024K)
 Metaspace       used 63029K, committed 63680K, reserved 491520K
  class space    used 8689K, committed 8960K, reserved 425984K
}
Event: 2036.726 GC heap after
{Heap after GC invocations=38 (full 0):
 garbage-first heap   total 119808K, used 60448K [0x0000000080000000, 0x0000000100000000)
  region size 1024K, 1 young (1024K), 1 survivors (1024K)
 Metaspace       used 63029K, committed 63680K, reserved 491520K
  class space    used 8689K, committed 8960K, reserved 425984K
}
Event: 2042.672 GC heap before
{Heap before GC invocations=38 (full 0):
 garbage-first heap   total 119808K, used 64544K [0x0000000080000000, 0x0000000100000000)
  region size 1024K, 5 young (5120K), 1 survivors (1024K)
 Metaspace       used 63040K, committed 63680K, reserved 491520K
  class space    used 8689K, committed 8960K, reserved 425984K
}
Event: 2042.694 GC heap after
{Heap after GC invocations=39 (full 0):
 garbage-first heap   total 119808K, used 60012K [0x0000000080000000, 0x0000000100000000)
  region size 1024K, 1 young (1024K), 1 survivors (1024K)
 Metaspace       used 63040K, committed 63680K, reserved 491520K
  class space    used 8689K, committed 8960K, reserved 425984K
}
Event: 8667.580 GC heap before
{Heap before GC invocations=39 (full 0):
 garbage-first heap   total 119808K, used 100972K [0x0000000080000000, 0x0000000100000000)
  region size 1024K, 42 young (43008K), 1 survivors (1024K)
 Metaspace       used 63068K, committed 63680K, reserved 491520K
  class space    used 8689K, committed 8960K, reserved 425984K
}
Event: 8673.174 GC heap after
{Heap after GC invocations=40 (full 0):
 garbage-first heap   total 119808K, used 59973K [0x0000000080000000, 0x0000000100000000)
  region size 1024K, 1 young (1024K), 1 survivors (1024K)
 Metaspace       used 63068K, committed 63680K, reserved 491520K
  class space    used 8689K, committed 8960K, reserved 425984K
}
Event: 8693.380 GC heap before
{Heap before GC invocations=40 (full 0):
 garbage-first heap   total 119808K, used 64069K [0x0000000080000000, 0x0000000100000000)
  region size 1024K, 5 young (5120K), 1 survivors (1024K)
 Metaspace       used 63069K, committed 63680K, reserved 491520K
  class space    used 8689K, committed 8960K, reserved 425984K
}
Event: 8694.464 GC heap after
{Heap after GC invocations=41 (full 0):
 garbage-first heap   total 119808K, used 59993K [0x0000000080000000, 0x0000000100000000)
  region size 1024K, 1 young (1024K), 1 survivors (1024K)
 Metaspace       used 63069K, committed 63680K, reserved 491520K
  class space    used 8689K, committed 8960K, reserved 425984K
}
Event: 8695.832 GC heap before
{Heap before GC invocations=41 (full 0):
 garbage-first heap   total 119808K, used 64089K [0x0000000080000000, 0x0000000100000000)
  region size 1024K, 5 young (5120K), 1 survivors (1024K)
 Metaspace       used 63069K, committed 63680K, reserved 491520K
  class space    used 8689K, committed 8960K, reserved 425984K
}
Event: 8697.294 GC heap after
{Heap after GC invocations=42 (full 0):
 garbage-first heap   total 119808K, used 59980K [0x0000000080000000, 0x0000000100000000)
  region size 1024K, 1 young (1024K), 1 survivors (1024K)
 Metaspace       used 63069K, committed 63680K, reserved 491520K
  class space    used 8689K, committed 8960K, reserved 425984K
}
Event: 8698.685 GC heap before
{Heap before GC invocations=42 (full 0):
 garbage-first heap   total 119808K, used 64076K [0x0000000080000000, 0x0000000100000000)
  region size 1024K, 5 young (5120K), 1 survivors (1024K)
 Metaspace       used 63069K, committed 63680K, reserved 491520K
  class space    used 8689K, committed 8960K, reserved 425984K
}

