# JRE version: OpenJDK Runtime Environment Temurin-17.0.15+6 (17.0.15+6) (build 17.0.15+6)
# Java VM: OpenJDK 64-Bit Server VM Temurin-17.0.15+6 (17.0.15+6, mixed mode, sharing, tiered, compressed oops, compressed class ptrs, g1 gc, windows-amd64)
GC Precious Log:
 CPUs: 16 total, 16 available
 Memory: 16088M
 Large Page Support: Disabled
 NUMA Support: Disabled
 Compressed Oops: Enabled (32-bit)
 Heap Region Size: 1M
 Heap Min Capacity: 8M
 Heap Initial Capacity: 252M
 Heap Max Capacity: 2G
 Pre-touch: Disabled
 Parallel Workers: 13
 Concurrent Workers: 3
 Concurrent Refinement Workers: 13
 Periodic GC: Disabled
Heap:
 garbage-first heap   total 113664K, used 52709K [0x0000000080000000, 0x0000000100000000)
  region size 1024K, 1 young (1024K), 1 survivors (1024K)
 Metaspace       used 58562K, committed 59200K, reserved 491520K
  class space    used 8101K, committed 8384K, reserved 425984K
GC Heap History (20 events):
Event: 967.222 GC heap after
{Heap after GC invocations=21 (full 0):
 garbage-first heap   total 94208K, used 52808K [0x0000000080000000, 0x0000000100000000)
  region size 1024K, 2 young (2048K), 2 survivors (2048K)
 Metaspace       used 58397K, committed 59008K, reserved 491520K
  class space    used 8092K, committed 8384K, reserved 425984K
}
Event: 1032.301 GC heap before
{Heap before GC invocations=22 (full 0):
 garbage-first heap   total 94208K, used 78408K [0x0000000080000000, 0x0000000100000000)
  region size 1024K, 27 young (27648K), 2 survivors (2048K)
 Metaspace       used 58415K, committed 59008K, reserved 491520K
  class space    used 8092K, committed 8384K, reserved 425984K
}
Event: 1032.305 GC heap after
{Heap after GC invocations=23 (full 0):
 garbage-first heap   total 94208K, used 52777K [0x0000000080000000, 0x0000000100000000)
  region size 1024K, 2 young (2048K), 2 survivors (2048K)
 Metaspace       used 58415K, committed 59008K, reserved 491520K
  class space    used 8092K, committed 8384K, reserved 425984K
}
Event: 1039.157 GC heap before
{Heap before GC invocations=23 (full 0):
 garbage-first heap   total 94208K, used 54825K [0x0000000080000000, 0x0000000100000000)
  region size 1024K, 4 young (4096K), 2 survivors (2048K)
 Metaspace       used 58415K, committed 59008K, reserved 491520K
  class space    used 8092K, committed 8384K, reserved 425984K
}
Event: 1039.175 GC heap after
{Heap after GC invocations=24 (full 0):
 garbage-first heap   total 94208K, used 52506K [0x0000000080000000, 0x0000000100000000)
  region size 1024K, 1 young (1024K), 1 survivors (1024K)
 Metaspace       used 58415K, committed 59008K, reserved 491520K
  class space    used 8092K, committed 8384K, reserved 425984K
}
Event: 1105.639 GC heap before
{Heap before GC invocations=24 (full 0):
 garbage-first heap   total 94208K, used 78106K [0x0000000080000000, 0x0000000100000000)
  region size 1024K, 26 young (26624K), 1 survivors (1024K)
 Metaspace       used 58421K, committed 59008K, reserved 491520K
  class space    used 8092K, committed 8384K, reserved 425984K
}
Event: 1105.816 GC heap after
{Heap after GC invocations=25 (full 0):
 garbage-first heap   total 94208K, used 52605K [0x0000000080000000, 0x0000000100000000)
  region size 1024K, 1 young (1024K), 1 survivors (1024K)
 Metaspace       used 58421K, committed 59008K, reserved 491520K
  class space    used 8092K, committed 8384K, reserved 425984K
}
Event: 1190.298 GC heap before
{Heap before GC invocations=26 (full 0):
 garbage-first heap   total 94208K, used 79229K [0x0000000080000000, 0x0000000100000000)
  region size 1024K, 27 young (27648K), 1 survivors (1024K)
 Metaspace       used 58431K, committed 59072K, reserved 491520K
  class space    used 8092K, committed 8384K, reserved 425984K
}
Event: 1190.312 GC heap after
{Heap after GC invocations=27 (full 0):
 garbage-first heap   total 113664K, used 52695K [0x0000000080000000, 0x0000000100000000)
  region size 1024K, 1 young (1024K), 1 survivors (1024K)
 Metaspace       used 58431K, committed 59072K, reserved 491520K
  class space    used 8092K, committed 8384K, reserved 425984K
}
Event: 8263.013 GC heap before
{Heap before GC invocations=27 (full 0):
 garbage-first heap   total 113664K, used 95703K [0x0000000080000000, 0x0000000100000000)
  region size 1024K, 43 young (44032K), 1 survivors (1024K)
 Metaspace       used 58553K, committed 59200K, reserved 491520K
  class space    used 8100K, committed 8384K, reserved 425984K
}
Event: 8268.094 GC heap after
{Heap after GC invocations=28 (full 0):
 garbage-first heap   total 113664K, used 52757K [0x0000000080000000, 0x0000000100000000)
  region size 1024K, 1 young (1024K), 1 survivors (1024K)
 Metaspace       used 58553K, committed 59200K, reserved 491520K
  class space    used 8100K, committed 8384K, reserved 425984K
}
Event: 8290.670 GC heap before
{Heap before GC invocations=28 (full 0):
 garbage-first heap   total 113664K, used 56853K [0x0000000080000000, 0x0000000100000000)
  region size 1024K, 5 young (5120K), 1 survivors (1024K)
 Metaspace       used 58559K, committed 59200K, reserved 491520K
  class space    used 8101K, committed 8384K, reserved 425984K
}
Event: 8291.946 GC heap after
{Heap after GC invocations=29 (full 0):
 garbage-first heap   total 113664K, used 52883K [0x0000000080000000, 0x0000000100000000)
  region size 1024K, 1 young (1024K), 1 survivors (1024K)
 Metaspace       used 58559K, committed 59200K, reserved 491520K
  class space    used 8101K, committed 8384K, reserved 425984K
}
Event: 8294.256 GC heap before
{Heap before GC invocations=29 (full 0):
 garbage-first heap   total 113664K, used 56979K [0x0000000080000000, 0x0000000100000000)
  region size 1024K, 5 young (5120K), 1 survivors (1024K)
 Metaspace       used 58561K, committed 59200K, reserved 491520K
  class space    used 8101K, committed 8384K, reserved 425984K
}
Event: 8295.189 GC heap after
{Heap after GC invocations=30 (full 0):
 garbage-first heap   total 113664K, used 52732K [0x0000000080000000, 0x0000000100000000)
  region size 1024K, 1 young (1024K), 1 survivors (1024K)
 Metaspace       used 58561K, committed 59200K, reserved 491520K
  class space    used 8101K, committed 8384K, reserved 425984K
}
Event: 8297.669 GC heap before
{Heap before GC invocations=30 (full 0):
 garbage-first heap   total 113664K, used 56828K [0x0000000080000000, 0x0000000100000000)
  region size 1024K, 5 young (5120K), 1 survivors (1024K)
 Metaspace       used 58562K, committed 59200K, reserved 491520K
  class space    used 8101K, committed 8384K, reserved 425984K
}
Event: 8299.247 GC heap after
{Heap after GC invocations=31 (full 0):
 garbage-first heap   total 113664K, used 52717K [0x0000000080000000, 0x0000000100000000)
  region size 1024K, 1 young (1024K), 1 survivors (1024K)
 Metaspace       used 58562K, committed 59200K, reserved 491520K
  class space    used 8101K, committed 8384K, reserved 425984K
}
Event: 8300.343 GC heap before
{Heap before GC invocations=31 (full 0):
 garbage-first heap   total 113664K, used 56813K [0x0000000080000000, 0x0000000100000000)
  region size 1024K, 5 young (5120K), 1 survivors (1024K)
 Metaspace       used 58562K, committed 59200K, reserved 491520K
  class space    used 8101K, committed 8384K, reserved 425984K
}
Event: 8301.754 GC heap after
{Heap after GC invocations=32 (full 0):
 garbage-first heap   total 113664K, used 52711K [0x0000000080000000, 0x0000000100000000)
  region size 1024K, 1 young (1024K), 1 survivors (1024K)
 Metaspace       used 58562K, committed 59200K, reserved 491520K
  class space    used 8101K, committed 8384K, reserved 425984K
}
Event: 8302.105 GC heap before
{Heap before GC invocations=32 (full 0):
 garbage-first heap   total 113664K, used 56807K [0x0000000080000000, 0x0000000100000000)
  region size 1024K, 5 young (5120K), 1 survivors (1024K)
 Metaspace       used 58562K, committed 59200K, reserved 491520K
  class space    used 8101K, committed 8384K, reserved 425984K
}

