# JRE version: OpenJDK Runtime Environment Temurin-17.0.15+6 (17.0.15+6) (build 17.0.15+6)
# Java VM: OpenJDK 64-Bit Server VM Temurin-17.0.15+6 (17.0.15+6, mixed mode, sharing, tiered, compressed oops, compressed class ptrs, g1 gc, windows-amd64)
GC Precious Log:
 CPUs: 16 total, 16 available
 Memory: 16088M
 Large Page Support: Disabled
 NUMA Support: Disabled
 Compressed Oops: Enabled (32-bit)
 Heap Region Size: 1M
 Heap Min Capacity: 8M
 Heap Initial Capacity: 252M
 Heap Max Capacity: 2G
 Pre-touch: Disabled
 Parallel Workers: 13
 Concurrent Workers: 3
 Concurrent Refinement Workers: 13
 Periodic GC: Disabled
Heap:
 garbage-first heap   total 141312K, used 54648K [0x0000000080000000, 0x0000000100000000)
  region size 1024K, 1 young (1024K), 1 survivors (1024K)
 Metaspace       used 58651K, committed 59264K, reserved 491520K
  class space    used 8102K, committed 8384K, reserved 425984K
GC Heap History (20 events):
Event: 701.009 GC heap after
{Heap after GC invocations=20 (full 0):
 garbage-first heap   total 141312K, used 35343K [0x0000000080000000, 0x0000000100000000)
  region size 1024K, 5 young (5120K), 5 survivors (5120K)
 Metaspace       used 39287K, committed 39808K, reserved 491520K
  class space    used 5409K, committed 5696K, reserved 425984K
}
Event: 764.606 GC heap before
{Heap before GC invocations=20 (full 0):
 garbage-first heap   total 141312K, used 98831K [0x0000000080000000, 0x0000000100000000)
  region size 1024K, 67 young (68608K), 5 survivors (5120K)
 Metaspace       used 42464K, committed 43072K, reserved 491520K
  class space    used 5854K, committed 6144K, reserved 425984K
}
Event: 764.635 GC heap after
{Heap after GC invocations=21 (full 0):
 garbage-first heap   total 141312K, used 36729K [0x0000000080000000, 0x0000000100000000)
  region size 1024K, 6 young (6144K), 6 survivors (6144K)
 Metaspace       used 42464K, committed 43072K, reserved 491520K
  class space    used 5854K, committed 6144K, reserved 425984K
}
Event: 861.343 GC heap before
{Heap before GC invocations=21 (full 0):
 garbage-first heap   total 141312K, used 119673K [0x0000000080000000, 0x0000000100000000)
  region size 1024K, 82 young (83968K), 6 survivors (6144K)
 Metaspace       used 46937K, committed 47488K, reserved 491520K
  class space    used 6473K, committed 6720K, reserved 425984K
}
Event: 861.359 GC heap after
{Heap after GC invocations=22 (full 0):
 garbage-first heap   total 141312K, used 47287K [0x0000000080000000, 0x0000000100000000)
  region size 1024K, 10 young (10240K), 10 survivors (10240K)
 Metaspace       used 46937K, committed 47488K, reserved 491520K
  class space    used 6473K, committed 6720K, reserved 425984K
}
Event: 864.506 GC heap before
{Heap before GC invocations=22 (full 0):
 garbage-first heap   total 141312K, used 114871K [0x0000000080000000, 0x0000000100000000)
  region size 1024K, 76 young (77824K), 10 survivors (10240K)
 Metaspace       used 54696K, committed 55296K, reserved 491520K
  class space    used 7543K, committed 7808K, reserved 425984K
}
Event: 864.553 GC heap after
{Heap after GC invocations=23 (full 0):
 garbage-first heap   total 141312K, used 50634K [0x0000000080000000, 0x0000000100000000)
  region size 1024K, 9 young (9216K), 9 survivors (9216K)
 Metaspace       used 54696K, committed 55296K, reserved 491520K
  class space    used 7543K, committed 7808K, reserved 425984K
}
Event: 887.118 GC heap before
{Heap before GC invocations=23 (full 0):
 garbage-first heap   total 141312K, used 114122K [0x0000000080000000, 0x0000000100000000)
  region size 1024K, 71 young (72704K), 9 survivors (9216K)
 Metaspace       used 58462K, committed 59072K, reserved 491520K
  class space    used 8094K, committed 8384K, reserved 425984K
}
Event: 887.142 GC heap after
{Heap after GC invocations=24 (full 0):
 garbage-first heap   total 141312K, used 54216K [0x0000000080000000, 0x0000000100000000)
  region size 1024K, 8 young (8192K), 8 survivors (8192K)
 Metaspace       used 58462K, committed 59072K, reserved 491520K
  class space    used 8094K, committed 8384K, reserved 425984K
}
Event: 1050.788 GC heap before
{Heap before GC invocations=24 (full 0):
 garbage-first heap   total 141312K, used 114632K [0x0000000080000000, 0x0000000100000000)
  region size 1024K, 67 young (68608K), 8 survivors (8192K)
 Metaspace       used 58531K, committed 59136K, reserved 491520K
  class space    used 8098K, committed 8384K, reserved 425984K
}
Event: 1050.858 GC heap after
{Heap after GC invocations=25 (full 0):
 garbage-first heap   total 141312K, used 54780K [0x0000000080000000, 0x0000000100000000)
  region size 1024K, 5 young (5120K), 5 survivors (5120K)
 Metaspace       used 58531K, committed 59136K, reserved 491520K
  class space    used 8098K, committed 8384K, reserved 425984K
}
Event: 1673.343 GC heap before
{Heap before GC invocations=25 (full 0):
 garbage-first heap   total 141312K, used 116220K [0x0000000080000000, 0x0000000100000000)
  region size 1024K, 65 young (66560K), 5 survivors (5120K)
 Metaspace       used 58551K, committed 59136K, reserved 491520K
  class space    used 8098K, committed 8384K, reserved 425984K
}
Event: 1673.449 GC heap after
{Heap after GC invocations=26 (full 0):
 garbage-first heap   total 141312K, used 54950K [0x0000000080000000, 0x0000000100000000)
  region size 1024K, 5 young (5120K), 5 survivors (5120K)
 Metaspace       used 58551K, committed 59136K, reserved 491520K
  class space    used 8098K, committed 8384K, reserved 425984K
}
Event: 8316.779 GC heap before
{Heap before GC invocations=26 (full 0):
 garbage-first heap   total 141312K, used 117414K [0x0000000080000000, 0x0000000100000000)
  region size 1024K, 67 young (68608K), 5 survivors (5120K)
 Metaspace       used 58647K, committed 59264K, reserved 491520K
  class space    used 8102K, committed 8384K, reserved 425984K
}
Event: 8324.098 GC heap after
{Heap after GC invocations=27 (full 0):
 garbage-first heap   total 141312K, used 54916K [0x0000000080000000, 0x0000000100000000)
  region size 1024K, 5 young (5120K), 5 survivors (5120K)
 Metaspace       used 58647K, committed 59264K, reserved 491520K
  class space    used 8102K, committed 8384K, reserved 425984K
}
Event: 8325.975 GC heap before
{Heap before GC invocations=27 (full 0):
 garbage-first heap   total 141312K, used 55940K [0x0000000080000000, 0x0000000100000000)
  region size 1024K, 6 young (6144K), 5 survivors (5120K)
 Metaspace       used 58647K, committed 59264K, reserved 491520K
  class space    used 8102K, committed 8384K, reserved 425984K
}
Event: 8329.435 GC heap after
{Heap after GC invocations=28 (full 0):
 garbage-first heap   total 141312K, used 55133K [0x0000000080000000, 0x0000000100000000)
  region size 1024K, 1 young (1024K), 1 survivors (1024K)
 Metaspace       used 58647K, committed 59264K, reserved 491520K
  class space    used 8102K, committed 8384K, reserved 425984K
}
Event: 8334.507 GC heap before
{Heap before GC invocations=28 (full 0):
 garbage-first heap   total 141312K, used 60253K [0x0000000080000000, 0x0000000100000000)
  region size 1024K, 6 young (6144K), 1 survivors (1024K)
 Metaspace       used 58651K, committed 59264K, reserved 491520K
  class space    used 8102K, committed 8384K, reserved 425984K
}
Event: 8335.529 GC heap after
{Heap after GC invocations=29 (full 0):
 garbage-first heap   total 141312K, used 54804K [0x0000000080000000, 0x0000000100000000)
  region size 1024K, 1 young (1024K), 1 survivors (1024K)
 Metaspace       used 58651K, committed 59264K, reserved 491520K
  class space    used 8102K, committed 8384K, reserved 425984K
}
Event: 8337.525 GC heap before
{Heap before GC invocations=29 (full 0):
 garbage-first heap   total 141312K, used 59924K [0x0000000080000000, 0x0000000100000000)
  region size 1024K, 6 young (6144K), 1 survivors (1024K)
 Metaspace       used 58651K, committed 59264K, reserved 491520K
  class space    used 8102K, committed 8384K, reserved 425984K
}

