# JRE version: OpenJDK Runtime Environment Temurin-17.0.15+6 (17.0.15+6) (build 17.0.15+6)
# Java VM: OpenJDK 64-Bit Server VM Temurin-17.0.15+6 (17.0.15+6, mixed mode, sharing, tiered, compressed oops, compressed class ptrs, g1 gc, windows-amd64)
GC Precious Log:
 CPUs: 16 total, 16 available
 Memory: 16088M
 Large Page Support: Disabled
 NUMA Support: Disabled
 Compressed Oops: Enabled (32-bit)
 Heap Region Size: 1M
 Heap Min Capacity: 8M
 Heap Initial Capacity: 252M
 Heap Max Capacity: 2G
 Pre-touch: Disabled
 Parallel Workers: 13
 Concurrent Workers: 3
 Concurrent Refinement Workers: 13
 Periodic GC: Disabled
Heap:
 garbage-first heap   total 451584K, used 53825K [0x0000000080000000, 0x0000000100000000)
  region size 1024K, 1 young (1024K), 1 survivors (1024K)
 Metaspace       used 58695K, committed 59328K, reserved 491520K
  class space    used 8111K, committed 8384K, reserved 425984K
GC Heap History (20 events):
Event: 8448.690 GC heap after
{Heap after GC invocations=27 (full 0):
 garbage-first heap   total 150528K, used 53907K [0x0000000080000000, 0x0000000100000000)
  region size 1024K, 1 young (1024K), 1 survivors (1024K)
 Metaspace       used 58578K, committed 59200K, reserved 491520K
  class space    used 8098K, committed 8384K, reserved 425984K
}
Event: 8449.435 GC heap before
{Heap before GC invocations=27 (full 0):
 garbage-first heap   total 150528K, used 60051K [0x0000000080000000, 0x0000000100000000)
  region size 1024K, 7 young (7168K), 1 survivors (1024K)
 Metaspace       used 58578K, committed 59200K, reserved 491520K
  class space    used 8098K, committed 8384K, reserved 425984K
}
Event: 8450.245 GC heap after
{Heap after GC invocations=28 (full 0):
 garbage-first heap   total 150528K, used 53774K [0x0000000080000000, 0x0000000100000000)
  region size 1024K, 1 young (1024K), 1 survivors (1024K)
 Metaspace       used 58578K, committed 59200K, reserved 491520K
  class space    used 8098K, committed 8384K, reserved 425984K
}
Event: 8450.889 GC heap before
{Heap before GC invocations=28 (full 0):
 garbage-first heap   total 150528K, used 59918K [0x0000000080000000, 0x0000000100000000)
  region size 1024K, 7 young (7168K), 1 survivors (1024K)
 Metaspace       used 58578K, committed 59200K, reserved 491520K
  class space    used 8098K, committed 8384K, reserved 425984K
}
Event: 8452.153 GC heap after
{Heap after GC invocations=29 (full 0):
 garbage-first heap   total 150528K, used 53798K [0x0000000080000000, 0x0000000100000000)
  region size 1024K, 1 young (1024K), 1 survivors (1024K)
 Metaspace       used 58578K, committed 59200K, reserved 491520K
  class space    used 8098K, committed 8384K, reserved 425984K
}
Event: 8453.106 GC heap before
{Heap before GC invocations=29 (full 0):
 garbage-first heap   total 150528K, used 59942K [0x0000000080000000, 0x0000000100000000)
  region size 1024K, 7 young (7168K), 1 survivors (1024K)
 Metaspace       used 58580K, committed 59200K, reserved 491520K
  class space    used 8099K, committed 8384K, reserved 425984K
}
Event: 8453.154 GC heap after
{Heap after GC invocations=30 (full 0):
 garbage-first heap   total 150528K, used 53747K [0x0000000080000000, 0x0000000100000000)
  region size 1024K, 1 young (1024K), 1 survivors (1024K)
 Metaspace       used 58580K, committed 59200K, reserved 491520K
  class space    used 8099K, committed 8384K, reserved 425984K
}
Event: 8453.257 GC heap before
{Heap before GC invocations=30 (full 0):
 garbage-first heap   total 150528K, used 59891K [0x0000000080000000, 0x0000000100000000)
  region size 1024K, 7 young (7168K), 1 survivors (1024K)
 Metaspace       used 58580K, committed 59200K, reserved 491520K
  class space    used 8099K, committed 8384K, reserved 425984K
}
Event: 8453.875 GC heap after
{Heap after GC invocations=31 (full 0):
 garbage-first heap   total 451584K, used 53733K [0x0000000080000000, 0x0000000100000000)
  region size 1024K, 1 young (1024K), 1 survivors (1024K)
 Metaspace       used 58580K, committed 59200K, reserved 491520K
  class space    used 8099K, committed 8384K, reserved 425984K
}
Event: 8485.377 GC heap before
{Heap before GC invocations=31 (full 0):
 garbage-first heap   total 451584K, used 75237K [0x0000000080000000, 0x0000000100000000)
  region size 1024K, 22 young (22528K), 1 survivors (1024K)
 Metaspace       used 58621K, committed 59264K, reserved 491520K
  class space    used 8103K, committed 8384K, reserved 425984K
}
Event: 8485.473 GC heap after
{Heap after GC invocations=32 (full 0):
 garbage-first heap   total 451584K, used 53776K [0x0000000080000000, 0x0000000100000000)
  region size 1024K, 1 young (1024K), 1 survivors (1024K)
 Metaspace       used 58621K, committed 59264K, reserved 491520K
  class space    used 8103K, committed 8384K, reserved 425984K
}
Event: 8489.996 GC heap before
{Heap before GC invocations=32 (full 0):
 garbage-first heap   total 451584K, used 75280K [0x0000000080000000, 0x0000000100000000)
  region size 1024K, 22 young (22528K), 1 survivors (1024K)
 Metaspace       used 58634K, committed 59264K, reserved 491520K
  class space    used 8105K, committed 8384K, reserved 425984K
}
Event: 8490.678 GC heap after
{Heap after GC invocations=33 (full 0):
 garbage-first heap   total 451584K, used 53754K [0x0000000080000000, 0x0000000100000000)
  region size 1024K, 1 young (1024K), 1 survivors (1024K)
 Metaspace       used 58634K, committed 59264K, reserved 491520K
  class space    used 8105K, committed 8384K, reserved 425984K
}
Event: 8495.087 GC heap before
{Heap before GC invocations=33 (full 0):
 garbage-first heap   total 451584K, used 75258K [0x0000000080000000, 0x0000000100000000)
  region size 1024K, 22 young (22528K), 1 survivors (1024K)
 Metaspace       used 58639K, committed 59264K, reserved 491520K
  class space    used 8106K, committed 8384K, reserved 425984K
}
Event: 8495.148 GC heap after
{Heap after GC invocations=34 (full 0):
 garbage-first heap   total 451584K, used 53739K [0x0000000080000000, 0x0000000100000000)
  region size 1024K, 1 young (1024K), 1 survivors (1024K)
 Metaspace       used 58639K, committed 59264K, reserved 491520K
  class space    used 8106K, committed 8384K, reserved 425984K
}
Event: 8499.369 GC heap before
{Heap before GC invocations=34 (full 0):
 garbage-first heap   total 451584K, used 75243K [0x0000000080000000, 0x0000000100000000)
  region size 1024K, 22 young (22528K), 1 survivors (1024K)
 Metaspace       used 58671K, committed 59264K, reserved 491520K
  class space    used 8107K, committed 8384K, reserved 425984K
}
Event: 8499.522 GC heap after
{Heap after GC invocations=35 (full 0):
 garbage-first heap   total 451584K, used 53869K [0x0000000080000000, 0x0000000100000000)
  region size 1024K, 1 young (1024K), 1 survivors (1024K)
 Metaspace       used 58671K, committed 59264K, reserved 491520K
  class space    used 8107K, committed 8384K, reserved 425984K
}
Event: 8501.506 GC heap before
{Heap before GC invocations=35 (full 0):
 garbage-first heap   total 451584K, used 75373K [0x0000000080000000, 0x0000000100000000)
  region size 1024K, 22 young (22528K), 1 survivors (1024K)
 Metaspace       used 58687K, committed 59328K, reserved 491520K
  class space    used 8110K, committed 8384K, reserved 425984K
}
Event: 8501.746 GC heap after
{Heap after GC invocations=36 (full 0):
 garbage-first heap   total 451584K, used 53822K [0x0000000080000000, 0x0000000100000000)
  region size 1024K, 1 young (1024K), 1 survivors (1024K)
 Metaspace       used 58687K, committed 59328K, reserved 491520K
  class space    used 8110K, committed 8384K, reserved 425984K
}
Event: 8503.030 GC heap before
{Heap before GC invocations=36 (full 0):
 garbage-first heap   total 451584K, used 75326K [0x0000000080000000, 0x0000000100000000)
  region size 1024K, 22 young (22528K), 1 survivors (1024K)
 Metaspace       used 58695K, committed 59328K, reserved 491520K
  class space    used 8111K, committed 8384K, reserved 425984K
}

