# JRE version: OpenJDK Runtime Environment Temurin-17.0.15+6 (17.0.15+6) (build 17.0.15+6)
# Java VM: OpenJDK 64-Bit Server VM Temurin-17.0.15+6 (17.0.15+6, mixed mode, sharing, tiered, compressed oops, compressed class ptrs, g1 gc, windows-amd64)
GC Precious Log:
 CPUs: 16 total, 16 available
 Memory: 16088M
 Large Page Support: Disabled
 NUMA Support: Disabled
 Compressed Oops: Enabled (32-bit)
 Heap Region Size: 1M
 Heap Min Capacity: 8M
 Heap Initial Capacity: 252M
 Heap Max Capacity: 2G
 Pre-touch: Disabled
 Parallel Workers: 13
 Concurrent Workers: 3
 Concurrent Refinement Workers: 13
 Periodic GC: Disabled
Heap:
 garbage-first heap   total 158720K, used 53613K [0x0000000080000000, 0x0000000100000000)
  region size 1024K, 1 young (1024K), 1 survivors (1024K)
 Metaspace       used 58590K, committed 59200K, reserved 491520K
  class space    used 8104K, committed 8384K, reserved 425984K
GC Heap History (20 events):
Event: 710.161 GC heap after
{Heap after GC invocations=22 (full 0):
 garbage-first heap   total 80896K, used 47251K [0x0000000080000000, 0x0000000100000000)
  region size 1024K, 3 young (3072K), 3 survivors (3072K)
 Metaspace       used 50855K, committed 51456K, reserved 491520K
  class space    used 7054K, committed 7296K, reserved 425984K
}
Event: 710.683 GC heap before
{Heap before GC invocations=22 (full 0):
 garbage-first heap   total 80896K, used 67731K [0x0000000080000000, 0x0000000100000000)
  region size 1024K, 23 young (23552K), 3 survivors (3072K)
 Metaspace       used 53599K, committed 54208K, reserved 491520K
  class space    used 7400K, committed 7680K, reserved 425984K
}
Event: 710.688 GC heap after
{Heap after GC invocations=23 (full 0):
 garbage-first heap   total 80896K, used 48531K [0x0000000080000000, 0x0000000100000000)
  region size 1024K, 3 young (3072K), 3 survivors (3072K)
 Metaspace       used 53599K, committed 54208K, reserved 491520K
  class space    used 7400K, committed 7680K, reserved 425984K
}
Event: 711.937 GC heap before
{Heap before GC invocations=24 (full 0):
 garbage-first heap   total 83968K, used 65939K [0x0000000080000000, 0x0000000100000000)
  region size 1024K, 21 young (21504K), 3 survivors (3072K)
 Metaspace       used 54794K, committed 55424K, reserved 491520K
  class space    used 7542K, committed 7808K, reserved 425984K
}
Event: 711.943 GC heap after
{Heap after GC invocations=25 (full 0):
 garbage-first heap   total 83968K, used 49746K [0x0000000080000000, 0x0000000100000000)
  region size 1024K, 3 young (3072K), 3 survivors (3072K)
 Metaspace       used 54794K, committed 55424K, reserved 491520K
  class space    used 7542K, committed 7808K, reserved 425984K
}
Event: 713.187 GC heap before
{Heap before GC invocations=25 (full 0):
 garbage-first heap   total 83968K, used 69202K [0x0000000080000000, 0x0000000100000000)
  region size 1024K, 22 young (22528K), 3 survivors (3072K)
 Metaspace       used 56825K, committed 57472K, reserved 491520K
  class space    used 7835K, committed 8128K, reserved 425984K
}
Event: 713.194 GC heap after
{Heap after GC invocations=26 (full 0):
 garbage-first heap   total 83968K, used 51150K [0x0000000080000000, 0x0000000100000000)
  region size 1024K, 3 young (3072K), 3 survivors (3072K)
 Metaspace       used 56825K, committed 57472K, reserved 491520K
  class space    used 7835K, committed 8128K, reserved 425984K
}
Event: 713.622 GC heap before
{Heap before GC invocations=27 (full 0):
 garbage-first heap   total 89088K, used 69582K [0x0000000080000000, 0x0000000100000000)
  region size 1024K, 21 young (21504K), 3 survivors (3072K)
 Metaspace       used 57705K, committed 58304K, reserved 491520K
  class space    used 7994K, committed 8256K, reserved 425984K
}
Event: 713.629 GC heap after
{Heap after GC invocations=28 (full 0):
 garbage-first heap   total 107520K, used 52806K [0x0000000080000000, 0x0000000100000000)
  region size 1024K, 3 young (3072K), 3 survivors (3072K)
 Metaspace       used 57705K, committed 58304K, reserved 491520K
  class space    used 7994K, committed 8256K, reserved 425984K
}
Event: 779.597 GC heap before
{Heap before GC invocations=28 (full 0):
 garbage-first heap   total 107520K, used 84550K [0x0000000080000000, 0x0000000100000000)
  region size 1024K, 34 young (34816K), 3 survivors (3072K)
 Metaspace       used 58399K, committed 59008K, reserved 491520K
  class space    used 8092K, committed 8384K, reserved 425984K
}
Event: 779.612 GC heap after
{Heap after GC invocations=29 (full 0):
 garbage-first heap   total 107520K, used 53140K [0x0000000080000000, 0x0000000100000000)
  region size 1024K, 3 young (3072K), 3 survivors (3072K)
 Metaspace       used 58399K, committed 59008K, reserved 491520K
  class space    used 8092K, committed 8384K, reserved 425984K
}
Event: 854.566 GC heap before
{Heap before GC invocations=30 (full 0):
 garbage-first heap   total 107520K, used 84884K [0x0000000080000000, 0x0000000100000000)
  region size 1024K, 34 young (34816K), 3 survivors (3072K)
 Metaspace       used 58433K, committed 59008K, reserved 491520K
  class space    used 8094K, committed 8384K, reserved 425984K
}
Event: 854.572 GC heap after
{Heap after GC invocations=31 (full 0):
 garbage-first heap   total 107520K, used 53368K [0x0000000080000000, 0x0000000100000000)
  region size 1024K, 3 young (3072K), 3 survivors (3072K)
 Metaspace       used 58433K, committed 59008K, reserved 491520K
  class space    used 8094K, committed 8384K, reserved 425984K
}
Event: 946.638 GC heap before
{Heap before GC invocations=31 (full 0):
 garbage-first heap   total 107520K, used 87160K [0x0000000080000000, 0x0000000100000000)
  region size 1024K, 36 young (36864K), 3 survivors (3072K)
 Metaspace       used 58444K, committed 59136K, reserved 491520K
  class space    used 8094K, committed 8384K, reserved 425984K
}
Event: 946.801 GC heap after
{Heap after GC invocations=32 (full 0):
 garbage-first heap   total 107520K, used 53523K [0x0000000080000000, 0x0000000100000000)
  region size 1024K, 3 young (3072K), 3 survivors (3072K)
 Metaspace       used 58444K, committed 59136K, reserved 491520K
  class space    used 8094K, committed 8384K, reserved 425984K
}
Event: 8077.585 GC heap before
{Heap before GC invocations=33 (full 0):
 garbage-first heap   total 107520K, used 88339K [0x0000000080000000, 0x0000000100000000)
  region size 1024K, 37 young (37888K), 3 survivors (3072K)
 Metaspace       used 58488K, committed 59136K, reserved 491520K
  class space    used 8099K, committed 8384K, reserved 425984K
}
Event: 8077.643 GC heap after
{Heap after GC invocations=34 (full 0):
 garbage-first heap   total 107520K, used 53712K [0x0000000080000000, 0x0000000100000000)
  region size 1024K, 3 young (3072K), 3 survivors (3072K)
 Metaspace       used 58488K, committed 59136K, reserved 491520K
  class space    used 8099K, committed 8384K, reserved 425984K
}
Event: 8100.481 GC heap before
{Heap before GC invocations=34 (full 0):
 garbage-first heap   total 107520K, used 89552K [0x0000000080000000, 0x0000000100000000)
  region size 1024K, 38 young (38912K), 3 survivors (3072K)
 Metaspace       used 58587K, committed 59200K, reserved 491520K
  class space    used 8104K, committed 8384K, reserved 425984K
}
Event: 8106.588 GC heap after
{Heap after GC invocations=35 (full 0):
 garbage-first heap   total 107520K, used 53551K [0x0000000080000000, 0x0000000100000000)
  region size 1024K, 2 young (2048K), 2 survivors (2048K)
 Metaspace       used 58587K, committed 59200K, reserved 491520K
  class space    used 8104K, committed 8384K, reserved 425984K
}
Event: 8117.251 GC heap before
{Heap before GC invocations=35 (full 0):
 garbage-first heap   total 107520K, used 56623K [0x0000000080000000, 0x0000000100000000)
  region size 1024K, 5 young (5120K), 2 survivors (2048K)
 Metaspace       used 58590K, committed 59200K, reserved 491520K
  class space    used 8104K, committed 8384K, reserved 425984K
}

