# JRE version: OpenJDK Runtime Environment Temurin-17.0.15+6 (17.0.15+6) (build 17.0.15+6)
# Java VM: OpenJDK 64-Bit Server VM Temurin-17.0.15+6 (17.0.15+6, mixed mode, sharing, tiered, compressed oops, compressed class ptrs, g1 gc, windows-amd64)
GC Precious Log:
 CPUs: 16 total, 16 available
 Memory: 16088M
 Large Page Support: Disabled
 NUMA Support: Disabled
 Compressed Oops: Enabled (32-bit)
 Heap Region Size: 1M
 Heap Min Capacity: 8M
 Heap Initial Capacity: 252M
 Heap Max Capacity: 2G
 Pre-touch: Disabled
 Parallel Workers: 13
 Concurrent Workers: 3
 Concurrent Refinement Workers: 13
 Periodic GC: Disabled
Heap:
 garbage-first heap   total 113664K, used 54858K [0x0000000080000000, 0x0000000100000000)
  region size 1024K, 1 young (1024K), 1 survivors (1024K)
 Metaspace       used 59466K, committed 60160K, reserved 491520K
  class space    used 8184K, committed 8512K, reserved 425984K
GC Heap History (20 events):
Event: 1076.797 GC heap after
{Heap after GC invocations=28 (full 0):
 garbage-first heap   total 94208K, used 53263K [0x0000000080000000, 0x0000000100000000)
  region size 1024K, 2 young (2048K), 2 survivors (2048K)
 Metaspace       used 59136K, committed 59840K, reserved 491520K
  class space    used 8182K, committed 8512K, reserved 425984K
}
Event: 1115.328 GC heap before
{Heap before GC invocations=28 (full 0):
 garbage-first heap   total 94208K, used 76815K [0x0000000080000000, 0x0000000100000000)
  region size 1024K, 26 young (26624K), 2 survivors (2048K)
 Metaspace       used 59186K, committed 59904K, reserved 491520K
  class space    used 8182K, committed 8512K, reserved 425984K
}
Event: 1115.371 GC heap after
{Heap after GC invocations=29 (full 0):
 garbage-first heap   total 94208K, used 53674K [0x0000000080000000, 0x0000000100000000)
  region size 1024K, 2 young (2048K), 2 survivors (2048K)
 Metaspace       used 59186K, committed 59904K, reserved 491520K
  class space    used 8182K, committed 8512K, reserved 425984K
}
Event: 1177.800 GC heap before
{Heap before GC invocations=30 (full 0):
 garbage-first heap   total 94208K, used 79274K [0x0000000080000000, 0x0000000100000000)
  region size 1024K, 27 young (27648K), 2 survivors (2048K)
 Metaspace       used 59192K, committed 59904K, reserved 491520K
  class space    used 8182K, committed 8512K, reserved 425984K
}
Event: 1177.811 GC heap after
{Heap after GC invocations=31 (full 0):
 garbage-first heap   total 113664K, used 53907K [0x0000000080000000, 0x0000000100000000)
  region size 1024K, 2 young (2048K), 2 survivors (2048K)
 Metaspace       used 59192K, committed 59904K, reserved 491520K
  class space    used 8182K, committed 8512K, reserved 425984K
}
Event: 1280.795 GC heap before
{Heap before GC invocations=31 (full 0):
 garbage-first heap   total 113664K, used 95891K [0x0000000080000000, 0x0000000100000000)
  region size 1024K, 43 young (44032K), 2 survivors (2048K)
 Metaspace       used 59252K, committed 59968K, reserved 491520K
  class space    used 8182K, committed 8512K, reserved 425984K
}
Event: 1280.837 GC heap after
{Heap after GC invocations=32 (full 0):
 garbage-first heap   total 113664K, used 54201K [0x0000000080000000, 0x0000000100000000)
  region size 1024K, 3 young (3072K), 3 survivors (3072K)
 Metaspace       used 59252K, committed 59968K, reserved 491520K
  class space    used 8182K, committed 8512K, reserved 425984K
}
Event: 1393.477 GC heap before
{Heap before GC invocations=33 (full 0):
 garbage-first heap   total 113664K, used 95161K [0x0000000080000000, 0x0000000100000000)
  region size 1024K, 43 young (44032K), 3 survivors (3072K)
 Metaspace       used 59325K, committed 60032K, reserved 491520K
  class space    used 8182K, committed 8512K, reserved 425984K
}
Event: 1393.497 GC heap after
{Heap after GC invocations=34 (full 0):
 garbage-first heap   total 113664K, used 54464K [0x0000000080000000, 0x0000000100000000)
  region size 1024K, 3 young (3072K), 3 survivors (3072K)
 Metaspace       used 59325K, committed 60032K, reserved 491520K
  class space    used 8182K, committed 8512K, reserved 425984K
}
Event: 1506.862 GC heap before
{Heap before GC invocations=34 (full 0):
 garbage-first heap   total 113664K, used 96448K [0x0000000080000000, 0x0000000100000000)
  region size 1024K, 44 young (45056K), 3 survivors (3072K)
 Metaspace       used 59399K, committed 60160K, reserved 491520K
  class space    used 8182K, committed 8512K, reserved 425984K
}
Event: 1506.984 GC heap after
{Heap after GC invocations=35 (full 0):
 garbage-first heap   total 113664K, used 54828K [0x0000000080000000, 0x0000000100000000)
  region size 1024K, 3 young (3072K), 3 survivors (3072K)
 Metaspace       used 59399K, committed 60160K, reserved 491520K
  class space    used 8182K, committed 8512K, reserved 425984K
}
Event: 2035.991 GC heap before
{Heap before GC invocations=36 (full 0):
 garbage-first heap   total 113664K, used 96812K [0x0000000080000000, 0x0000000100000000)
  region size 1024K, 44 young (45056K), 3 survivors (3072K)
 Metaspace       used 59438K, committed 60160K, reserved 491520K
  class space    used 8184K, committed 8512K, reserved 425984K
}
Event: 2036.035 GC heap after
{Heap after GC invocations=37 (full 0):
 garbage-first heap   total 113664K, used 55042K [0x0000000080000000, 0x0000000100000000)
  region size 1024K, 3 young (3072K), 3 survivors (3072K)
 Metaspace       used 59438K, committed 60160K, reserved 491520K
  class space    used 8184K, committed 8512K, reserved 425984K
}
Event: 8666.208 GC heap before
{Heap before GC invocations=37 (full 0):
 garbage-first heap   total 113664K, used 97026K [0x0000000080000000, 0x0000000100000000)
  region size 1024K, 44 young (45056K), 3 survivors (3072K)
 Metaspace       used 59466K, committed 60160K, reserved 491520K
  class space    used 8184K, committed 8512K, reserved 425984K
}
Event: 8670.995 GC heap after
{Heap after GC invocations=38 (full 0):
 garbage-first heap   total 113664K, used 55134K [0x0000000080000000, 0x0000000100000000)
  region size 1024K, 3 young (3072K), 3 survivors (3072K)
 Metaspace       used 59466K, committed 60160K, reserved 491520K
  class space    used 8184K, committed 8512K, reserved 425984K
}
Event: 8685.436 GC heap before
{Heap before GC invocations=38 (full 0):
 garbage-first heap   total 113664K, used 57182K [0x0000000080000000, 0x0000000100000000)
  region size 1024K, 5 young (5120K), 3 survivors (3072K)
 Metaspace       used 59466K, committed 60160K, reserved 491520K
  class space    used 8184K, committed 8512K, reserved 425984K
}
Event: 8688.672 GC heap after
{Heap after GC invocations=39 (full 0):
 garbage-first heap   total 113664K, used 55054K [0x0000000080000000, 0x0000000100000000)
  region size 1024K, 1 young (1024K), 1 survivors (1024K)
 Metaspace       used 59466K, committed 60160K, reserved 491520K
  class space    used 8184K, committed 8512K, reserved 425984K
}
Event: 8690.019 GC heap before
{Heap before GC invocations=39 (full 0):
 garbage-first heap   total 113664K, used 59150K [0x0000000080000000, 0x0000000100000000)
  region size 1024K, 5 young (5120K), 1 survivors (1024K)
 Metaspace       used 59466K, committed 60160K, reserved 491520K
  class space    used 8184K, committed 8512K, reserved 425984K
}
Event: 8692.151 GC heap after
{Heap after GC invocations=40 (full 0):
 garbage-first heap   total 113664K, used 54929K [0x0000000080000000, 0x0000000100000000)
  region size 1024K, 1 young (1024K), 1 survivors (1024K)
 Metaspace       used 59466K, committed 60160K, reserved 491520K
  class space    used 8184K, committed 8512K, reserved 425984K
}
Event: 8693.190 GC heap before
{Heap before GC invocations=40 (full 0):
 garbage-first heap   total 113664K, used 59025K [0x0000000080000000, 0x0000000100000000)
  region size 1024K, 5 young (5120K), 1 survivors (1024K)
 Metaspace       used 59466K, committed 60160K, reserved 491520K
  class space    used 8184K, committed 8512K, reserved 425984K
}

