# JRE version: OpenJDK Runtime Environment Temurin-17.0.15+6 (17.0.15+6) (build 17.0.15+6)
# Java VM: OpenJDK 64-Bit Server VM Temurin-17.0.15+6 (17.0.15+6, mixed mode, sharing, tiered, compressed oops, compressed class ptrs, g1 gc, windows-amd64)
GC Precious Log:
 CPUs: 16 total, 16 available
 Memory: 16088M
 Large Page Support: Disabled
 NUMA Support: Disabled
 Compressed Oops: Enabled (32-bit)
 Heap Region Size: 1M
 Heap Min Capacity: 8M
 Heap Initial Capacity: 252M
 Heap Max Capacity: 2G
 Pre-touch: Disabled
 Parallel Workers: 13
 Concurrent Workers: 3
 Concurrent Refinement Workers: 13
 Periodic GC: Disabled
Heap:
 garbage-first heap   total 115712K, used 53542K [0x0000000080000000, 0x0000000100000000)
  region size 1024K, 1 young (1024K), 1 survivors (1024K)
 Metaspace       used 58619K, committed 59200K, reserved 491520K
  class space    used 8111K, committed 8384K, reserved 425984K
GC Heap History (20 events):
Event: 789.738 GC heap after
{Heap after GC invocations=29 (full 0):
 garbage-first heap   total 115712K, used 52438K [0x0000000080000000, 0x0000000100000000)
  region size 1024K, 2 young (2048K), 2 survivors (2048K)
 Metaspace       used 58396K, committed 59072K, reserved 491520K
  class space    used 8107K, committed 8384K, reserved 425984K
}
Event: 876.722 GC heap before
{Heap before GC invocations=29 (full 0):
 garbage-first heap   total 115712K, used 95446K [0x0000000080000000, 0x0000000100000000)
  region size 1024K, 44 young (45056K), 2 survivors (2048K)
 Metaspace       used 58410K, committed 59072K, reserved 491520K
  class space    used 8107K, committed 8384K, reserved 425984K
}
Event: 876.762 GC heap after
{Heap after GC invocations=30 (full 0):
 garbage-first heap   total 115712K, used 52769K [0x0000000080000000, 0x0000000100000000)
  region size 1024K, 2 young (2048K), 2 survivors (2048K)
 Metaspace       used 58410K, committed 59072K, reserved 491520K
  class space    used 8107K, committed 8384K, reserved 425984K
}
Event: 988.121 GC heap before
{Heap before GC invocations=30 (full 0):
 garbage-first heap   total 115712K, used 96801K [0x0000000080000000, 0x0000000100000000)
  region size 1024K, 45 young (46080K), 2 survivors (2048K)
 Metaspace       used 58448K, committed 59072K, reserved 491520K
  class space    used 8107K, committed 8384K, reserved 425984K
}
Event: 988.137 GC heap after
{Heap after GC invocations=31 (full 0):
 garbage-first heap   total 115712K, used 53334K [0x0000000080000000, 0x0000000100000000)
  region size 1024K, 3 young (3072K), 3 survivors (3072K)
 Metaspace       used 58448K, committed 59072K, reserved 491520K
  class space    used 8107K, committed 8384K, reserved 425984K
}
Event: 1108.529 GC heap before
{Heap before GC invocations=31 (full 0):
 garbage-first heap   total 115712K, used 96342K [0x0000000080000000, 0x0000000100000000)
  region size 1024K, 46 young (47104K), 3 survivors (3072K)
 Metaspace       used 58483K, committed 59136K, reserved 491520K
  class space    used 8107K, committed 8384K, reserved 425984K
}
Event: 1108.583 GC heap after
{Heap after GC invocations=32 (full 0):
 garbage-first heap   total 115712K, used 53627K [0x0000000080000000, 0x0000000100000000)
  region size 1024K, 3 young (3072K), 3 survivors (3072K)
 Metaspace       used 58483K, committed 59136K, reserved 491520K
  class space    used 8107K, committed 8384K, reserved 425984K
}
Event: 1239.567 GC heap before
{Heap before GC invocations=32 (full 0):
 garbage-first heap   total 115712K, used 98683K [0x0000000080000000, 0x0000000100000000)
  region size 1024K, 47 young (48128K), 3 survivors (3072K)
 Metaspace       used 58516K, committed 59136K, reserved 491520K
  class space    used 8107K, committed 8384K, reserved 425984K
}
Event: 1239.722 GC heap after
{Heap after GC invocations=33 (full 0):
 garbage-first heap   total 115712K, used 53950K [0x0000000080000000, 0x0000000100000000)
  region size 1024K, 3 young (3072K), 3 survivors (3072K)
 Metaspace       used 58516K, committed 59136K, reserved 491520K
  class space    used 8107K, committed 8384K, reserved 425984K
}
Event: 8350.353 GC heap before
{Heap before GC invocations=33 (full 0):
 garbage-first heap   total 115712K, used 99006K [0x0000000080000000, 0x0000000100000000)
  region size 1024K, 47 young (48128K), 3 survivors (3072K)
 Metaspace       used 58600K, committed 59200K, reserved 491520K
  class space    used 8111K, committed 8384K, reserved 425984K
}
Event: 8350.432 GC heap after
{Heap after GC invocations=34 (full 0):
 garbage-first heap   total 115712K, used 53907K [0x0000000080000000, 0x0000000100000000)
  region size 1024K, 3 young (3072K), 3 survivors (3072K)
 Metaspace       used 58600K, committed 59200K, reserved 491520K
  class space    used 8111K, committed 8384K, reserved 425984K
}
Event: 8379.700 GC heap before
{Heap before GC invocations=34 (full 0):
 garbage-first heap   total 115712K, used 99987K [0x0000000080000000, 0x0000000100000000)
  region size 1024K, 48 young (49152K), 3 survivors (3072K)
 Metaspace       used 58614K, committed 59200K, reserved 491520K
  class space    used 8111K, committed 8384K, reserved 425984K
}
Event: 8381.168 GC heap after
{Heap after GC invocations=35 (full 0):
 garbage-first heap   total 115712K, used 53873K [0x0000000080000000, 0x0000000100000000)
  region size 1024K, 3 young (3072K), 3 survivors (3072K)
 Metaspace       used 58614K, committed 59200K, reserved 491520K
  class space    used 8111K, committed 8384K, reserved 425984K
}
Event: 8383.990 GC heap before
{Heap before GC invocations=35 (full 0):
 garbage-first heap   total 115712K, used 93809K [0x0000000080000000, 0x0000000100000000)
  region size 1024K, 42 young (43008K), 3 survivors (3072K)
 Metaspace       used 58619K, committed 59200K, reserved 491520K
  class space    used 8111K, committed 8384K, reserved 425984K
}
Event: 8386.934 GC heap after
{Heap after GC invocations=36 (full 0):
 garbage-first heap   total 115712K, used 53767K [0x0000000080000000, 0x0000000100000000)
  region size 1024K, 3 young (3072K), 3 survivors (3072K)
 Metaspace       used 58619K, committed 59200K, reserved 491520K
  class space    used 8111K, committed 8384K, reserved 425984K
}
Event: 8387.745 GC heap before
{Heap before GC invocations=36 (full 0):
 garbage-first heap   total 115712K, used 55815K [0x0000000080000000, 0x0000000100000000)
  region size 1024K, 5 young (5120K), 3 survivors (3072K)
 Metaspace       used 58619K, committed 59200K, reserved 491520K
  class space    used 8111K, committed 8384K, reserved 425984K
}
Event: 8389.946 GC heap after
{Heap after GC invocations=37 (full 0):
 garbage-first heap   total 115712K, used 53768K [0x0000000080000000, 0x0000000100000000)
  region size 1024K, 1 young (1024K), 1 survivors (1024K)
 Metaspace       used 58619K, committed 59200K, reserved 491520K
  class space    used 8111K, committed 8384K, reserved 425984K
}
Event: 8390.480 GC heap before
{Heap before GC invocations=37 (full 0):
 garbage-first heap   total 115712K, used 57864K [0x0000000080000000, 0x0000000100000000)
  region size 1024K, 5 young (5120K), 1 survivors (1024K)
 Metaspace       used 58619K, committed 59200K, reserved 491520K
  class space    used 8111K, committed 8384K, reserved 425984K
}
Event: 8394.871 GC heap after
{Heap after GC invocations=38 (full 0):
 garbage-first heap   total 115712K, used 53610K [0x0000000080000000, 0x0000000100000000)
  region size 1024K, 1 young (1024K), 1 survivors (1024K)
 Metaspace       used 58619K, committed 59200K, reserved 491520K
  class space    used 8111K, committed 8384K, reserved 425984K
}
Event: 8406.835 GC heap before
{Heap before GC invocations=38 (full 0):
 garbage-first heap   total 115712K, used 57706K [0x0000000080000000, 0x0000000100000000)
  region size 1024K, 5 young (5120K), 1 survivors (1024K)
 Metaspace       used 58619K, committed 59200K, reserved 491520K
  class space    used 8111K, committed 8384K, reserved 425984K
}

