# JRE version: OpenJDK Runtime Environment Temurin-17.0.15+6 (17.0.15+6) (build 17.0.15+6)
# Java VM: OpenJDK 64-Bit Server VM Temurin-17.0.15+6 (17.0.15+6, mixed mode, sharing, tiered, compressed oops, compressed class ptrs, g1 gc, windows-amd64)
GC Precious Log:
 CPUs: 16 total, 16 available
 Memory: 16088M
 Large Page Support: Disabled
 NUMA Support: Disabled
 Compressed Oops: Enabled (32-bit)
 Heap Region Size: 1M
 Heap Min Capacity: 8M
 Heap Initial Capacity: 252M
 Heap Max Capacity: 2G
 Pre-touch: Disabled
 Parallel Workers: 13
 Concurrent Workers: 3
 Concurrent Refinement Workers: 13
 Periodic GC: Disabled
Heap:
 garbage-first heap   total 110592K, used 53658K [0x0000000080000000, 0x0000000100000000)
  region size 1024K, 1 young (1024K), 1 survivors (1024K)
 Metaspace       used 58583K, committed 59200K, reserved 491520K
  class space    used 8100K, committed 8384K, reserved 425984K
GC Heap History (20 events):
Event: 953.585 GC heap after
{Heap after GC invocations=21 (full 0):
 garbage-first heap   total 87040K, used 48498K [0x0000000080000000, 0x0000000100000000)
  region size 1024K, 3 young (3072K), 3 survivors (3072K)
 Metaspace       used 52598K, committed 53248K, reserved 491520K
  class space    used 7287K, committed 7552K, reserved 425984K
}
Event: 954.408 GC heap before
{Heap before GC invocations=21 (full 0):
 garbage-first heap   total 87040K, used 72050K [0x0000000080000000, 0x0000000100000000)
  region size 1024K, 26 young (26624K), 3 survivors (3072K)
 Metaspace       used 54763K, committed 55360K, reserved 491520K
  class space    used 7536K, committed 7808K, reserved 425984K
}
Event: 954.415 GC heap after
{Heap after GC invocations=22 (full 0):
 garbage-first heap   total 87040K, used 51106K [0x0000000080000000, 0x0000000100000000)
  region size 1024K, 4 young (4096K), 4 survivors (4096K)
 Metaspace       used 54763K, committed 55360K, reserved 491520K
  class space    used 7536K, committed 7808K, reserved 425984K
}
Event: 955.292 GC heap before
{Heap before GC invocations=23 (full 0):
 garbage-first heap   total 89088K, used 71586K [0x0000000080000000, 0x0000000100000000)
  region size 1024K, 24 young (24576K), 4 survivors (4096K)
 Metaspace       used 56860K, committed 57472K, reserved 491520K
  class space    used 7834K, committed 8128K, reserved 425984K
}
Event: 955.298 GC heap after
{Heap after GC invocations=24 (full 0):
 garbage-first heap   total 89088K, used 52423K [0x0000000080000000, 0x0000000100000000)
  region size 1024K, 2 young (2048K), 2 survivors (2048K)
 Metaspace       used 56860K, committed 57472K, reserved 491520K
  class space    used 7834K, committed 8128K, reserved 425984K
}
Event: 955.764 GC heap before
{Heap before GC invocations=24 (full 0):
 garbage-first heap   total 89088K, used 73927K [0x0000000080000000, 0x0000000100000000)
  region size 1024K, 23 young (23552K), 2 survivors (2048K)
 Metaspace       used 57984K, committed 58624K, reserved 491520K
  class space    used 8030K, committed 8320K, reserved 425984K
}
Event: 955.768 GC heap after
{Heap after GC invocations=25 (full 0):
 garbage-first heap   total 89088K, used 53719K [0x0000000080000000, 0x0000000100000000)
  region size 1024K, 3 young (3072K), 3 survivors (3072K)
 Metaspace       used 57984K, committed 58624K, reserved 491520K
  class space    used 8030K, committed 8320K, reserved 425984K
}
Event: 994.816 GC heap before
{Heap before GC invocations=26 (full 0):
 garbage-first heap   total 92160K, used 74199K [0x0000000080000000, 0x0000000100000000)
  region size 1024K, 23 young (23552K), 3 survivors (3072K)
 Metaspace       used 58396K, committed 59008K, reserved 491520K
  class space    used 8088K, committed 8384K, reserved 425984K
}
Event: 994.823 GC heap after
{Heap after GC invocations=27 (full 0):
 garbage-first heap   total 110592K, used 54216K [0x0000000080000000, 0x0000000100000000)
  region size 1024K, 3 young (3072K), 3 survivors (3072K)
 Metaspace       used 58396K, committed 59008K, reserved 491520K
  class space    used 8088K, committed 8384K, reserved 425984K
}
Event: 1098.618 GC heap before
{Heap before GC invocations=27 (full 0):
 garbage-first heap   total 110592K, used 90056K [0x0000000080000000, 0x0000000100000000)
  region size 1024K, 38 young (38912K), 3 survivors (3072K)
 Metaspace       used 58413K, committed 59072K, reserved 491520K
  class space    used 8089K, committed 8384K, reserved 425984K
}
Event: 1098.724 GC heap after
{Heap after GC invocations=28 (full 0):
 garbage-first heap   total 110592K, used 54350K [0x0000000080000000, 0x0000000100000000)
  region size 1024K, 3 young (3072K), 3 survivors (3072K)
 Metaspace       used 58413K, committed 59072K, reserved 491520K
  class space    used 8089K, committed 8384K, reserved 425984K
}
Event: 8186.945 GC heap before
{Heap before GC invocations=29 (full 0):
 garbage-first heap   total 110592K, used 91214K [0x0000000080000000, 0x0000000100000000)
  region size 1024K, 39 young (39936K), 3 survivors (3072K)
 Metaspace       used 58508K, committed 59200K, reserved 491520K
  class space    used 8095K, committed 8384K, reserved 425984K
}
Event: 8187.010 GC heap after
{Heap after GC invocations=30 (full 0):
 garbage-first heap   total 110592K, used 54352K [0x0000000080000000, 0x0000000100000000)
  region size 1024K, 3 young (3072K), 3 survivors (3072K)
 Metaspace       used 58508K, committed 59200K, reserved 491520K
  class space    used 8095K, committed 8384K, reserved 425984K
}
Event: 8190.123 GC heap before
{Heap before GC invocations=30 (full 0):
 garbage-first heap   total 110592K, used 55376K [0x0000000080000000, 0x0000000100000000)
  region size 1024K, 5 young (5120K), 3 survivors (3072K)
 Metaspace       used 58530K, committed 59200K, reserved 491520K
  class space    used 8097K, committed 8384K, reserved 425984K
}
Event: 8190.384 GC heap after
{Heap after GC invocations=31 (full 0):
 garbage-first heap   total 110592K, used 53932K [0x0000000080000000, 0x0000000100000000)
  region size 1024K, 1 young (1024K), 1 survivors (1024K)
 Metaspace       used 58530K, committed 59200K, reserved 491520K
  class space    used 8097K, committed 8384K, reserved 425984K
}
Event: 8200.267 GC heap before
{Heap before GC invocations=31 (full 0):
 garbage-first heap   total 110592K, used 91820K [0x0000000080000000, 0x0000000100000000)
  region size 1024K, 38 young (38912K), 1 survivors (1024K)
 Metaspace       used 58578K, committed 59200K, reserved 491520K
  class space    used 8100K, committed 8384K, reserved 425984K
}
Event: 8205.076 GC heap after
{Heap after GC invocations=32 (full 0):
 garbage-first heap   total 110592K, used 53688K [0x0000000080000000, 0x0000000100000000)
  region size 1024K, 1 young (1024K), 1 survivors (1024K)
 Metaspace       used 58578K, committed 59200K, reserved 491520K
  class space    used 8100K, committed 8384K, reserved 425984K
}
Event: 8225.401 GC heap before
{Heap before GC invocations=32 (full 0):
 garbage-first heap   total 110592K, used 92600K [0x0000000080000000, 0x0000000100000000)
  region size 1024K, 39 young (39936K), 1 survivors (1024K)
 Metaspace       used 58582K, committed 59200K, reserved 491520K
  class space    used 8100K, committed 8384K, reserved 425984K
}
Event: 8227.017 GC heap after
{Heap after GC invocations=33 (full 0):
 garbage-first heap   total 110592K, used 53737K [0x0000000080000000, 0x0000000100000000)
  region size 1024K, 1 young (1024K), 1 survivors (1024K)
 Metaspace       used 58582K, committed 59200K, reserved 491520K
  class space    used 8100K, committed 8384K, reserved 425984K
}
Event: 8228.658 GC heap before
{Heap before GC invocations=33 (full 0):
 garbage-first heap   total 110592K, used 57833K [0x0000000080000000, 0x0000000100000000)
  region size 1024K, 5 young (5120K), 1 survivors (1024K)
 Metaspace       used 58583K, committed 59200K, reserved 491520K
  class space    used 8100K, committed 8384K, reserved 425984K
}

