# JRE version: OpenJDK Runtime Environment Temurin-17.0.15+6 (17.0.15+6) (build 17.0.15+6)
# Java VM: OpenJDK 64-Bit Server VM Temurin-17.0.15+6 (17.0.15+6, mixed mode, sharing, tiered, compressed oops, compressed class ptrs, g1 gc, windows-amd64)
GC Precious Log:
 CPUs: 16 total, 16 available
 Memory: 16088M
 Large Page Support: Disabled
 NUMA Support: Disabled
 Compressed Oops: Enabled (32-bit)
 Heap Region Size: 1M
 Heap Min Capacity: 8M
 Heap Initial Capacity: 252M
 Heap Max Capacity: 2G
 Pre-touch: Disabled
 Parallel Workers: 13
 Concurrent Workers: 3
 Concurrent Refinement Workers: 13
 Periodic GC: Disabled
Heap:
 garbage-first heap   total 142336K, used 53277K [0x0000000080000000, 0x0000000100000000)
  region size 1024K, 1 young (1024K), 1 survivors (1024K)
 Metaspace       used 58623K, committed 59200K, reserved 491520K
  class space    used 8120K, committed 8384K, reserved 425984K
GC Heap History (20 events):
Event: 1082.348 GC heap after
{Heap after GC invocations=27 (full 0):
 garbage-first heap   total 86016K, used 51397K [0x0000000080000000, 0x0000000100000000)
  region size 1024K, 3 young (3072K), 3 survivors (3072K)
 Metaspace       used 56970K, committed 57536K, reserved 491520K
  class space    used 7863K, committed 8128K, reserved 425984K
}
Event: 1082.856 GC heap before
{Heap before GC invocations=28 (full 0):
 garbage-first heap   total 89088K, used 70853K [0x0000000080000000, 0x0000000100000000)
  region size 1024K, 22 young (22528K), 3 survivors (3072K)
 Metaspace       used 58360K, committed 59008K, reserved 491520K
  class space    used 8101K, committed 8384K, reserved 425984K
}
Event: 1082.858 GC heap after
{Heap after GC invocations=29 (full 0):
 garbage-first heap   total 89088K, used 52753K [0x0000000080000000, 0x0000000100000000)
  region size 1024K, 3 young (3072K), 3 survivors (3072K)
 Metaspace       used 58360K, committed 59008K, reserved 491520K
  class space    used 8101K, committed 8384K, reserved 425984K
}
Event: 1131.877 GC heap before
{Heap before GC invocations=29 (full 0):
 garbage-first heap   total 89088K, used 74257K [0x0000000080000000, 0x0000000100000000)
  region size 1024K, 24 young (24576K), 3 survivors (3072K)
 Metaspace       used 58458K, committed 59136K, reserved 491520K
  class space    used 8114K, committed 8384K, reserved 425984K
}
Event: 1131.883 GC heap after
{Heap after GC invocations=30 (full 0):
 garbage-first heap   total 89088K, used 53066K [0x0000000080000000, 0x0000000100000000)
  region size 1024K, 2 young (2048K), 2 survivors (2048K)
 Metaspace       used 58458K, committed 59136K, reserved 491520K
  class space    used 8114K, committed 8384K, reserved 425984K
}
Event: 1183.533 GC heap before
{Heap before GC invocations=31 (full 0):
 garbage-first heap   total 92160K, used 74570K [0x0000000080000000, 0x0000000100000000)
  region size 1024K, 23 young (23552K), 2 survivors (2048K)
 Metaspace       used 58482K, committed 59136K, reserved 491520K
  class space    used 8115K, committed 8384K, reserved 425984K
}
Event: 1183.538 GC heap after
{Heap after GC invocations=32 (full 0):
 garbage-first heap   total 110592K, used 53217K [0x0000000080000000, 0x0000000100000000)
  region size 1024K, 2 young (2048K), 2 survivors (2048K)
 Metaspace       used 58482K, committed 59136K, reserved 491520K
  class space    used 8115K, committed 8384K, reserved 425984K
}
Event: 1275.930 GC heap before
{Heap before GC invocations=32 (full 0):
 garbage-first heap   total 110592K, used 90081K [0x0000000080000000, 0x0000000100000000)
  region size 1024K, 38 young (38912K), 2 survivors (2048K)
 Metaspace       used 58492K, committed 59136K, reserved 491520K
  class space    used 8115K, committed 8384K, reserved 425984K
}
Event: 1276.056 GC heap after
{Heap after GC invocations=33 (full 0):
 garbage-first heap   total 110592K, used 53389K [0x0000000080000000, 0x0000000100000000)
  region size 1024K, 3 young (3072K), 3 survivors (3072K)
 Metaspace       used 58492K, committed 59136K, reserved 491520K
  class space    used 8115K, committed 8384K, reserved 425984K
}
Event: 1380.959 GC heap before
{Heap before GC invocations=34 (full 0):
 garbage-first heap   total 110592K, used 91277K [0x0000000080000000, 0x0000000100000000)
  region size 1024K, 40 young (40960K), 3 survivors (3072K)
 Metaspace       used 58513K, committed 59136K, reserved 491520K
  class space    used 8115K, committed 8384K, reserved 425984K
}
Event: 1380.981 GC heap after
{Heap after GC invocations=35 (full 0):
 garbage-first heap   total 110592K, used 53724K [0x0000000080000000, 0x0000000100000000)
  region size 1024K, 3 young (3072K), 3 survivors (3072K)
 Metaspace       used 58513K, committed 59136K, reserved 491520K
  class space    used 8115K, committed 8384K, reserved 425984K
}
Event: 1493.900 GC heap before
{Heap before GC invocations=35 (full 0):
 garbage-first heap   total 110592K, used 92636K [0x0000000080000000, 0x0000000100000000)
  region size 1024K, 41 young (41984K), 3 survivors (3072K)
 Metaspace       used 58519K, committed 59136K, reserved 491520K
  class space    used 8115K, committed 8384K, reserved 425984K
}
Event: 1494.044 GC heap after
{Heap after GC invocations=36 (full 0):
 garbage-first heap   total 110592K, used 53774K [0x0000000080000000, 0x0000000100000000)
  region size 1024K, 3 young (3072K), 3 survivors (3072K)
 Metaspace       used 58519K, committed 59136K, reserved 491520K
  class space    used 8115K, committed 8384K, reserved 425984K
}
Event: 8610.624 GC heap before
{Heap before GC invocations=37 (full 0):
 garbage-first heap   total 110592K, used 92686K [0x0000000080000000, 0x0000000100000000)
  region size 1024K, 41 young (41984K), 3 survivors (3072K)
 Metaspace       used 58574K, committed 59200K, reserved 491520K
  class space    used 8120K, committed 8384K, reserved 425984K
}
Event: 8610.708 GC heap after
{Heap after GC invocations=38 (full 0):
 garbage-first heap   total 110592K, used 53844K [0x0000000080000000, 0x0000000100000000)
  region size 1024K, 3 young (3072K), 3 survivors (3072K)
 Metaspace       used 58574K, committed 59200K, reserved 491520K
  class space    used 8120K, committed 8384K, reserved 425984K
}
Event: 8623.329 GC heap before
{Heap before GC invocations=38 (full 0):
 garbage-first heap   total 110592K, used 93780K [0x0000000080000000, 0x0000000100000000)
  region size 1024K, 42 young (43008K), 3 survivors (3072K)
 Metaspace       used 58623K, committed 59200K, reserved 491520K
  class space    used 8120K, committed 8384K, reserved 425984K
}
Event: 8628.200 GC heap after
{Heap after GC invocations=39 (full 0):
 garbage-first heap   total 110592K, used 53493K [0x0000000080000000, 0x0000000100000000)
  region size 1024K, 3 young (3072K), 3 survivors (3072K)
 Metaspace       used 58623K, committed 59200K, reserved 491520K
  class space    used 8120K, committed 8384K, reserved 425984K
}
Event: 8642.133 GC heap before
{Heap before GC invocations=39 (full 0):
 garbage-first heap   total 110592K, used 55541K [0x0000000080000000, 0x0000000100000000)
  region size 1024K, 5 young (5120K), 3 survivors (3072K)
 Metaspace       used 58623K, committed 59200K, reserved 491520K
  class space    used 8120K, committed 8384K, reserved 425984K
}
Event: 8647.205 GC heap after
{Heap after GC invocations=40 (full 0):
 garbage-first heap   total 110592K, used 53398K [0x0000000080000000, 0x0000000100000000)
  region size 1024K, 1 young (1024K), 1 survivors (1024K)
 Metaspace       used 58623K, committed 59200K, reserved 491520K
  class space    used 8120K, committed 8384K, reserved 425984K
}
Event: 8648.273 GC heap before
{Heap before GC invocations=40 (full 0):
 garbage-first heap   total 110592K, used 57494K [0x0000000080000000, 0x0000000100000000)
  region size 1024K, 5 young (5120K), 1 survivors (1024K)
 Metaspace       used 58623K, committed 59200K, reserved 491520K
  class space    used 8120K, committed 8384K, reserved 425984K
}

