# JRE version: OpenJDK Runtime Environment Temurin-17.0.15+6 (17.0.15+6) (build 17.0.15+6)
# Java VM: OpenJDK 64-Bit Server VM Temurin-17.0.15+6 (17.0.15+6, mixed mode, sharing, tiered, compressed oops, compressed class ptrs, g1 gc, windows-amd64)
GC Precious Log:
 CPUs: 16 total, 16 available
 Memory: 16088M
 Large Page Support: Disabled
 NUMA Support: Disabled
 Compressed Oops: Enabled (32-bit)
 Heap Region Size: 1M
 Heap Min Capacity: 8M
 Heap Initial Capacity: 252M
 Heap Max Capacity: 2G
 Pre-touch: Disabled
 Parallel Workers: 13
 Concurrent Workers: 3
 Concurrent Refinement Workers: 13
 Periodic GC: Disabled
Heap:
 garbage-first heap   total 110592K, used 53039K [0x0000000080000000, 0x0000000100000000)
  region size 1024K, 1 young (1024K), 1 survivors (1024K)
 Metaspace       used 58644K, committed 59264K, reserved 491520K
  class space    used 8104K, committed 8384K, reserved 425984K
GC Heap History (20 events):
Event: 1149.824 GC heap after
{Heap after GC invocations=30 (full 0):
 garbage-first heap   total 91136K, used 52547K [0x0000000080000000, 0x0000000100000000)
  region size 1024K, 2 young (2048K), 2 survivors (2048K)
 Metaspace       used 58420K, committed 59008K, reserved 491520K
  class space    used 8094K, committed 8384K, reserved 425984K
}
Event: 1204.025 GC heap before
{Heap before GC invocations=31 (full 0):
 garbage-first heap   total 92160K, used 76099K [0x0000000080000000, 0x0000000100000000)
  region size 1024K, 25 young (25600K), 2 survivors (2048K)
 Metaspace       used 58432K, committed 59072K, reserved 491520K
  class space    used 8094K, committed 8384K, reserved 425984K
}
Event: 1204.028 GC heap after
{Heap after GC invocations=32 (full 0):
 garbage-first heap   total 92160K, used 52492K [0x0000000080000000, 0x0000000100000000)
  region size 1024K, 2 young (2048K), 2 survivors (2048K)
 Metaspace       used 58432K, committed 59072K, reserved 491520K
  class space    used 8094K, committed 8384K, reserved 425984K
}
Event: 1265.668 GC heap before
{Heap before GC invocations=32 (full 0):
 garbage-first heap   total 92160K, used 77068K [0x0000000080000000, 0x0000000100000000)
  region size 1024K, 26 young (26624K), 2 survivors (2048K)
 Metaspace       used 58436K, committed 59072K, reserved 491520K
  class space    used 8094K, committed 8384K, reserved 425984K
}
Event: 1265.692 GC heap after
{Heap after GC invocations=33 (full 0):
 garbage-first heap   total 92160K, used 52680K [0x0000000080000000, 0x0000000100000000)
  region size 1024K, 2 young (2048K), 2 survivors (2048K)
 Metaspace       used 58436K, committed 59072K, reserved 491520K
  class space    used 8094K, committed 8384K, reserved 425984K
}
Event: 1337.802 GC heap before
{Heap before GC invocations=34 (full 0):
 garbage-first heap   total 92160K, used 78280K [0x0000000080000000, 0x0000000100000000)
  region size 1024K, 27 young (27648K), 2 survivors (2048K)
 Metaspace       used 58447K, committed 59072K, reserved 491520K
  class space    used 8094K, committed 8384K, reserved 425984K
}
Event: 1337.825 GC heap after
{Heap after GC invocations=35 (full 0):
 garbage-first heap   total 110592K, used 52858K [0x0000000080000000, 0x0000000100000000)
  region size 1024K, 2 young (2048K), 2 survivors (2048K)
 Metaspace       used 58447K, committed 59072K, reserved 491520K
  class space    used 8094K, committed 8384K, reserved 425984K
}
Event: 1440.613 GC heap before
{Heap before GC invocations=35 (full 0):
 garbage-first heap   total 110592K, used 91770K [0x0000000080000000, 0x0000000100000000)
  region size 1024K, 41 young (41984K), 2 survivors (2048K)
 Metaspace       used 58465K, committed 59072K, reserved 491520K
  class space    used 8094K, committed 8384K, reserved 425984K
}
Event: 1440.645 GC heap after
{Heap after GC invocations=36 (full 0):
 garbage-first heap   total 110592K, used 52995K [0x0000000080000000, 0x0000000100000000)
  region size 1024K, 3 young (3072K), 3 survivors (3072K)
 Metaspace       used 58465K, committed 59072K, reserved 491520K
  class space    used 8094K, committed 8384K, reserved 425984K
}
Event: 1562.360 GC heap before
{Heap before GC invocations=37 (full 0):
 garbage-first heap   total 110592K, used 92931K [0x0000000080000000, 0x0000000100000000)
  region size 1024K, 42 young (43008K), 3 survivors (3072K)
 Metaspace       used 58517K, committed 59200K, reserved 491520K
  class space    used 8094K, committed 8384K, reserved 425984K
}
Event: 1562.452 GC heap after
{Heap after GC invocations=38 (full 0):
 garbage-first heap   total 110592K, used 53429K [0x0000000080000000, 0x0000000100000000)
  region size 1024K, 3 young (3072K), 3 survivors (3072K)
 Metaspace       used 58517K, committed 59200K, reserved 491520K
  class space    used 8094K, committed 8384K, reserved 425984K
}
Event: 8632.438 GC heap before
{Heap before GC invocations=38 (full 0):
 garbage-first heap   total 110592K, used 93365K [0x0000000080000000, 0x0000000100000000)
  region size 1024K, 42 young (43008K), 3 survivors (3072K)
 Metaspace       used 58630K, committed 59264K, reserved 491520K
  class space    used 8102K, committed 8384K, reserved 425984K
}
Event: 8639.215 GC heap after
{Heap after GC invocations=39 (full 0):
 garbage-first heap   total 110592K, used 53283K [0x0000000080000000, 0x0000000100000000)
  region size 1024K, 3 young (3072K), 3 survivors (3072K)
 Metaspace       used 58630K, committed 59264K, reserved 491520K
  class space    used 8102K, committed 8384K, reserved 425984K
}
Event: 8658.345 GC heap before
{Heap before GC invocations=39 (full 0):
 garbage-first heap   total 110592K, used 55331K [0x0000000080000000, 0x0000000100000000)
  region size 1024K, 5 young (5120K), 3 survivors (3072K)
 Metaspace       used 58631K, committed 59264K, reserved 491520K
  class space    used 8102K, committed 8384K, reserved 425984K
}
Event: 8660.944 GC heap after
{Heap after GC invocations=40 (full 0):
 garbage-first heap   total 110592K, used 53346K [0x0000000080000000, 0x0000000100000000)
  region size 1024K, 1 young (1024K), 1 survivors (1024K)
 Metaspace       used 58631K, committed 59264K, reserved 491520K
  class space    used 8102K, committed 8384K, reserved 425984K
}
Event: 8672.214 GC heap before
{Heap before GC invocations=40 (full 0):
 garbage-first heap   total 110592K, used 57442K [0x0000000080000000, 0x0000000100000000)
  region size 1024K, 5 young (5120K), 1 survivors (1024K)
 Metaspace       used 58640K, committed 59264K, reserved 491520K
  class space    used 8103K, committed 8384K, reserved 425984K
}
Event: 8672.825 GC heap after
{Heap after GC invocations=41 (full 0):
 garbage-first heap   total 110592K, used 53227K [0x0000000080000000, 0x0000000100000000)
  region size 1024K, 1 young (1024K), 1 survivors (1024K)
 Metaspace       used 58640K, committed 59264K, reserved 491520K
  class space    used 8103K, committed 8384K, reserved 425984K
}
Event: 8673.852 GC heap before
{Heap before GC invocations=41 (full 0):
 garbage-first heap   total 110592K, used 57323K [0x0000000080000000, 0x0000000100000000)
  region size 1024K, 5 young (5120K), 1 survivors (1024K)
 Metaspace       used 58642K, committed 59264K, reserved 491520K
  class space    used 8103K, committed 8384K, reserved 425984K
}
Event: 8674.185 GC heap after
{Heap after GC invocations=42 (full 0):
 garbage-first heap   total 110592K, used 53178K [0x0000000080000000, 0x0000000100000000)
  region size 1024K, 1 young (1024K), 1 survivors (1024K)
 Metaspace       used 58642K, committed 59264K, reserved 491520K
  class space    used 8103K, committed 8384K, reserved 425984K
}
Event: 8675.092 GC heap before
{Heap before GC invocations=42 (full 0):
 garbage-first heap   total 110592K, used 57274K [0x0000000080000000, 0x0000000100000000)
  region size 1024K, 5 young (5120K), 1 survivors (1024K)
 Metaspace       used 58644K, committed 59264K, reserved 491520K
  class space    used 8104K, committed 8384K, reserved 425984K
}

