# JRE version: OpenJDK Runtime Environment Temurin-17.0.15+6 (17.0.15+6) (build 17.0.15+6)
# Java VM: OpenJDK 64-Bit Server VM Temurin-17.0.15+6 (17.0.15+6, mixed mode, sharing, tiered, compressed oops, compressed class ptrs, g1 gc, windows-amd64)
GC Precious Log:
 CPUs: 16 total, 16 available
 Memory: 16088M
 Large Page Support: Disabled
 NUMA Support: Disabled
 Compressed Oops: Enabled (32-bit)
 Heap Region Size: 1M
 Heap Min Capacity: 8M
 Heap Initial Capacity: 252M
 Heap Max Capacity: 2G
 Pre-touch: Disabled
 Parallel Workers: 13
 Concurrent Workers: 3
 Concurrent Refinement Workers: 13
 Periodic GC: Disabled
Heap:
 garbage-first heap   total 118784K, used 54086K [0x0000000080000000, 0x0000000100000000)
  region size 1024K, 1 young (1024K), 1 survivors (1024K)
 Metaspace       used 58479K, committed 59136K, reserved 491520K
  class space    used 8105K, committed 8384K, reserved 425984K
GC Heap History (20 events):
Event: 718.423 GC heap after
{Heap after GC invocations=26 (full 0):
 garbage-first heap   total 86016K, used 50969K [0x0000000080000000, 0x0000000100000000)
  region size 1024K, 3 young (3072K), 3 survivors (3072K)
 Metaspace       used 54718K, committed 55296K, reserved 491520K
  class space    used 7548K, committed 7808K, reserved 425984K
}
Event: 719.955 GC heap before
{Heap before GC invocations=26 (full 0):
 garbage-first heap   total 86016K, used 70425K [0x0000000080000000, 0x0000000100000000)
  region size 1024K, 23 young (23552K), 3 survivors (3072K)
 Metaspace       used 56794K, committed 57408K, reserved 491520K
  class space    used 7847K, committed 8128K, reserved 425984K
}
Event: 719.963 GC heap after
{Heap after GC invocations=27 (full 0):
 garbage-first heap   total 86016K, used 52360K [0x0000000080000000, 0x0000000100000000)
  region size 1024K, 3 young (3072K), 3 survivors (3072K)
 Metaspace       used 56794K, committed 57408K, reserved 491520K
  class space    used 7847K, committed 8128K, reserved 425984K
}
Event: 720.374 GC heap before
{Heap before GC invocations=28 (full 0):
 garbage-first heap   total 97280K, used 70792K [0x0000000080000000, 0x0000000100000000)
  region size 1024K, 21 young (21504K), 3 survivors (3072K)
 Metaspace       used 57715K, committed 58304K, reserved 491520K
  class space    used 8014K, committed 8256K, reserved 425984K
}
Event: 720.379 GC heap after
{Heap after GC invocations=29 (full 0):
 garbage-first heap   total 118784K, used 53566K [0x0000000080000000, 0x0000000100000000)
  region size 1024K, 3 young (3072K), 3 survivors (3072K)
 Metaspace       used 57715K, committed 58304K, reserved 491520K
  class space    used 8014K, committed 8256K, reserved 425984K
}
Event: 809.051 GC heap before
{Heap before GC invocations=29 (full 0):
 garbage-first heap   total 118784K, used 94526K [0x0000000080000000, 0x0000000100000000)
  region size 1024K, 43 young (44032K), 3 survivors (3072K)
 Metaspace       used 58359K, committed 59008K, reserved 491520K
  class space    used 8101K, committed 8384K, reserved 425984K
}
Event: 809.078 GC heap after
{Heap after GC invocations=30 (full 0):
 garbage-first heap   total 118784K, used 53981K [0x0000000080000000, 0x0000000100000000)
  region size 1024K, 4 young (4096K), 4 survivors (4096K)
 Metaspace       used 58359K, committed 59008K, reserved 491520K
  class space    used 8101K, committed 8384K, reserved 425984K
}
Event: 915.052 GC heap before
{Heap before GC invocations=30 (full 0):
 garbage-first heap   total 118784K, used 95965K [0x0000000080000000, 0x0000000100000000)
  region size 1024K, 45 young (46080K), 4 survivors (4096K)
 Metaspace       used 58376K, committed 59008K, reserved 491520K
  class space    used 8101K, committed 8384K, reserved 425984K
}
Event: 915.076 GC heap after
{Heap after GC invocations=31 (full 0):
 garbage-first heap   total 118784K, used 54303K [0x0000000080000000, 0x0000000100000000)
  region size 1024K, 3 young (3072K), 3 survivors (3072K)
 Metaspace       used 58376K, committed 59008K, reserved 491520K
  class space    used 8101K, committed 8384K, reserved 425984K
}
Event: 1469.962 GC heap before
{Heap before GC invocations=31 (full 0):
 garbage-first heap   total 118784K, used 97311K [0x0000000080000000, 0x0000000100000000)
  region size 1024K, 45 young (46080K), 3 survivors (3072K)
 Metaspace       used 58426K, committed 59008K, reserved 491520K
  class space    used 8105K, committed 8384K, reserved 425984K
}
Event: 1470.067 GC heap after
{Heap after GC invocations=32 (full 0):
 garbage-first heap   total 118784K, used 54312K [0x0000000080000000, 0x0000000100000000)
  region size 1024K, 3 young (3072K), 3 survivors (3072K)
 Metaspace       used 58426K, committed 59008K, reserved 491520K
  class space    used 8105K, committed 8384K, reserved 425984K
}
Event: 8092.622 GC heap before
{Heap before GC invocations=32 (full 0):
 garbage-first heap   total 118784K, used 98344K [0x0000000080000000, 0x0000000100000000)
  region size 1024K, 46 young (47104K), 3 survivors (3072K)
 Metaspace       used 58479K, committed 59136K, reserved 491520K
  class space    used 8105K, committed 8384K, reserved 425984K
}
Event: 8095.153 GC heap after
{Heap after GC invocations=33 (full 0):
 garbage-first heap   total 118784K, used 54341K [0x0000000080000000, 0x0000000100000000)
  region size 1024K, 3 young (3072K), 3 survivors (3072K)
 Metaspace       used 58479K, committed 59136K, reserved 491520K
  class space    used 8105K, committed 8384K, reserved 425984K
}
Event: 8095.804 GC heap before
{Heap before GC invocations=33 (full 0):
 garbage-first heap   total 118784K, used 56389K [0x0000000080000000, 0x0000000100000000)
  region size 1024K, 5 young (5120K), 3 survivors (3072K)
 Metaspace       used 58479K, committed 59136K, reserved 491520K
  class space    used 8105K, committed 8384K, reserved 425984K
}
Event: 8099.177 GC heap after
{Heap after GC invocations=34 (full 0):
 garbage-first heap   total 118784K, used 54221K [0x0000000080000000, 0x0000000100000000)
  region size 1024K, 1 young (1024K), 1 survivors (1024K)
 Metaspace       used 58479K, committed 59136K, reserved 491520K
  class space    used 8105K, committed 8384K, reserved 425984K
}
Event: 8099.700 GC heap before
{Heap before GC invocations=34 (full 0):
 garbage-first heap   total 118784K, used 58317K [0x0000000080000000, 0x0000000100000000)
  region size 1024K, 5 young (5120K), 1 survivors (1024K)
 Metaspace       used 58479K, committed 59136K, reserved 491520K
  class space    used 8105K, committed 8384K, reserved 425984K
}
Event: 8105.683 GC heap after
{Heap after GC invocations=35 (full 0):
 garbage-first heap   total 118784K, used 54135K [0x0000000080000000, 0x0000000100000000)
  region size 1024K, 1 young (1024K), 1 survivors (1024K)
 Metaspace       used 58479K, committed 59136K, reserved 491520K
  class space    used 8105K, committed 8384K, reserved 425984K
}
Event: 8123.090 GC heap before
{Heap before GC invocations=35 (full 0):
 garbage-first heap   total 118784K, used 58231K [0x0000000080000000, 0x0000000100000000)
  region size 1024K, 5 young (5120K), 1 survivors (1024K)
 Metaspace       used 58479K, committed 59136K, reserved 491520K
  class space    used 8105K, committed 8384K, reserved 425984K
}
Event: 8125.621 GC heap after
{Heap after GC invocations=36 (full 0):
 garbage-first heap   total 118784K, used 54176K [0x0000000080000000, 0x0000000100000000)
  region size 1024K, 1 young (1024K), 1 survivors (1024K)
 Metaspace       used 58479K, committed 59136K, reserved 491520K
  class space    used 8105K, committed 8384K, reserved 425984K
}
Event: 8126.890 GC heap before
{Heap before GC invocations=36 (full 0):
 garbage-first heap   total 118784K, used 58272K [0x0000000080000000, 0x0000000100000000)
  region size 1024K, 5 young (5120K), 1 survivors (1024K)
 Metaspace       used 58479K, committed 59136K, reserved 491520K
  class space    used 8105K, committed 8384K, reserved 425984K
}

