# JRE version: OpenJDK Runtime Environment Temurin-17.0.15+6 (17.0.15+6) (build 17.0.15+6)
# Java VM: OpenJDK 64-Bit Server VM Temurin-17.0.15+6 (17.0.15+6, mixed mode, sharing, tiered, compressed oops, compressed class ptrs, g1 gc, windows-amd64)
GC Precious Log:
 CPUs: 16 total, 16 available
 Memory: 16088M
 Large Page Support: Disabled
 NUMA Support: Disabled
 Compressed Oops: Enabled (32-bit)
 Heap Region Size: 1M
 Heap Min Capacity: 8M
 Heap Initial Capacity: 252M
 Heap Max Capacity: 2G
 Pre-touch: Disabled
 Parallel Workers: 13
 Concurrent Workers: 3
 Concurrent Refinement Workers: 13
 Periodic GC: Disabled
Heap:
 garbage-first heap   total 371712K, used 53989K [0x0000000080000000, 0x0000000100000000)
  region size 1024K, 1 young (1024K), 1 survivors (1024K)
 Metaspace       used 58709K, committed 59328K, reserved 491520K
  class space    used 8097K, committed 8384K, reserved 425984K
GC Heap History (20 events):
Event: 8434.060 GC heap after
{Heap after GC invocations=37 (full 0):
 garbage-first heap   total 123904K, used 54179K [0x0000000080000000, 0x0000000100000000)
  region size 1024K, 3 young (3072K), 3 survivors (3072K)
 Metaspace       used 58652K, committed 59328K, reserved 491520K
  class space    used 8095K, committed 8384K, reserved 425984K
}
Event: 8434.422 GC heap before
{Heap before GC invocations=37 (full 0):
 garbage-first heap   total 123904K, used 57251K [0x0000000080000000, 0x0000000100000000)
  region size 1024K, 6 young (6144K), 3 survivors (3072K)
 Metaspace       used 58653K, committed 59328K, reserved 491520K
  class space    used 8095K, committed 8384K, reserved 425984K
}
Event: 8437.041 GC heap after
{Heap after GC invocations=38 (full 0):
 garbage-first heap   total 123904K, used 54065K [0x0000000080000000, 0x0000000100000000)
  region size 1024K, 1 young (1024K), 1 survivors (1024K)
 Metaspace       used 58653K, committed 59328K, reserved 491520K
  class space    used 8095K, committed 8384K, reserved 425984K
}
Event: 8437.479 GC heap before
{Heap before GC invocations=38 (full 0):
 garbage-first heap   total 123904K, used 59185K [0x0000000080000000, 0x0000000100000000)
  region size 1024K, 6 young (6144K), 1 survivors (1024K)
 Metaspace       used 58653K, committed 59328K, reserved 491520K
  class space    used 8095K, committed 8384K, reserved 425984K
}
Event: 8437.652 GC heap after
{Heap after GC invocations=39 (full 0):
 garbage-first heap   total 123904K, used 53952K [0x0000000080000000, 0x0000000100000000)
  region size 1024K, 1 young (1024K), 1 survivors (1024K)
 Metaspace       used 58653K, committed 59328K, reserved 491520K
  class space    used 8095K, committed 8384K, reserved 425984K
}
Event: 8438.994 GC heap before
{Heap before GC invocations=39 (full 0):
 garbage-first heap   total 123904K, used 59072K [0x0000000080000000, 0x0000000100000000)
  region size 1024K, 6 young (6144K), 1 survivors (1024K)
 Metaspace       used 58654K, committed 59328K, reserved 491520K
  class space    used 8095K, committed 8384K, reserved 425984K
}
Event: 8440.588 GC heap after
{Heap after GC invocations=40 (full 0):
 garbage-first heap   total 123904K, used 53935K [0x0000000080000000, 0x0000000100000000)
  region size 1024K, 1 young (1024K), 1 survivors (1024K)
 Metaspace       used 58654K, committed 59328K, reserved 491520K
  class space    used 8095K, committed 8384K, reserved 425984K
}
Event: 8441.952 GC heap before
{Heap before GC invocations=40 (full 0):
 garbage-first heap   total 123904K, used 59055K [0x0000000080000000, 0x0000000100000000)
  region size 1024K, 6 young (6144K), 1 survivors (1024K)
 Metaspace       used 58658K, committed 59328K, reserved 491520K
  class space    used 8095K, committed 8384K, reserved 425984K
}
Event: 8445.077 GC heap after
{Heap after GC invocations=41 (full 0):
 garbage-first heap   total 371712K, used 54016K [0x0000000080000000, 0x0000000100000000)
  region size 1024K, 1 young (1024K), 1 survivors (1024K)
 Metaspace       used 58658K, committed 59328K, reserved 491520K
  class space    used 8095K, committed 8384K, reserved 425984K
}
Event: 8471.926 GC heap before
{Heap before GC invocations=41 (full 0):
 garbage-first heap   total 371712K, used 71424K [0x0000000080000000, 0x0000000100000000)
  region size 1024K, 18 young (18432K), 1 survivors (1024K)
 Metaspace       used 58671K, committed 59328K, reserved 491520K
  class space    used 8095K, committed 8384K, reserved 425984K
}
Event: 8472.157 GC heap after
{Heap after GC invocations=42 (full 0):
 garbage-first heap   total 371712K, used 53984K [0x0000000080000000, 0x0000000100000000)
  region size 1024K, 1 young (1024K), 1 survivors (1024K)
 Metaspace       used 58671K, committed 59328K, reserved 491520K
  class space    used 8095K, committed 8384K, reserved 425984K
}
Event: 8475.907 GC heap before
{Heap before GC invocations=42 (full 0):
 garbage-first heap   total 371712K, used 71392K [0x0000000080000000, 0x0000000100000000)
  region size 1024K, 18 young (18432K), 1 survivors (1024K)
 Metaspace       used 58672K, committed 59328K, reserved 491520K
  class space    used 8095K, committed 8384K, reserved 425984K
}
Event: 8476.087 GC heap after
{Heap after GC invocations=43 (full 0):
 garbage-first heap   total 371712K, used 54038K [0x0000000080000000, 0x0000000100000000)
  region size 1024K, 1 young (1024K), 1 survivors (1024K)
 Metaspace       used 58672K, committed 59328K, reserved 491520K
  class space    used 8095K, committed 8384K, reserved 425984K
}
Event: 8480.078 GC heap before
{Heap before GC invocations=43 (full 0):
 garbage-first heap   total 371712K, used 71446K [0x0000000080000000, 0x0000000100000000)
  region size 1024K, 18 young (18432K), 1 survivors (1024K)
 Metaspace       used 58698K, committed 59328K, reserved 491520K
  class space    used 8096K, committed 8384K, reserved 425984K
}
Event: 8480.110 GC heap after
{Heap after GC invocations=44 (full 0):
 garbage-first heap   total 371712K, used 53997K [0x0000000080000000, 0x0000000100000000)
  region size 1024K, 1 young (1024K), 1 survivors (1024K)
 Metaspace       used 58698K, committed 59328K, reserved 491520K
  class space    used 8096K, committed 8384K, reserved 425984K
}
Event: 8482.864 GC heap before
{Heap before GC invocations=44 (full 0):
 garbage-first heap   total 371712K, used 71405K [0x0000000080000000, 0x0000000100000000)
  region size 1024K, 18 young (18432K), 1 survivors (1024K)
 Metaspace       used 58699K, committed 59328K, reserved 491520K
  class space    used 8096K, committed 8384K, reserved 425984K
}
Event: 8483.058 GC heap after
{Heap after GC invocations=45 (full 0):
 garbage-first heap   total 371712K, used 53989K [0x0000000080000000, 0x0000000100000000)
  region size 1024K, 1 young (1024K), 1 survivors (1024K)
 Metaspace       used 58699K, committed 59328K, reserved 491520K
  class space    used 8096K, committed 8384K, reserved 425984K
}
Event: 8485.006 GC heap before
{Heap before GC invocations=45 (full 0):
 garbage-first heap   total 371712K, used 71397K [0x0000000080000000, 0x0000000100000000)
  region size 1024K, 18 young (18432K), 1 survivors (1024K)
 Metaspace       used 58705K, committed 59328K, reserved 491520K
  class space    used 8096K, committed 8384K, reserved 425984K
}
Event: 8486.201 GC heap after
{Heap after GC invocations=46 (full 0):
 garbage-first heap   total 371712K, used 53995K [0x0000000080000000, 0x0000000100000000)
  region size 1024K, 1 young (1024K), 1 survivors (1024K)
 Metaspace       used 58705K, committed 59328K, reserved 491520K
  class space    used 8096K, committed 8384K, reserved 425984K
}
Event: 8488.370 GC heap before
{Heap before GC invocations=46 (full 0):
 garbage-first heap   total 371712K, used 71403K [0x0000000080000000, 0x0000000100000000)
  region size 1024K, 18 young (18432K), 1 survivors (1024K)
 Metaspace       used 58709K, committed 59328K, reserved 491520K
  class space    used 8097K, committed 8384K, reserved 425984K
}

