# JRE version: OpenJDK Runtime Environment Temurin-17.0.15+6 (17.0.15+6) (build 17.0.15+6)
# Java VM: OpenJDK 64-Bit Server VM Temurin-17.0.15+6 (17.0.15+6, mixed mode, sharing, tiered, compressed oops, compressed class ptrs, g1 gc, windows-amd64)
GC Precious Log:
 CPUs: 16 total, 16 available
 Memory: 16088M
 Large Page Support: Disabled
 NUMA Support: Disabled
 Compressed Oops: Enabled (32-bit)
 Heap Region Size: 1M
 Heap Min Capacity: 8M
 Heap Initial Capacity: 252M
 Heap Max Capacity: 2G
 Pre-touch: Disabled
 Parallel Workers: 13
 Concurrent Workers: 3
 Concurrent Refinement Workers: 13
 Periodic GC: Disabled
Heap:
 garbage-first heap   total 148480K, used 53752K [0x0000000080000000, 0x0000000100000000)
  region size 1024K, 1 young (1024K), 1 survivors (1024K)
 Metaspace       used 58635K, committed 59200K, reserved 491520K
  class space    used 8118K, committed 8384K, reserved 425984K
GC Heap History (20 events):
Event: 1157.122 GC heap after
{Heap after GC invocations=28 (full 0):
 garbage-first heap   total 94208K, used 52697K [0x0000000080000000, 0x0000000100000000)
  region size 1024K, 2 young (2048K), 2 survivors (2048K)
 Metaspace       used 58435K, committed 59008K, reserved 491520K
  class space    used 8112K, committed 8384K, reserved 425984K
}
Event: 1215.134 GC heap before
{Heap before GC invocations=29 (full 0):
 garbage-first heap   total 94208K, used 78297K [0x0000000080000000, 0x0000000100000000)
  region size 1024K, 27 young (27648K), 2 survivors (2048K)
 Metaspace       used 58475K, committed 59072K, reserved 491520K
  class space    used 8114K, committed 8384K, reserved 425984K
}
Event: 1215.150 GC heap after
{Heap after GC invocations=30 (full 0):
 garbage-first heap   total 94208K, used 52880K [0x0000000080000000, 0x0000000100000000)
  region size 1024K, 3 young (3072K), 3 survivors (3072K)
 Metaspace       used 58475K, committed 59072K, reserved 491520K
  class space    used 8114K, committed 8384K, reserved 425984K
}
Event: 1273.630 GC heap before
{Heap before GC invocations=30 (full 0):
 garbage-first heap   total 94208K, used 76432K [0x0000000080000000, 0x0000000100000000)
  region size 1024K, 27 young (27648K), 3 survivors (3072K)
 Metaspace       used 58484K, committed 59072K, reserved 491520K
  class space    used 8114K, committed 8384K, reserved 425984K
}
Event: 1273.652 GC heap after
{Heap after GC invocations=31 (full 0):
 garbage-first heap   total 94208K, used 53059K [0x0000000080000000, 0x0000000100000000)
  region size 1024K, 3 young (3072K), 3 survivors (3072K)
 Metaspace       used 58484K, committed 59072K, reserved 491520K
  class space    used 8114K, committed 8384K, reserved 425984K
}
Event: 1349.484 GC heap before
{Heap before GC invocations=32 (full 0):
 garbage-first heap   total 94208K, used 77635K [0x0000000080000000, 0x0000000100000000)
  region size 1024K, 28 young (28672K), 3 survivors (3072K)
 Metaspace       used 58486K, committed 59072K, reserved 491520K
  class space    used 8114K, committed 8384K, reserved 425984K
}
Event: 1349.520 GC heap after
{Heap after GC invocations=33 (full 0):
 garbage-first heap   total 148480K, used 53266K [0x0000000080000000, 0x0000000100000000)
  region size 1024K, 2 young (2048K), 2 survivors (2048K)
 Metaspace       used 58486K, committed 59072K, reserved 491520K
  class space    used 8114K, committed 8384K, reserved 425984K
}
Event: 1529.484 GC heap before
{Heap before GC invocations=33 (full 0):
 garbage-first heap   total 148480K, used 120850K [0x0000000080000000, 0x0000000100000000)
  region size 1024K, 69 young (70656K), 2 survivors (2048K)
 Metaspace       used 58531K, committed 59136K, reserved 491520K
  class space    used 8114K, committed 8384K, reserved 425984K
}
Event: 1529.512 GC heap after
{Heap after GC invocations=34 (full 0):
 garbage-first heap   total 148480K, used 53692K [0x0000000080000000, 0x0000000100000000)
  region size 1024K, 2 young (2048K), 2 survivors (2048K)
 Metaspace       used 58531K, committed 59136K, reserved 491520K
  class space    used 8114K, committed 8384K, reserved 425984K
}
Event: 8657.349 GC heap before
{Heap before GC invocations=34 (full 0):
 garbage-first heap   total 148480K, used 124348K [0x0000000080000000, 0x0000000100000000)
  region size 1024K, 71 young (72704K), 2 survivors (2048K)
 Metaspace       used 58630K, committed 59200K, reserved 491520K
  class space    used 8118K, committed 8384K, reserved 425984K
}
Event: 8660.726 GC heap after
{Heap after GC invocations=35 (full 0):
 garbage-first heap   total 148480K, used 53882K [0x0000000080000000, 0x0000000100000000)
  region size 1024K, 2 young (2048K), 2 survivors (2048K)
 Metaspace       used 58630K, committed 59200K, reserved 491520K
  class space    used 8118K, committed 8384K, reserved 425984K
}
Event: 8668.316 GC heap before
{Heap before GC invocations=35 (full 0):
 garbage-first heap   total 148480K, used 59002K [0x0000000080000000, 0x0000000100000000)
  region size 1024K, 7 young (7168K), 2 survivors (2048K)
 Metaspace       used 58635K, committed 59200K, reserved 491520K
  class space    used 8118K, committed 8384K, reserved 425984K
}
Event: 8671.299 GC heap after
{Heap after GC invocations=36 (full 0):
 garbage-first heap   total 148480K, used 54010K [0x0000000080000000, 0x0000000100000000)
  region size 1024K, 1 young (1024K), 1 survivors (1024K)
 Metaspace       used 58635K, committed 59200K, reserved 491520K
  class space    used 8118K, committed 8384K, reserved 425984K
}
Event: 8672.743 GC heap before
{Heap before GC invocations=36 (full 0):
 garbage-first heap   total 148480K, used 60154K [0x0000000080000000, 0x0000000100000000)
  region size 1024K, 7 young (7168K), 1 survivors (1024K)
 Metaspace       used 58635K, committed 59200K, reserved 491520K
  class space    used 8118K, committed 8384K, reserved 425984K
}
Event: 8673.435 GC heap after
{Heap after GC invocations=37 (full 0):
 garbage-first heap   total 148480K, used 53803K [0x0000000080000000, 0x0000000100000000)
  region size 1024K, 1 young (1024K), 1 survivors (1024K)
 Metaspace       used 58635K, committed 59200K, reserved 491520K
  class space    used 8118K, committed 8384K, reserved 425984K
}
Event: 8675.931 GC heap before
{Heap before GC invocations=37 (full 0):
 garbage-first heap   total 148480K, used 59947K [0x0000000080000000, 0x0000000100000000)
  region size 1024K, 7 young (7168K), 1 survivors (1024K)
 Metaspace       used 58635K, committed 59200K, reserved 491520K
  class space    used 8118K, committed 8384K, reserved 425984K
}
Event: 8676.856 GC heap after
{Heap after GC invocations=38 (full 0):
 garbage-first heap   total 148480K, used 53776K [0x0000000080000000, 0x0000000100000000)
  region size 1024K, 1 young (1024K), 1 survivors (1024K)
 Metaspace       used 58635K, committed 59200K, reserved 491520K
  class space    used 8118K, committed 8384K, reserved 425984K
}
Event: 8678.142 GC heap before
{Heap before GC invocations=38 (full 0):
 garbage-first heap   total 148480K, used 59920K [0x0000000080000000, 0x0000000100000000)
  region size 1024K, 7 young (7168K), 1 survivors (1024K)
 Metaspace       used 58635K, committed 59200K, reserved 491520K
  class space    used 8118K, committed 8384K, reserved 425984K
}
Event: 8679.916 GC heap after
{Heap after GC invocations=39 (full 0):
 garbage-first heap   total 148480K, used 53760K [0x0000000080000000, 0x0000000100000000)
  region size 1024K, 1 young (1024K), 1 survivors (1024K)
 Metaspace       used 58635K, committed 59200K, reserved 491520K
  class space    used 8118K, committed 8384K, reserved 425984K
}
Event: 8680.595 GC heap before
{Heap before GC invocations=39 (full 0):
 garbage-first heap   total 148480K, used 59904K [0x0000000080000000, 0x0000000100000000)
  region size 1024K, 7 young (7168K), 1 survivors (1024K)
 Metaspace       used 58635K, committed 59200K, reserved 491520K
  class space    used 8118K, committed 8384K, reserved 425984K
}

