# JRE version: OpenJDK Runtime Environment Temurin-17.0.15+6 (17.0.15+6) (build 17.0.15+6)
# Java VM: OpenJDK 64-Bit Server VM Temurin-17.0.15+6 (17.0.15+6, mixed mode, sharing, tiered, compressed oops, compressed class ptrs, g1 gc, windows-amd64)
GC Precious Log:
 CPUs: 16 total, 16 available
 Memory: 16088M
 Large Page Support: Disabled
 NUMA Support: Disabled
 Compressed Oops: Enabled (32-bit)
 Heap Region Size: 1M
 Heap Min Capacity: 8M
 Heap Initial Capacity: 252M
 Heap Max Capacity: 2G
 Pre-touch: Disabled
 Parallel Workers: 13
 Concurrent Workers: 3
 Concurrent Refinement Workers: 13
 Periodic GC: Disabled
Heap:
 garbage-first heap   total 258048K, used 34832K [0x0000000080000000, 0x0000000100000000)
  region size 1024K, 19 young (19456K), 2 survivors (2048K)
 Metaspace       used 12399K, committed 12672K, reserved 491520K
  class space    used 1711K, committed 1856K, reserved 425984K
GC Heap History (8 events):
Event: 20.462 GC heap before
{Heap before GC invocations=0 (full 0):
 garbage-first heap   total 258048K, used 26624K [0x0000000080000000, 0x0000000100000000)
  region size 1024K, 23 young (23552K), 0 survivors (0K)
 Metaspace       used 3063K, committed 3200K, reserved 491520K
  class space    used 380K, committed 448K, reserved 425984K
}
Event: 20.478 GC heap after
{Heap after GC invocations=1 (full 0):
 garbage-first heap   total 258048K, used 10139K [0x0000000080000000, 0x0000000100000000)
  region size 1024K, 3 young (3072K), 3 survivors (3072K)
 Metaspace       used 3063K, committed 3200K, reserved 491520K
  class space    used 380K, committed 448K, reserved 425984K
}
Event: 49.776 GC heap before
{Heap before GC invocations=1 (full 0):
 garbage-first heap   total 258048K, used 40859K [0x0000000080000000, 0x0000000100000000)
  region size 1024K, 32 young (32768K), 3 survivors (3072K)
 Metaspace       used 3990K, committed 4160K, reserved 491520K
  class space    used 478K, committed 576K, reserved 425984K
}
Event: 50.857 GC heap after
{Heap after GC invocations=2 (full 0):
 garbage-first heap   total 258048K, used 14998K [0x0000000080000000, 0x0000000100000000)
  region size 1024K, 4 young (4096K), 4 survivors (4096K)
 Metaspace       used 3990K, committed 4160K, reserved 491520K
  class space    used 478K, committed 576K, reserved 425984K
}
Event: 56.898 GC heap before
{Heap before GC invocations=2 (full 0):
 garbage-first heap   total 258048K, used 24214K [0x0000000080000000, 0x0000000100000000)
  region size 1024K, 13 young (13312K), 4 survivors (4096K)
 Metaspace       used 4443K, committed 4608K, reserved 491520K
  class space    used 590K, committed 704K, reserved 425984K
}
Event: 57.085 GC heap after
{Heap after GC invocations=3 (full 0):
 garbage-first heap   total 258048K, used 15879K [0x0000000080000000, 0x0000000100000000)
  region size 1024K, 1 young (1024K), 1 survivors (1024K)
 Metaspace       used 4443K, committed 4608K, reserved 491520K
  class space    used 590K, committed 704K, reserved 425984K
}
Event: 114.406 GC heap before
{Heap before GC invocations=3 (full 0):
 garbage-first heap   total 258048K, used 30215K [0x0000000080000000, 0x0000000100000000)
  region size 1024K, 15 young (15360K), 1 survivors (1024K)
 Metaspace       used 9200K, committed 9472K, reserved 491520K
  class space    used 1233K, committed 1408K, reserved 425984K
}
Event: 114.495 GC heap after
{Heap after GC invocations=4 (full 0):
 garbage-first heap   total 258048K, used 18448K [0x0000000080000000, 0x0000000100000000)
  region size 1024K, 2 young (2048K), 2 survivors (2048K)
 Metaspace       used 9200K, committed 9472K, reserved 491520K
  class space    used 1233K, committed 1408K, reserved 425984K
}

