# JRE version: OpenJDK Runtime Environment Temurin-17.0.15+6 (17.0.15+6) (build 17.0.15+6)
# Java VM: OpenJDK 64-Bit Server VM Temurin-17.0.15+6 (17.0.15+6, mixed mode, sharing, tiered, compressed oops, compressed class ptrs, g1 gc, windows-amd64)
GC Precious Log:
 CPUs: 16 total, 16 available
 Memory: 16088M
 Large Page Support: Disabled
 NUMA Support: Disabled
 Compressed Oops: Enabled (32-bit)
 Heap Region Size: 1M
 Heap Min Capacity: 8M
 Heap Initial Capacity: 252M
 Heap Max Capacity: 2G
 Pre-touch: Disabled
 Parallel Workers: 13
 Concurrent Workers: 3
 Concurrent Refinement Workers: 13
 Periodic GC: Disabled
Heap:
 garbage-first heap   total 115712K, used 54328K [0x0000000080000000, 0x0000000100000000)
  region size 1024K, 1 young (1024K), 1 survivors (1024K)
 Metaspace       used 58558K, committed 59200K, reserved 491520K
  class space    used 8102K, committed 8384K, reserved 425984K
GC Heap History (20 events):
Event: 867.302 GC heap after
{Heap after GC invocations=32 (full 0):
 garbage-first heap   total 96256K, used 54783K [0x0000000080000000, 0x0000000100000000)
  region size 1024K, 2 young (2048K), 2 survivors (2048K)
 Metaspace       used 58427K, committed 59008K, reserved 491520K
  class space    used 8098K, committed 8384K, reserved 425984K
}
Event: 872.612 GC heap before
{Heap before GC invocations=32 (full 0):
 garbage-first heap   total 96256K, used 55807K [0x0000000080000000, 0x0000000100000000)
  region size 1024K, 4 young (4096K), 2 survivors (2048K)
 Metaspace       used 58427K, committed 59008K, reserved 491520K
  class space    used 8098K, committed 8384K, reserved 425984K
}
Event: 872.643 GC heap after
{Heap after GC invocations=33 (full 0):
 garbage-first heap   total 96256K, used 54714K [0x0000000080000000, 0x0000000100000000)
  region size 1024K, 1 young (1024K), 1 survivors (1024K)
 Metaspace       used 58427K, committed 59008K, reserved 491520K
  class space    used 8098K, committed 8384K, reserved 425984K
}
Event: 940.296 GC heap before
{Heap before GC invocations=33 (full 0):
 garbage-first heap   total 96256K, used 79290K [0x0000000080000000, 0x0000000100000000)
  region size 1024K, 26 young (26624K), 1 survivors (1024K)
 Metaspace       used 58434K, committed 59008K, reserved 491520K
  class space    used 8098K, committed 8384K, reserved 425984K
}
Event: 940.329 GC heap after
{Heap after GC invocations=34 (full 0):
 garbage-first heap   total 96256K, used 54801K [0x0000000080000000, 0x0000000100000000)
  region size 1024K, 1 young (1024K), 1 survivors (1024K)
 Metaspace       used 58434K, committed 59008K, reserved 491520K
  class space    used 8098K, committed 8384K, reserved 425984K
}
Event: 1018.045 GC heap before
{Heap before GC invocations=35 (full 0):
 garbage-first heap   total 96256K, used 80401K [0x0000000080000000, 0x0000000100000000)
  region size 1024K, 27 young (27648K), 1 survivors (1024K)
 Metaspace       used 58439K, committed 59008K, reserved 491520K
  class space    used 8098K, committed 8384K, reserved 425984K
}
Event: 1018.057 GC heap after
{Heap after GC invocations=36 (full 0):
 garbage-first heap   total 115712K, used 55027K [0x0000000080000000, 0x0000000100000000)
  region size 1024K, 1 young (1024K), 1 survivors (1024K)
 Metaspace       used 58439K, committed 59008K, reserved 491520K
  class space    used 8098K, committed 8384K, reserved 425984K
}
Event: 1027.144 GC heap before
{Heap before GC invocations=36 (full 0):
 garbage-first heap   total 115712K, used 59123K [0x0000000080000000, 0x0000000100000000)
  region size 1024K, 5 young (5120K), 1 survivors (1024K)
 Metaspace       used 58439K, committed 59008K, reserved 491520K
  class space    used 8098K, committed 8384K, reserved 425984K
}
Event: 1027.157 GC heap after
{Heap after GC invocations=37 (full 0):
 garbage-first heap   total 115712K, used 54326K [0x0000000080000000, 0x0000000100000000)
  region size 1024K, 1 young (1024K), 1 survivors (1024K)
 Metaspace       used 58439K, committed 59008K, reserved 491520K
  class space    used 8098K, committed 8384K, reserved 425984K
}
Event: 1149.992 GC heap before
{Heap before GC invocations=37 (full 0):
 garbage-first heap   total 115712K, used 96310K [0x0000000080000000, 0x0000000100000000)
  region size 1024K, 42 young (43008K), 1 survivors (1024K)
 Metaspace       used 58450K, committed 59008K, reserved 491520K
  class space    used 8098K, committed 8384K, reserved 425984K
}
Event: 1150.080 GC heap after
{Heap after GC invocations=38 (full 0):
 garbage-first heap   total 115712K, used 54495K [0x0000000080000000, 0x0000000100000000)
  region size 1024K, 1 young (1024K), 1 survivors (1024K)
 Metaspace       used 58450K, committed 59008K, reserved 491520K
  class space    used 8098K, committed 8384K, reserved 425984K
}
Event: 8263.010 GC heap before
{Heap before GC invocations=39 (full 0):
 garbage-first heap   total 115712K, used 97503K [0x0000000080000000, 0x0000000100000000)
  region size 1024K, 43 young (44032K), 1 survivors (1024K)
 Metaspace       used 58551K, committed 59200K, reserved 491520K
  class space    used 8102K, committed 8384K, reserved 425984K
}
Event: 8263.040 GC heap after
{Heap after GC invocations=40 (full 0):
 garbage-first heap   total 115712K, used 54617K [0x0000000080000000, 0x0000000100000000)
  region size 1024K, 1 young (1024K), 1 survivors (1024K)
 Metaspace       used 58551K, committed 59200K, reserved 491520K
  class space    used 8102K, committed 8384K, reserved 425984K
}
Event: 8265.791 GC heap before
{Heap before GC invocations=40 (full 0):
 garbage-first heap   total 115712K, used 58713K [0x0000000080000000, 0x0000000100000000)
  region size 1024K, 5 young (5120K), 1 survivors (1024K)
 Metaspace       used 58551K, committed 59200K, reserved 491520K
  class space    used 8102K, committed 8384K, reserved 425984K
}
Event: 8265.854 GC heap after
{Heap after GC invocations=41 (full 0):
 garbage-first heap   total 115712K, used 54433K [0x0000000080000000, 0x0000000100000000)
  region size 1024K, 1 young (1024K), 1 survivors (1024K)
 Metaspace       used 58551K, committed 59200K, reserved 491520K
  class space    used 8102K, committed 8384K, reserved 425984K
}
Event: 8278.418 GC heap before
{Heap before GC invocations=41 (full 0):
 garbage-first heap   total 115712K, used 98465K [0x0000000080000000, 0x0000000100000000)
  region size 1024K, 44 young (45056K), 1 survivors (1024K)
 Metaspace       used 58555K, committed 59200K, reserved 491520K
  class space    used 8102K, committed 8384K, reserved 425984K
}
Event: 8282.832 GC heap after
{Heap after GC invocations=42 (full 0):
 garbage-first heap   total 115712K, used 54399K [0x0000000080000000, 0x0000000100000000)
  region size 1024K, 1 young (1024K), 1 survivors (1024K)
 Metaspace       used 58555K, committed 59200K, reserved 491520K
  class space    used 8102K, committed 8384K, reserved 425984K
}
Event: 8303.627 GC heap before
{Heap before GC invocations=42 (full 0):
 garbage-first heap   total 115712K, used 58495K [0x0000000080000000, 0x0000000100000000)
  region size 1024K, 5 young (5120K), 1 survivors (1024K)
 Metaspace       used 58556K, committed 59200K, reserved 491520K
  class space    used 8102K, committed 8384K, reserved 425984K
}
Event: 8304.630 GC heap after
{Heap after GC invocations=43 (full 0):
 garbage-first heap   total 115712K, used 54423K [0x0000000080000000, 0x0000000100000000)
  region size 1024K, 1 young (1024K), 1 survivors (1024K)
 Metaspace       used 58556K, committed 59200K, reserved 491520K
  class space    used 8102K, committed 8384K, reserved 425984K
}
Event: 8305.896 GC heap before
{Heap before GC invocations=43 (full 0):
 garbage-first heap   total 115712K, used 58519K [0x0000000080000000, 0x0000000100000000)
  region size 1024K, 5 young (5120K), 1 survivors (1024K)
 Metaspace       used 58558K, committed 59200K, reserved 491520K
  class space    used 8102K, committed 8384K, reserved 425984K
}

