# JRE version: OpenJDK Runtime Environment Temurin-17.0.15+6 (17.0.15+6) (build 17.0.15+6)
# Java VM: OpenJDK 64-Bit Server VM Temurin-17.0.15+6 (17.0.15+6, mixed mode, sharing, tiered, compressed oops, compressed class ptrs, g1 gc, windows-amd64)
GC Precious Log:
 CPUs: 16 total, 16 available
 Memory: 16088M
 Large Page Support: Disabled
 NUMA Support: Disabled
 Compressed Oops: Enabled (32-bit)
 Heap Region Size: 1M
 Heap Min Capacity: 8M
 Heap Initial Capacity: 252M
 Heap Max Capacity: 2G
 Pre-touch: Disabled
 Parallel Workers: 13
 Concurrent Workers: 3
 Concurrent Refinement Workers: 13
 Periodic GC: Disabled
Heap:
 garbage-first heap   total 224256K, used 54315K [0x0000000080000000, 0x0000000100000000)
  region size 1024K, 1 young (1024K), 1 survivors (1024K)
 Metaspace       used 58703K, committed 59328K, reserved 491520K
  class space    used 8110K, committed 8384K, reserved 425984K
GC Heap History (20 events):
Event: 2018.777 GC heap after
{Heap after GC invocations=36 (full 0):
 garbage-first heap   total 96256K, used 54428K [0x0000000080000000, 0x0000000100000000)
  region size 1024K, 1 young (1024K), 1 survivors (1024K)
 Metaspace       used 58531K, committed 59136K, reserved 491520K
  class space    used 8098K, committed 8384K, reserved 425984K
}
Event: 8627.618 GC heap before
{Heap before GC invocations=37 (full 0):
 garbage-first heap   total 96256K, used 83100K [0x0000000080000000, 0x0000000100000000)
  region size 1024K, 29 young (29696K), 1 survivors (1024K)
 Metaspace       used 58632K, committed 59264K, reserved 491520K
  class space    used 8104K, committed 8384K, reserved 425984K
}
Event: 8627.644 GC heap after
{Heap after GC invocations=38 (full 0):
 garbage-first heap   total 96256K, used 54460K [0x0000000080000000, 0x0000000100000000)
  region size 1024K, 1 young (1024K), 1 survivors (1024K)
 Metaspace       used 58632K, committed 59264K, reserved 491520K
  class space    used 8104K, committed 8384K, reserved 425984K
}
Event: 8628.104 GC heap before
{Heap before GC invocations=38 (full 0):
 garbage-first heap   total 96256K, used 57532K [0x0000000080000000, 0x0000000100000000)
  region size 1024K, 4 young (4096K), 1 survivors (1024K)
 Metaspace       used 58636K, committed 59264K, reserved 491520K
  class space    used 8105K, committed 8384K, reserved 425984K
}
Event: 8628.119 GC heap after
{Heap after GC invocations=39 (full 0):
 garbage-first heap   total 96256K, used 54305K [0x0000000080000000, 0x0000000100000000)
  region size 1024K, 1 young (1024K), 1 survivors (1024K)
 Metaspace       used 58636K, committed 59264K, reserved 491520K
  class space    used 8105K, committed 8384K, reserved 425984K
}
Event: 8629.685 GC heap before
{Heap before GC invocations=39 (full 0):
 garbage-first heap   total 96256K, used 82977K [0x0000000080000000, 0x0000000100000000)
  region size 1024K, 29 young (29696K), 1 survivors (1024K)
 Metaspace       used 58646K, committed 59264K, reserved 491520K
  class space    used 8107K, committed 8384K, reserved 425984K
}
Event: 8629.745 GC heap after
{Heap after GC invocations=40 (full 0):
 garbage-first heap   total 96256K, used 54295K [0x0000000080000000, 0x0000000100000000)
  region size 1024K, 1 young (1024K), 1 survivors (1024K)
 Metaspace       used 58646K, committed 59264K, reserved 491520K
  class space    used 8107K, committed 8384K, reserved 425984K
}
Event: 8630.152 GC heap before
{Heap before GC invocations=40 (full 0):
 garbage-first heap   total 96256K, used 82967K [0x0000000080000000, 0x0000000100000000)
  region size 1024K, 29 young (29696K), 1 survivors (1024K)
 Metaspace       used 58646K, committed 59264K, reserved 491520K
  class space    used 8107K, committed 8384K, reserved 425984K
}
Event: 8630.468 GC heap after
{Heap after GC invocations=41 (full 0):
 garbage-first heap   total 96256K, used 54232K [0x0000000080000000, 0x0000000100000000)
  region size 1024K, 1 young (1024K), 1 survivors (1024K)
 Metaspace       used 58646K, committed 59264K, reserved 491520K
  class space    used 8107K, committed 8384K, reserved 425984K
}
Event: 8633.577 GC heap before
{Heap before GC invocations=41 (full 0):
 garbage-first heap   total 96256K, used 82904K [0x0000000080000000, 0x0000000100000000)
  region size 1024K, 29 young (29696K), 1 survivors (1024K)
 Metaspace       used 58672K, committed 59328K, reserved 491520K
  class space    used 8107K, committed 8384K, reserved 425984K
}
Event: 8633.723 GC heap after
{Heap after GC invocations=42 (full 0):
 garbage-first heap   total 96256K, used 54258K [0x0000000080000000, 0x0000000100000000)
  region size 1024K, 1 young (1024K), 1 survivors (1024K)
 Metaspace       used 58672K, committed 59328K, reserved 491520K
  class space    used 8107K, committed 8384K, reserved 425984K
}
Event: 8640.138 GC heap before
{Heap before GC invocations=42 (full 0):
 garbage-first heap   total 96256K, used 83954K [0x0000000080000000, 0x0000000100000000)
  region size 1024K, 30 young (30720K), 1 survivors (1024K)
 Metaspace       used 58688K, committed 59328K, reserved 491520K
  class space    used 8108K, committed 8384K, reserved 425984K
}
Event: 8642.171 GC heap after
{Heap after GC invocations=43 (full 0):
 garbage-first heap   total 200704K, used 54351K [0x0000000080000000, 0x0000000100000000)
  region size 1024K, 1 young (1024K), 1 survivors (1024K)
 Metaspace       used 58688K, committed 59328K, reserved 491520K
  class space    used 8108K, committed 8384K, reserved 425984K
}
Event: 8647.465 GC heap before
{Heap before GC invocations=43 (full 0):
 garbage-first heap   total 200704K, used 62543K [0x0000000080000000, 0x0000000100000000)
  region size 1024K, 9 young (9216K), 1 survivors (1024K)
 Metaspace       used 58693K, committed 59328K, reserved 491520K
  class space    used 8108K, committed 8384K, reserved 425984K
}
Event: 8649.332 GC heap after
{Heap after GC invocations=44 (full 0):
 garbage-first heap   total 200704K, used 54377K [0x0000000080000000, 0x0000000100000000)
  region size 1024K, 1 young (1024K), 1 survivors (1024K)
 Metaspace       used 58693K, committed 59328K, reserved 491520K
  class space    used 8108K, committed 8384K, reserved 425984K
}
Event: 8651.704 GC heap before
{Heap before GC invocations=44 (full 0):
 garbage-first heap   total 200704K, used 62569K [0x0000000080000000, 0x0000000100000000)
  region size 1024K, 9 young (9216K), 1 survivors (1024K)
 Metaspace       used 58695K, committed 59328K, reserved 491520K
  class space    used 8109K, committed 8384K, reserved 425984K
}
Event: 8653.035 GC heap after
{Heap after GC invocations=45 (full 0):
 garbage-first heap   total 200704K, used 54361K [0x0000000080000000, 0x0000000100000000)
  region size 1024K, 1 young (1024K), 1 survivors (1024K)
 Metaspace       used 58695K, committed 59328K, reserved 491520K
  class space    used 8109K, committed 8384K, reserved 425984K
}
Event: 8656.566 GC heap before
{Heap before GC invocations=45 (full 0):
 garbage-first heap   total 200704K, used 62553K [0x0000000080000000, 0x0000000100000000)
  region size 1024K, 9 young (9216K), 1 survivors (1024K)
 Metaspace       used 58697K, committed 59328K, reserved 491520K
  class space    used 8109K, committed 8384K, reserved 425984K
}
Event: 8657.346 GC heap after
{Heap after GC invocations=46 (full 0):
 garbage-first heap   total 200704K, used 54300K [0x0000000080000000, 0x0000000100000000)
  region size 1024K, 1 young (1024K), 1 survivors (1024K)
 Metaspace       used 58697K, committed 59328K, reserved 491520K
  class space    used 8109K, committed 8384K, reserved 425984K
}
Event: 8665.849 GC heap before
{Heap before GC invocations=46 (full 0):
 garbage-first heap   total 200704K, used 62492K [0x0000000080000000, 0x0000000100000000)
  region size 1024K, 9 young (9216K), 1 survivors (1024K)
 Metaspace       used 58703K, committed 59328K, reserved 491520K
  class space    used 8110K, committed 8384K, reserved 425984K
}

