# JRE version: OpenJDK Runtime Environment Temurin-17.0.15+6 (17.0.15+6) (build 17.0.15+6)
# Java VM: OpenJDK 64-Bit Server VM Temurin-17.0.15+6 (17.0.15+6, mixed mode, sharing, tiered, compressed oops, compressed class ptrs, g1 gc, windows-amd64)
GC Precious Log:
 CPUs: 16 total, 16 available
 Memory: 16088M
 Large Page Support: Disabled
 NUMA Support: Disabled
 Compressed Oops: Enabled (32-bit)
 Heap Region Size: 1M
 Heap Min Capacity: 8M
 Heap Initial Capacity: 252M
 Heap Max Capacity: 2G
 Pre-touch: Disabled
 Parallel Workers: 13
 Concurrent Workers: 3
 Concurrent Refinement Workers: 13
 Periodic GC: Disabled
Heap:
 garbage-first heap   total 114688K, used 52426K [0x0000000080000000, 0x0000000100000000)
  region size 1024K, 2 young (2048K), 2 survivors (2048K)
 Metaspace       used 58226K, committed 59136K, reserved 491520K
  class space    used 8021K, committed 8384K, reserved 425984K
GC Heap History (20 events):
Event: 775.222 GC heap after
{Heap after GC invocations=18 (full 0):
 garbage-first heap   total 92160K, used 47254K [0x0000000080000000, 0x0000000100000000)
  region size 1024K, 3 young (3072K), 3 survivors (3072K)
 Metaspace       used 52235K, committed 52800K, reserved 491520K
  class space    used 7253K, committed 7488K, reserved 425984K
}
Event: 776.122 GC heap before
{Heap before GC invocations=18 (full 0):
 garbage-first heap   total 92160K, used 74902K [0x0000000080000000, 0x0000000100000000)
  region size 1024K, 31 young (31744K), 3 survivors (3072K)
 Metaspace       used 54820K, committed 55424K, reserved 491520K
  class space    used 7548K, committed 7808K, reserved 425984K
}
Event: 776.130 GC heap after
{Heap after GC invocations=19 (full 0):
 garbage-first heap   total 92160K, used 50573K [0x0000000080000000, 0x0000000100000000)
  region size 1024K, 4 young (4096K), 4 survivors (4096K)
 Metaspace       used 54820K, committed 55424K, reserved 491520K
  class space    used 7548K, committed 7808K, reserved 425984K
}
Event: 777.290 GC heap before
{Heap before GC invocations=20 (full 0):
 garbage-first heap   total 92160K, used 74125K [0x0000000080000000, 0x0000000100000000)
  region size 1024K, 27 young (27648K), 4 survivors (4096K)
 Metaspace       used 56892K, committed 57536K, reserved 491520K
  class space    used 7846K, committed 8128K, reserved 425984K
}
Event: 777.295 GC heap after
{Heap after GC invocations=21 (full 0):
 garbage-first heap   total 92160K, used 51035K [0x0000000080000000, 0x0000000100000000)
  region size 1024K, 2 young (2048K), 2 survivors (2048K)
 Metaspace       used 56892K, committed 57536K, reserved 491520K
  class space    used 7846K, committed 8128K, reserved 425984K
}
Event: 787.545 GC heap before
{Heap before GC invocations=21 (full 0):
 garbage-first heap   total 92160K, used 75611K [0x0000000080000000, 0x0000000100000000)
  region size 1024K, 26 young (26624K), 2 survivors (2048K)
 Metaspace       used 58355K, committed 58944K, reserved 491520K
  class space    used 8090K, committed 8384K, reserved 425984K
}
Event: 787.551 GC heap after
{Heap after GC invocations=22 (full 0):
 garbage-first heap   total 92160K, used 52326K [0x0000000080000000, 0x0000000100000000)
  region size 1024K, 3 young (3072K), 3 survivors (3072K)
 Metaspace       used 58355K, committed 58944K, reserved 491520K
  class space    used 8090K, committed 8384K, reserved 425984K
}
Event: 851.517 GC heap before
{Heap before GC invocations=23 (full 0):
 garbage-first heap   total 92160K, used 75878K [0x0000000080000000, 0x0000000100000000)
  region size 1024K, 26 young (26624K), 3 survivors (3072K)
 Metaspace       used 58418K, committed 59008K, reserved 491520K
  class space    used 8098K, committed 8384K, reserved 425984K
}
Event: 851.533 GC heap after
{Heap after GC invocations=24 (full 0):
 garbage-first heap   total 92160K, used 52522K [0x0000000080000000, 0x0000000100000000)
  region size 1024K, 2 young (2048K), 2 survivors (2048K)
 Metaspace       used 58418K, committed 59008K, reserved 491520K
  class space    used 8098K, committed 8384K, reserved 425984K
}
Event: 910.286 GC heap before
{Heap before GC invocations=24 (full 0):
 garbage-first heap   total 92160K, used 75050K [0x0000000080000000, 0x0000000100000000)
  region size 1024K, 25 young (25600K), 2 survivors (2048K)
 Metaspace       used 58454K, committed 59072K, reserved 491520K
  class space    used 8100K, committed 8384K, reserved 425984K
}
Event: 910.307 GC heap after
{Heap after GC invocations=25 (full 0):
 garbage-first heap   total 92160K, used 52666K [0x0000000080000000, 0x0000000100000000)
  region size 1024K, 2 young (2048K), 2 survivors (2048K)
 Metaspace       used 58454K, committed 59072K, reserved 491520K
  class space    used 8100K, committed 8384K, reserved 425984K
}
Event: 983.838 GC heap before
{Heap before GC invocations=26 (full 0):
 garbage-first heap   total 92160K, used 77242K [0x0000000080000000, 0x0000000100000000)
  region size 1024K, 26 young (26624K), 2 survivors (2048K)
 Metaspace       used 58462K, committed 59136K, reserved 491520K
  class space    used 8100K, committed 8384K, reserved 425984K
}
Event: 983.915 GC heap after
{Heap after GC invocations=27 (full 0):
 garbage-first heap   total 92160K, used 52871K [0x0000000080000000, 0x0000000100000000)
  region size 1024K, 3 young (3072K), 3 survivors (3072K)
 Metaspace       used 58462K, committed 59136K, reserved 491520K
  class space    used 8100K, committed 8384K, reserved 425984K
}
Event: 1490.313 GC heap before
{Heap before GC invocations=27 (full 0):
 garbage-first heap   total 92160K, used 77447K [0x0000000080000000, 0x0000000100000000)
  region size 1024K, 27 young (27648K), 3 survivors (3072K)
 Metaspace       used 58472K, committed 59136K, reserved 491520K
  class space    used 8102K, committed 8384K, reserved 425984K
}
Event: 1490.480 GC heap after
{Heap after GC invocations=28 (full 0):
 garbage-first heap   total 92160K, used 52964K [0x0000000080000000, 0x0000000100000000)
  region size 1024K, 3 young (3072K), 3 survivors (3072K)
 Metaspace       used 58472K, committed 59136K, reserved 491520K
  class space    used 8102K, committed 8384K, reserved 425984K
}
Event: 8100.651 GC heap before
{Heap before GC invocations=29 (full 0):
 garbage-first heap   total 96256K, used 76516K [0x0000000080000000, 0x0000000100000000)
  region size 1024K, 26 young (26624K), 3 survivors (3072K)
 Metaspace       used 58550K, committed 59136K, reserved 491520K
  class space    used 8104K, committed 8384K, reserved 425984K
}
Event: 8100.671 GC heap after
{Heap after GC invocations=30 (full 0):
 garbage-first heap   total 96256K, used 52847K [0x0000000080000000, 0x0000000100000000)
  region size 1024K, 3 young (3072K), 3 survivors (3072K)
 Metaspace       used 58550K, committed 59136K, reserved 491520K
  class space    used 8104K, committed 8384K, reserved 425984K
}
Event: 8102.681 GC heap before
{Heap before GC invocations=30 (full 0):
 garbage-first heap   total 96256K, used 80495K [0x0000000080000000, 0x0000000100000000)
  region size 1024K, 30 young (30720K), 3 survivors (3072K)
 Metaspace       used 58557K, committed 59136K, reserved 491520K
  class space    used 8104K, committed 8384K, reserved 425984K
}
Event: 8102.735 GC heap after
{Heap after GC invocations=31 (full 0):
 garbage-first heap   total 96256K, used 52449K [0x0000000080000000, 0x0000000100000000)
  region size 1024K, 2 young (2048K), 2 survivors (2048K)
 Metaspace       used 58557K, committed 59136K, reserved 491520K
  class space    used 8104K, committed 8384K, reserved 425984K
}
Event: 8178.938 GC heap before
{Heap before GC invocations=31 (full 0):
 garbage-first heap   total 114688K, used 80097K [0x0000000080000000, 0x0000000100000000)
  region size 1024K, 29 young (29696K), 2 survivors (2048K)
 Metaspace       used 58226K, committed 59136K, reserved 491520K
  class space    used 8021K, committed 8384K, reserved 425984K
}

