# JRE version: OpenJDK Runtime Environment Temurin-17.0.15+6 (17.0.15+6) (build 17.0.15+6)
# Java VM: OpenJDK 64-Bit Server VM Temurin-17.0.15+6 (17.0.15+6, mixed mode, sharing, tiered, compressed oops, compressed class ptrs, g1 gc, windows-amd64)
GC Precious Log:
 CPUs: 16 total, 16 available
 Memory: 16088M
 Large Page Support: Disabled
 NUMA Support: Disabled
 Compressed Oops: Enabled (32-bit)
 Heap Region Size: 1M
 Heap Min Capacity: 8M
 Heap Initial Capacity: 252M
 Heap Max Capacity: 2G
 Pre-touch: Disabled
 Parallel Workers: 13
 Concurrent Workers: 3
 Concurrent Refinement Workers: 13
 Periodic GC: Disabled
Heap:
 garbage-first heap   total 356352K, used 61744K [0x0000000080000000, 0x0000000100000000)
  region size 1024K, 1 young (1024K), 1 survivors (1024K)
 Metaspace       used 63084K, committed 63744K, reserved 491520K
  class space    used 8691K, committed 8960K, reserved 425984K
GC Heap History (20 events):
Event: 1554.889 GC heap after
{Heap after GC invocations=37 (full 0):
 garbage-first heap   total 118784K, used 62530K [0x0000000080000000, 0x0000000100000000)
  region size 1024K, 1 young (1024K), 1 survivors (1024K)
 Metaspace       used 63027K, committed 63680K, reserved 491520K
  class space    used 8690K, committed 8960K, reserved 425984K
}
Event: 8635.440 GC heap before
{Heap before GC invocations=37 (full 0):
 garbage-first heap   total 118784K, used 99394K [0x0000000080000000, 0x0000000100000000)
  region size 1024K, 38 young (38912K), 1 survivors (1024K)
 Metaspace       used 63071K, committed 63680K, reserved 491520K
  class space    used 8691K, committed 8960K, reserved 425984K
}
Event: 8636.466 GC heap after
{Heap after GC invocations=38 (full 0):
 garbage-first heap   total 118784K, used 61894K [0x0000000080000000, 0x0000000100000000)
  region size 1024K, 1 young (1024K), 1 survivors (1024K)
 Metaspace       used 63071K, committed 63680K, reserved 491520K
  class space    used 8691K, committed 8960K, reserved 425984K
}
Event: 8642.388 GC heap before
{Heap before GC invocations=38 (full 0):
 garbage-first heap   total 118784K, used 84422K [0x0000000080000000, 0x0000000100000000)
  region size 1024K, 24 young (24576K), 1 survivors (1024K)
 Metaspace       used 63074K, committed 63744K, reserved 491520K
  class space    used 8691K, committed 8960K, reserved 425984K
}
Event: 8646.018 GC heap after
{Heap after GC invocations=39 (full 0):
 garbage-first heap   total 118784K, used 61847K [0x0000000080000000, 0x0000000100000000)
  region size 1024K, 1 young (1024K), 1 survivors (1024K)
 Metaspace       used 63074K, committed 63744K, reserved 491520K
  class space    used 8691K, committed 8960K, reserved 425984K
}
Event: 8646.512 GC heap before
{Heap before GC invocations=39 (full 0):
 garbage-first heap   total 118784K, used 65943K [0x0000000080000000, 0x0000000100000000)
  region size 1024K, 5 young (5120K), 1 survivors (1024K)
 Metaspace       used 63074K, committed 63744K, reserved 491520K
  class space    used 8691K, committed 8960K, reserved 425984K
}
Event: 8650.180 GC heap after
{Heap after GC invocations=40 (full 0):
 garbage-first heap   total 118784K, used 61744K [0x0000000080000000, 0x0000000100000000)
  region size 1024K, 1 young (1024K), 1 survivors (1024K)
 Metaspace       used 63074K, committed 63744K, reserved 491520K
  class space    used 8691K, committed 8960K, reserved 425984K
}
Event: 8650.898 GC heap before
{Heap before GC invocations=40 (full 0):
 garbage-first heap   total 118784K, used 65840K [0x0000000080000000, 0x0000000100000000)
  region size 1024K, 5 young (5120K), 1 survivors (1024K)
 Metaspace       used 63074K, committed 63744K, reserved 491520K
  class space    used 8691K, committed 8960K, reserved 425984K
}
Event: 8651.532 GC heap after
{Heap after GC invocations=41 (full 0):
 garbage-first heap   total 118784K, used 61721K [0x0000000080000000, 0x0000000100000000)
  region size 1024K, 1 young (1024K), 1 survivors (1024K)
 Metaspace       used 63074K, committed 63744K, reserved 491520K
  class space    used 8691K, committed 8960K, reserved 425984K
}
Event: 8652.396 GC heap before
{Heap before GC invocations=41 (full 0):
 garbage-first heap   total 118784K, used 65817K [0x0000000080000000, 0x0000000100000000)
  region size 1024K, 5 young (5120K), 1 survivors (1024K)
 Metaspace       used 63074K, committed 63744K, reserved 491520K
  class space    used 8691K, committed 8960K, reserved 425984K
}
Event: 8655.406 GC heap after
{Heap after GC invocations=42 (full 0):
 garbage-first heap   total 118784K, used 61725K [0x0000000080000000, 0x0000000100000000)
  region size 1024K, 1 young (1024K), 1 survivors (1024K)
 Metaspace       used 63074K, committed 63744K, reserved 491520K
  class space    used 8691K, committed 8960K, reserved 425984K
}
Event: 8655.912 GC heap before
{Heap before GC invocations=42 (full 0):
 garbage-first heap   total 118784K, used 65821K [0x0000000080000000, 0x0000000100000000)
  region size 1024K, 5 young (5120K), 1 survivors (1024K)
 Metaspace       used 63074K, committed 63744K, reserved 491520K
  class space    used 8691K, committed 8960K, reserved 425984K
}
Event: 8658.097 GC heap after
{Heap after GC invocations=43 (full 0):
 garbage-first heap   total 356352K, used 61722K [0x0000000080000000, 0x0000000100000000)
  region size 1024K, 1 young (1024K), 1 survivors (1024K)
 Metaspace       used 63074K, committed 63744K, reserved 491520K
  class space    used 8691K, committed 8960K, reserved 425984K
}
Event: 8664.800 GC heap before
{Heap before GC invocations=43 (full 0):
 garbage-first heap   total 356352K, used 78106K [0x0000000080000000, 0x0000000100000000)
  region size 1024K, 17 young (17408K), 1 survivors (1024K)
 Metaspace       used 63074K, committed 63744K, reserved 491520K
  class space    used 8691K, committed 8960K, reserved 425984K
}
Event: 8667.825 GC heap after
{Heap after GC invocations=44 (full 0):
 garbage-first heap   total 356352K, used 61733K [0x0000000080000000, 0x0000000100000000)
  region size 1024K, 1 young (1024K), 1 survivors (1024K)
 Metaspace       used 63074K, committed 63744K, reserved 491520K
  class space    used 8691K, committed 8960K, reserved 425984K
}
Event: 8670.032 GC heap before
{Heap before GC invocations=44 (full 0):
 garbage-first heap   total 356352K, used 78117K [0x0000000080000000, 0x0000000100000000)
  region size 1024K, 17 young (17408K), 1 survivors (1024K)
 Metaspace       used 63074K, committed 63744K, reserved 491520K
  class space    used 8691K, committed 8960K, reserved 425984K
}
Event: 8671.720 GC heap after
{Heap after GC invocations=45 (full 0):
 garbage-first heap   total 356352K, used 61731K [0x0000000080000000, 0x0000000100000000)
  region size 1024K, 1 young (1024K), 1 survivors (1024K)
 Metaspace       used 63074K, committed 63744K, reserved 491520K
  class space    used 8691K, committed 8960K, reserved 425984K
}
Event: 8676.329 GC heap before
{Heap before GC invocations=45 (full 0):
 garbage-first heap   total 356352K, used 78115K [0x0000000080000000, 0x0000000100000000)
  region size 1024K, 17 young (17408K), 1 survivors (1024K)
 Metaspace       used 63080K, committed 63744K, reserved 491520K
  class space    used 8691K, committed 8960K, reserved 425984K
}
Event: 8678.642 GC heap after
{Heap after GC invocations=46 (full 0):
 garbage-first heap   total 356352K, used 61835K [0x0000000080000000, 0x0000000100000000)
  region size 1024K, 1 young (1024K), 1 survivors (1024K)
 Metaspace       used 63080K, committed 63744K, reserved 491520K
  class space    used 8691K, committed 8960K, reserved 425984K
}
Event: 8684.792 GC heap before
{Heap before GC invocations=46 (full 0):
 garbage-first heap   total 356352K, used 78219K [0x0000000080000000, 0x0000000100000000)
  region size 1024K, 17 young (17408K), 1 survivors (1024K)
 Metaspace       used 63084K, committed 63744K, reserved 491520K
  class space    used 8691K, committed 8960K, reserved 425984K
}

