# JRE version: OpenJDK Runtime Environment Temurin-17.0.15+6 (17.0.15+6) (build 17.0.15+6)
# Java VM: OpenJDK 64-Bit Server VM Temurin-17.0.15+6 (17.0.15+6, mixed mode, sharing, tiered, compressed oops, compressed class ptrs, g1 gc, windows-amd64)
GC Precious Log:
 CPUs: 16 total, 16 available
 Memory: 16088M
 Large Page Support: Disabled
 NUMA Support: Disabled
 Compressed Oops: Enabled (32-bit)
 Heap Region Size: 1M
 Heap Min Capacity: 8M
 Heap Initial Capacity: 252M
 Heap Max Capacity: 2G
 Pre-touch: Disabled
 Parallel Workers: 13
 Concurrent Workers: 3
 Concurrent Refinement Workers: 13
 Periodic GC: Disabled
Heap:
 garbage-first heap   total 119808K, used 55399K [0x0000000080000000, 0x0000000100000000)
  region size 1024K, 1 young (1024K), 1 survivors (1024K)
 Metaspace       used 58552K, committed 59136K, reserved 491520K
  class space    used 8096K, committed 8384K, reserved 425984K
GC Heap History (20 events):
Event: 765.519 GC heap after
{Heap after GC invocations=16 (full 0):
 garbage-first heap   total 119808K, used 52178K [0x0000000080000000, 0x0000000100000000)
  region size 1024K, 7 young (7168K), 7 survivors (7168K)
 Metaspace       used 55192K, committed 55744K, reserved 491520K
  class space    used 7575K, committed 7808K, reserved 425984K
}
Event: 767.631 GC heap before
{Heap before GC invocations=16 (full 0):
 garbage-first heap   total 119808K, used 94162K [0x0000000080000000, 0x0000000100000000)
  region size 1024K, 48 young (49152K), 7 survivors (7168K)
 Metaspace       used 58353K, committed 58944K, reserved 491520K
  class space    used 8082K, committed 8320K, reserved 425984K
}
Event: 767.645 GC heap after
{Heap after GC invocations=17 (full 0):
 garbage-first heap   total 119808K, used 54890K [0x0000000080000000, 0x0000000100000000)
  region size 1024K, 4 young (4096K), 4 survivors (4096K)
 Metaspace       used 58353K, committed 58944K, reserved 491520K
  class space    used 8082K, committed 8320K, reserved 425984K
}
Event: 873.315 GC heap before
{Heap before GC invocations=17 (full 0):
 garbage-first heap   total 119808K, used 94826K [0x0000000080000000, 0x0000000100000000)
  region size 1024K, 43 young (44032K), 4 survivors (4096K)
 Metaspace       used 58446K, committed 59072K, reserved 491520K
  class space    used 8092K, committed 8384K, reserved 425984K
}
Event: 873.337 GC heap after
{Heap after GC invocations=18 (full 0):
 garbage-first heap   total 119808K, used 55064K [0x0000000080000000, 0x0000000100000000)
  region size 1024K, 4 young (4096K), 4 survivors (4096K)
 Metaspace       used 58446K, committed 59072K, reserved 491520K
  class space    used 8092K, committed 8384K, reserved 425984K
}
Event: 983.047 GC heap before
{Heap before GC invocations=18 (full 0):
 garbage-first heap   total 119808K, used 97048K [0x0000000080000000, 0x0000000100000000)
  region size 1024K, 45 young (46080K), 4 survivors (4096K)
 Metaspace       used 58457K, committed 59072K, reserved 491520K
  class space    used 8092K, committed 8384K, reserved 425984K
}
Event: 983.063 GC heap after
{Heap after GC invocations=19 (full 0):
 garbage-first heap   total 119808K, used 55493K [0x0000000080000000, 0x0000000100000000)
  region size 1024K, 4 young (4096K), 4 survivors (4096K)
 Metaspace       used 58457K, committed 59072K, reserved 491520K
  class space    used 8092K, committed 8384K, reserved 425984K
}
Event: 1111.317 GC heap before
{Heap before GC invocations=19 (full 0):
 garbage-first heap   total 119808K, used 98501K [0x0000000080000000, 0x0000000100000000)
  region size 1024K, 46 young (47104K), 4 survivors (4096K)
 Metaspace       used 58471K, committed 59136K, reserved 491520K
  class space    used 8092K, committed 8384K, reserved 425984K
}
Event: 1111.364 GC heap after
{Heap after GC invocations=20 (full 0):
 garbage-first heap   total 119808K, used 55551K [0x0000000080000000, 0x0000000100000000)
  region size 1024K, 2 young (2048K), 2 survivors (2048K)
 Metaspace       used 58471K, committed 59136K, reserved 491520K
  class space    used 8092K, committed 8384K, reserved 425984K
}
Event: 8199.486 GC heap before
{Heap before GC invocations=20 (full 0):
 garbage-first heap   total 119808K, used 98559K [0x0000000080000000, 0x0000000100000000)
  region size 1024K, 44 young (45056K), 2 survivors (2048K)
 Metaspace       used 58550K, committed 59136K, reserved 491520K
  class space    used 8096K, committed 8384K, reserved 425984K
}
Event: 8206.841 GC heap after
{Heap after GC invocations=21 (full 0):
 garbage-first heap   total 119808K, used 55532K [0x0000000080000000, 0x0000000100000000)
  region size 1024K, 2 young (2048K), 2 survivors (2048K)
 Metaspace       used 58550K, committed 59136K, reserved 491520K
  class space    used 8096K, committed 8384K, reserved 425984K
}
Event: 8225.259 GC heap before
{Heap before GC invocations=21 (full 0):
 garbage-first heap   total 119808K, used 58604K [0x0000000080000000, 0x0000000100000000)
  region size 1024K, 5 young (5120K), 2 survivors (2048K)
 Metaspace       used 58550K, committed 59136K, reserved 491520K
  class space    used 8096K, committed 8384K, reserved 425984K
}
Event: 8226.344 GC heap after
{Heap after GC invocations=22 (full 0):
 garbage-first heap   total 119808K, used 55496K [0x0000000080000000, 0x0000000100000000)
  region size 1024K, 1 young (1024K), 1 survivors (1024K)
 Metaspace       used 58550K, committed 59136K, reserved 491520K
  class space    used 8096K, committed 8384K, reserved 425984K
}
Event: 8229.493 GC heap before
{Heap before GC invocations=22 (full 0):
 garbage-first heap   total 119808K, used 59592K [0x0000000080000000, 0x0000000100000000)
  region size 1024K, 5 young (5120K), 1 survivors (1024K)
 Metaspace       used 58552K, committed 59136K, reserved 491520K
  class space    used 8096K, committed 8384K, reserved 425984K
}
Event: 8230.506 GC heap after
{Heap after GC invocations=23 (full 0):
 garbage-first heap   total 119808K, used 55432K [0x0000000080000000, 0x0000000100000000)
  region size 1024K, 1 young (1024K), 1 survivors (1024K)
 Metaspace       used 58552K, committed 59136K, reserved 491520K
  class space    used 8096K, committed 8384K, reserved 425984K
}
Event: 8232.596 GC heap before
{Heap before GC invocations=23 (full 0):
 garbage-first heap   total 119808K, used 59528K [0x0000000080000000, 0x0000000100000000)
  region size 1024K, 5 young (5120K), 1 survivors (1024K)
 Metaspace       used 58552K, committed 59136K, reserved 491520K
  class space    used 8096K, committed 8384K, reserved 425984K
}
Event: 8233.389 GC heap after
{Heap after GC invocations=24 (full 0):
 garbage-first heap   total 119808K, used 55460K [0x0000000080000000, 0x0000000100000000)
  region size 1024K, 1 young (1024K), 1 survivors (1024K)
 Metaspace       used 58552K, committed 59136K, reserved 491520K
  class space    used 8096K, committed 8384K, reserved 425984K
}
Event: 8233.969 GC heap before
{Heap before GC invocations=24 (full 0):
 garbage-first heap   total 119808K, used 59556K [0x0000000080000000, 0x0000000100000000)
  region size 1024K, 5 young (5120K), 1 survivors (1024K)
 Metaspace       used 58552K, committed 59136K, reserved 491520K
  class space    used 8096K, committed 8384K, reserved 425984K
}
Event: 8234.166 GC heap after
{Heap after GC invocations=25 (full 0):
 garbage-first heap   total 119808K, used 55403K [0x0000000080000000, 0x0000000100000000)
  region size 1024K, 1 young (1024K), 1 survivors (1024K)
 Metaspace       used 58552K, committed 59136K, reserved 491520K
  class space    used 8096K, committed 8384K, reserved 425984K
}
Event: 8235.424 GC heap before
{Heap before GC invocations=25 (full 0):
 garbage-first heap   total 119808K, used 59499K [0x0000000080000000, 0x0000000100000000)
  region size 1024K, 5 young (5120K), 1 survivors (1024K)
 Metaspace       used 58552K, committed 59136K, reserved 491520K
  class space    used 8096K, committed 8384K, reserved 425984K
}

