# JRE version: OpenJDK Runtime Environment Temurin-17.0.15+6 (17.0.15+6) (build 17.0.15+6)
# Java VM: OpenJDK 64-Bit Server VM Temurin-17.0.15+6 (17.0.15+6, mixed mode, sharing, tiered, compressed oops, compressed class ptrs, g1 gc, windows-amd64)
GC Precious Log:
 CPUs: 16 total, 16 available
 Memory: 16088M
 Large Page Support: Disabled
 NUMA Support: Disabled
 Compressed Oops: Enabled (32-bit)
 Heap Region Size: 1M
 Heap Min Capacity: 8M
 Heap Initial Capacity: 252M
 Heap Max Capacity: 2G
 Pre-touch: Disabled
 Parallel Workers: 13
 Concurrent Workers: 3
 Concurrent Refinement Workers: 13
 Periodic GC: Disabled
Heap:
 garbage-first heap   total 116736K, used 56401K [0x0000000080000000, 0x0000000100000000)
  region size 1024K, 1 young (1024K), 1 survivors (1024K)
 Metaspace       used 59521K, committed 60096K, reserved 491520K
  class space    used 8193K, committed 8448K, reserved 425984K
GC Heap History (20 events):
Event: 1177.048 GC heap after
{Heap after GC invocations=39 (full 0):
 garbage-first heap   total 94208K, used 54478K [0x0000000080000000, 0x0000000100000000)
  region size 1024K, 3 young (3072K), 3 survivors (3072K)
 Metaspace       used 58657K, committed 59264K, reserved 491520K
  class space    used 8094K, committed 8384K, reserved 425984K
}
Event: 1238.556 GC heap before
{Heap before GC invocations=39 (full 0):
 garbage-first heap   total 94208K, used 79054K [0x0000000080000000, 0x0000000100000000)
  region size 1024K, 27 young (27648K), 3 survivors (3072K)
 Metaspace       used 58666K, committed 59264K, reserved 491520K
  class space    used 8094K, committed 8384K, reserved 425984K
}
Event: 1238.588 GC heap after
{Heap after GC invocations=40 (full 0):
 garbage-first heap   total 94208K, used 54608K [0x0000000080000000, 0x0000000100000000)
  region size 1024K, 3 young (3072K), 3 survivors (3072K)
 Metaspace       used 58666K, committed 59264K, reserved 491520K
  class space    used 8094K, committed 8384K, reserved 425984K
}
Event: 1309.622 GC heap before
{Heap before GC invocations=41 (full 0):
 garbage-first heap   total 96256K, used 79184K [0x0000000080000000, 0x0000000100000000)
  region size 1024K, 27 young (27648K), 3 survivors (3072K)
 Metaspace       used 58676K, committed 59264K, reserved 491520K
  class space    used 8094K, committed 8384K, reserved 425984K
}
Event: 1309.650 GC heap after
{Heap after GC invocations=42 (full 0):
 garbage-first heap   total 96256K, used 54799K [0x0000000080000000, 0x0000000100000000)
  region size 1024K, 3 young (3072K), 3 survivors (3072K)
 Metaspace       used 58676K, committed 59264K, reserved 491520K
  class space    used 8094K, committed 8384K, reserved 425984K
}
Event: 1358.497 GC heap before
{Heap before GC invocations=42 (full 0):
 garbage-first heap   total 96256K, used 81423K [0x0000000080000000, 0x0000000100000000)
  region size 1024K, 29 young (29696K), 3 survivors (3072K)
 Metaspace       used 59250K, committed 59904K, reserved 491520K
  class space    used 8173K, committed 8448K, reserved 425984K
}
Event: 1358.534 GC heap after
{Heap after GC invocations=43 (full 0):
 garbage-first heap   total 96256K, used 55874K [0x0000000080000000, 0x0000000100000000)
  region size 1024K, 4 young (4096K), 4 survivors (4096K)
 Metaspace       used 59250K, committed 59904K, reserved 491520K
  class space    used 8173K, committed 8448K, reserved 425984K
}
Event: 1422.429 GC heap before
{Heap before GC invocations=44 (full 0):
 garbage-first heap   total 97280K, used 80450K [0x0000000080000000, 0x0000000100000000)
  region size 1024K, 28 young (28672K), 4 survivors (4096K)
 Metaspace       used 59273K, committed 59904K, reserved 491520K
  class space    used 8173K, committed 8448K, reserved 425984K
}
Event: 1422.444 GC heap after
{Heap after GC invocations=45 (full 0):
 garbage-first heap   total 116736K, used 56044K [0x0000000080000000, 0x0000000100000000)
  region size 1024K, 3 young (3072K), 3 survivors (3072K)
 Metaspace       used 59273K, committed 59904K, reserved 491520K
  class space    used 8173K, committed 8448K, reserved 425984K
}
Event: 1545.433 GC heap before
{Heap before GC invocations=45 (full 0):
 garbage-first heap   total 116736K, used 100076K [0x0000000080000000, 0x0000000100000000)
  region size 1024K, 46 young (47104K), 3 survivors (3072K)
 Metaspace       used 59351K, committed 59968K, reserved 491520K
  class space    used 8176K, committed 8448K, reserved 425984K
}
Event: 1545.522 GC heap after
{Heap after GC invocations=46 (full 0):
 garbage-first heap   total 116736K, used 56409K [0x0000000080000000, 0x0000000100000000)
  region size 1024K, 3 young (3072K), 3 survivors (3072K)
 Metaspace       used 59351K, committed 59968K, reserved 491520K
  class space    used 8176K, committed 8448K, reserved 425984K
}
Event: 8615.020 GC heap before
{Heap before GC invocations=47 (full 0):
 garbage-first heap   total 116736K, used 99417K [0x0000000080000000, 0x0000000100000000)
  region size 1024K, 46 young (47104K), 3 survivors (3072K)
 Metaspace       used 59521K, committed 60096K, reserved 491520K
  class space    used 8193K, committed 8448K, reserved 425984K
}
Event: 8618.712 GC heap after
{Heap after GC invocations=48 (full 0):
 garbage-first heap   total 116736K, used 56591K [0x0000000080000000, 0x0000000100000000)
  region size 1024K, 3 young (3072K), 3 survivors (3072K)
 Metaspace       used 59521K, committed 60096K, reserved 491520K
  class space    used 8193K, committed 8448K, reserved 425984K
}
Event: 8620.760 GC heap before
{Heap before GC invocations=48 (full 0):
 garbage-first heap   total 116736K, used 58639K [0x0000000080000000, 0x0000000100000000)
  region size 1024K, 5 young (5120K), 3 survivors (3072K)
 Metaspace       used 59521K, committed 60096K, reserved 491520K
  class space    used 8193K, committed 8448K, reserved 425984K
}
Event: 8628.408 GC heap after
{Heap after GC invocations=49 (full 0):
 garbage-first heap   total 116736K, used 56759K [0x0000000080000000, 0x0000000100000000)
  region size 1024K, 1 young (1024K), 1 survivors (1024K)
 Metaspace       used 59521K, committed 60096K, reserved 491520K
  class space    used 8193K, committed 8448K, reserved 425984K
}
Event: 8641.001 GC heap before
{Heap before GC invocations=49 (full 0):
 garbage-first heap   total 116736K, used 60855K [0x0000000080000000, 0x0000000100000000)
  region size 1024K, 5 young (5120K), 1 survivors (1024K)
 Metaspace       used 59521K, committed 60096K, reserved 491520K
  class space    used 8193K, committed 8448K, reserved 425984K
}
Event: 8641.640 GC heap after
{Heap after GC invocations=50 (full 0):
 garbage-first heap   total 116736K, used 56387K [0x0000000080000000, 0x0000000100000000)
  region size 1024K, 1 young (1024K), 1 survivors (1024K)
 Metaspace       used 59521K, committed 60096K, reserved 491520K
  class space    used 8193K, committed 8448K, reserved 425984K
}
Event: 8644.013 GC heap before
{Heap before GC invocations=50 (full 0):
 garbage-first heap   total 116736K, used 60483K [0x0000000080000000, 0x0000000100000000)
  region size 1024K, 5 young (5120K), 1 survivors (1024K)
 Metaspace       used 59521K, committed 60096K, reserved 491520K
  class space    used 8193K, committed 8448K, reserved 425984K
}
Event: 8644.856 GC heap after
{Heap after GC invocations=51 (full 0):
 garbage-first heap   total 116736K, used 56323K [0x0000000080000000, 0x0000000100000000)
  region size 1024K, 1 young (1024K), 1 survivors (1024K)
 Metaspace       used 59521K, committed 60096K, reserved 491520K
  class space    used 8193K, committed 8448K, reserved 425984K
}
Event: 8645.281 GC heap before
{Heap before GC invocations=51 (full 0):
 garbage-first heap   total 116736K, used 60419K [0x0000000080000000, 0x0000000100000000)
  region size 1024K, 5 young (5120K), 1 survivors (1024K)
 Metaspace       used 59521K, committed 60096K, reserved 491520K
  class space    used 8193K, committed 8448K, reserved 425984K
}

