# JRE version: OpenJDK Runtime Environment Temurin-17.0.15+6 (17.0.15+6) (build 17.0.15+6)
# Java VM: OpenJDK 64-Bit Server VM Temurin-17.0.15+6 (17.0.15+6, mixed mode, sharing, tiered, compressed oops, compressed class ptrs, g1 gc, windows-amd64)
GC Precious Log:
 CPUs: 16 total, 16 available
 Memory: 16088M
 Large Page Support: Disabled
 NUMA Support: Disabled
 Compressed Oops: Enabled (32-bit)
 Heap Region Size: 1M
 Heap Min Capacity: 8M
 Heap Initial Capacity: 252M
 Heap Max Capacity: 2G
 Pre-touch: Disabled
 Parallel Workers: 13
 Concurrent Workers: 3
 Concurrent Refinement Workers: 13
 Periodic GC: Disabled
Heap:
 garbage-first heap   total 226304K, used 55212K [0x0000000080000000, 0x0000000100000000)
  region size 1024K, 2 young (2048K), 2 survivors (2048K)
 Metaspace       used 58756K, committed 59328K, reserved 491520K
  class space    used 8105K, committed 8384K, reserved 425984K
GC Heap History (20 events):
Event: 1409.446 GC heap after
{Heap after GC invocations=34 (full 0):
 garbage-first heap   total 103424K, used 54820K [0x0000000080000000, 0x0000000100000000)
  region size 1024K, 1 young (1024K), 1 survivors (1024K)
 Metaspace       used 58633K, committed 59264K, reserved 491520K
  class space    used 8101K, committed 8384K, reserved 425984K
}
Event: 1420.444 GC heap before
{Heap before GC invocations=34 (full 0):
 garbage-first heap   total 103424K, used 58916K [0x0000000080000000, 0x0000000100000000)
  region size 1024K, 5 young (5120K), 1 survivors (1024K)
 Metaspace       used 58643K, committed 59264K, reserved 491520K
  class space    used 8101K, committed 8384K, reserved 425984K
}
Event: 1420.453 GC heap after
{Heap after GC invocations=35 (full 0):
 garbage-first heap   total 103424K, used 54760K [0x0000000080000000, 0x0000000100000000)
  region size 1024K, 1 young (1024K), 1 survivors (1024K)
 Metaspace       used 58643K, committed 59264K, reserved 491520K
  class space    used 8101K, committed 8384K, reserved 425984K
}
Event: 1519.979 GC heap before
{Heap before GC invocations=35 (full 0):
 garbage-first heap   total 103424K, used 89576K [0x0000000080000000, 0x0000000100000000)
  region size 1024K, 35 young (35840K), 1 survivors (1024K)
 Metaspace       used 58678K, committed 59328K, reserved 491520K
  class space    used 8101K, committed 8384K, reserved 425984K
}
Event: 1520.022 GC heap after
{Heap after GC invocations=36 (full 0):
 garbage-first heap   total 103424K, used 54980K [0x0000000080000000, 0x0000000100000000)
  region size 1024K, 1 young (1024K), 1 survivors (1024K)
 Metaspace       used 58678K, committed 59328K, reserved 491520K
  class space    used 8101K, committed 8384K, reserved 425984K
}
Event: 8617.103 GC heap before
{Heap before GC invocations=36 (full 0):
 garbage-first heap   total 103424K, used 89796K [0x0000000080000000, 0x0000000100000000)
  region size 1024K, 35 young (35840K), 1 survivors (1024K)
 Metaspace       used 58710K, committed 59328K, reserved 491520K
  class space    used 8105K, committed 8384K, reserved 425984K
}
Event: 8617.135 GC heap after
{Heap after GC invocations=37 (full 0):
 garbage-first heap   total 103424K, used 55257K [0x0000000080000000, 0x0000000100000000)
  region size 1024K, 2 young (2048K), 2 survivors (2048K)
 Metaspace       used 58710K, committed 59328K, reserved 491520K
  class space    used 8105K, committed 8384K, reserved 425984K
}
Event: 8625.504 GC heap before
{Heap before GC invocations=37 (full 0):
 garbage-first heap   total 103424K, used 89049K [0x0000000080000000, 0x0000000100000000)
  region size 1024K, 35 young (35840K), 2 survivors (2048K)
 Metaspace       used 58740K, committed 59328K, reserved 491520K
  class space    used 8105K, committed 8384K, reserved 425984K
}
Event: 8627.304 GC heap after
{Heap after GC invocations=38 (full 0):
 garbage-first heap   total 103424K, used 55169K [0x0000000080000000, 0x0000000100000000)
  region size 1024K, 1 young (1024K), 1 survivors (1024K)
 Metaspace       used 58740K, committed 59328K, reserved 491520K
  class space    used 8105K, committed 8384K, reserved 425984K
}
Event: 8644.899 GC heap before
{Heap before GC invocations=38 (full 0):
 garbage-first heap   total 103424K, used 89985K [0x0000000080000000, 0x0000000100000000)
  region size 1024K, 35 young (35840K), 1 survivors (1024K)
 Metaspace       used 58744K, committed 59328K, reserved 491520K
  class space    used 8105K, committed 8384K, reserved 425984K
}
Event: 8646.190 GC heap after
{Heap after GC invocations=39 (full 0):
 garbage-first heap   total 103424K, used 55223K [0x0000000080000000, 0x0000000100000000)
  region size 1024K, 2 young (2048K), 2 survivors (2048K)
 Metaspace       used 58744K, committed 59328K, reserved 491520K
  class space    used 8105K, committed 8384K, reserved 425984K
}
Event: 8653.108 GC heap before
{Heap before GC invocations=39 (full 0):
 garbage-first heap   total 103424K, used 89015K [0x0000000080000000, 0x0000000100000000)
  region size 1024K, 35 young (35840K), 2 survivors (2048K)
 Metaspace       used 58751K, committed 59328K, reserved 491520K
  class space    used 8105K, committed 8384K, reserved 425984K
}
Event: 8656.018 GC heap after
{Heap after GC invocations=40 (full 0):
 garbage-first heap   total 199680K, used 55198K [0x0000000080000000, 0x0000000100000000)
  region size 1024K, 2 young (2048K), 2 survivors (2048K)
 Metaspace       used 58751K, committed 59328K, reserved 491520K
  class space    used 8105K, committed 8384K, reserved 425984K
}
Event: 8660.326 GC heap before
{Heap before GC invocations=40 (full 0):
 garbage-first heap   total 199680K, used 62366K [0x0000000080000000, 0x0000000100000000)
  region size 1024K, 9 young (9216K), 2 survivors (2048K)
 Metaspace       used 58751K, committed 59328K, reserved 491520K
  class space    used 8105K, committed 8384K, reserved 425984K
}
Event: 8661.653 GC heap after
{Heap after GC invocations=41 (full 0):
 garbage-first heap   total 199680K, used 55269K [0x0000000080000000, 0x0000000100000000)
  region size 1024K, 2 young (2048K), 2 survivors (2048K)
 Metaspace       used 58751K, committed 59328K, reserved 491520K
  class space    used 8105K, committed 8384K, reserved 425984K
}
Event: 8667.520 GC heap before
{Heap before GC invocations=41 (full 0):
 garbage-first heap   total 199680K, used 62437K [0x0000000080000000, 0x0000000100000000)
  region size 1024K, 9 young (9216K), 2 survivors (2048K)
 Metaspace       used 58751K, committed 59328K, reserved 491520K
  class space    used 8105K, committed 8384K, reserved 425984K
}
Event: 8668.684 GC heap after
{Heap after GC invocations=42 (full 0):
 garbage-first heap   total 199680K, used 55165K [0x0000000080000000, 0x0000000100000000)
  region size 1024K, 1 young (1024K), 1 survivors (1024K)
 Metaspace       used 58751K, committed 59328K, reserved 491520K
  class space    used 8105K, committed 8384K, reserved 425984K
}
Event: 8672.670 GC heap before
{Heap before GC invocations=42 (full 0):
 garbage-first heap   total 199680K, used 63357K [0x0000000080000000, 0x0000000100000000)
  region size 1024K, 9 young (9216K), 1 survivors (1024K)
 Metaspace       used 58752K, committed 59328K, reserved 491520K
  class space    used 8105K, committed 8384K, reserved 425984K
}
Event: 8673.170 GC heap after
{Heap after GC invocations=43 (full 0):
 garbage-first heap   total 199680K, used 55211K [0x0000000080000000, 0x0000000100000000)
  region size 1024K, 2 young (2048K), 2 survivors (2048K)
 Metaspace       used 58752K, committed 59328K, reserved 491520K
  class space    used 8105K, committed 8384K, reserved 425984K
}
Event: 8675.265 GC heap before
{Heap before GC invocations=43 (full 0):
 garbage-first heap   total 199680K, used 62379K [0x0000000080000000, 0x0000000100000000)
  region size 1024K, 9 young (9216K), 2 survivors (2048K)
 Metaspace       used 58756K, committed 59328K, reserved 491520K
  class space    used 8105K, committed 8384K, reserved 425984K
}

