# JRE version: OpenJDK Runtime Environment Temurin-17.0.15+6 (17.0.15+6) (build 17.0.15+6)
# Java VM: OpenJDK 64-Bit Server VM Temurin-17.0.15+6 (17.0.15+6, mixed mode, sharing, tiered, compressed oops, compressed class ptrs, g1 gc, windows-amd64)
GC Precious Log:
 CPUs: 16 total, 16 available
 Memory: 16088M
 Large Page Support: Disabled
 NUMA Support: Disabled
 Compressed Oops: Enabled (32-bit)
 Heap Region Size: 1M
 Heap Min Capacity: 8M
 Heap Initial Capacity: 252M
 Heap Max Capacity: 2G
 Pre-touch: Disabled
 Parallel Workers: 13
 Concurrent Workers: 3
 Concurrent Refinement Workers: 13
 Periodic GC: Disabled
Heap:
 garbage-first heap   total 451584K, used 54921K [0x0000000080000000, 0x0000000100000000)
  region size 1024K, 1 young (1024K), 1 survivors (1024K)
 Metaspace       used 58861K, committed 59456K, reserved 491520K
  class space    used 8103K, committed 8384K, reserved 425984K
GC Heap History (20 events):
Event: 1402.358 GC heap after
{Heap after GC invocations=45 (full 0):
 garbage-first heap   total 150528K, used 54864K [0x0000000080000000, 0x0000000100000000)
  region size 1024K, 3 young (3072K), 3 survivors (3072K)
 Metaspace       used 58665K, committed 59328K, reserved 491520K
  class space    used 8090K, committed 8384K, reserved 425984K
}
Event: 8525.025 GC heap before
{Heap before GC invocations=45 (full 0):
 garbage-first heap   total 150528K, used 127568K [0x0000000080000000, 0x0000000100000000)
  region size 1024K, 74 young (75776K), 3 survivors (3072K)
 Metaspace       used 58815K, committed 59392K, reserved 491520K
  class space    used 8100K, committed 8384K, reserved 425984K
}
Event: 8527.863 GC heap after
{Heap after GC invocations=46 (full 0):
 garbage-first heap   total 150528K, used 55168K [0x0000000080000000, 0x0000000100000000)
  region size 1024K, 3 young (3072K), 3 survivors (3072K)
 Metaspace       used 58815K, committed 59392K, reserved 491520K
  class space    used 8100K, committed 8384K, reserved 425984K
}
Event: 8531.195 GC heap before
{Heap before GC invocations=46 (full 0):
 garbage-first heap   total 150528K, used 59264K [0x0000000080000000, 0x0000000100000000)
  region size 1024K, 7 young (7168K), 3 survivors (3072K)
 Metaspace       used 58818K, committed 59392K, reserved 491520K
  class space    used 8100K, committed 8384K, reserved 425984K
}
Event: 8534.290 GC heap after
{Heap after GC invocations=47 (full 0):
 garbage-first heap   total 150528K, used 55061K [0x0000000080000000, 0x0000000100000000)
  region size 1024K, 1 young (1024K), 1 survivors (1024K)
 Metaspace       used 58818K, committed 59392K, reserved 491520K
  class space    used 8100K, committed 8384K, reserved 425984K
}
Event: 8536.759 GC heap before
{Heap before GC invocations=47 (full 0):
 garbage-first heap   total 150528K, used 61205K [0x0000000080000000, 0x0000000100000000)
  region size 1024K, 7 young (7168K), 1 survivors (1024K)
 Metaspace       used 58821K, committed 59392K, reserved 491520K
  class space    used 8101K, committed 8384K, reserved 425984K
}
Event: 8538.025 GC heap after
{Heap after GC invocations=48 (full 0):
 garbage-first heap   total 150528K, used 54943K [0x0000000080000000, 0x0000000100000000)
  region size 1024K, 1 young (1024K), 1 survivors (1024K)
 Metaspace       used 58821K, committed 59392K, reserved 491520K
  class space    used 8101K, committed 8384K, reserved 425984K
}
Event: 8540.404 GC heap before
{Heap before GC invocations=48 (full 0):
 garbage-first heap   total 150528K, used 61087K [0x0000000080000000, 0x0000000100000000)
  region size 1024K, 7 young (7168K), 1 survivors (1024K)
 Metaspace       used 58821K, committed 59392K, reserved 491520K
  class space    used 8101K, committed 8384K, reserved 425984K
}
Event: 8541.679 GC heap after
{Heap after GC invocations=49 (full 0):
 garbage-first heap   total 150528K, used 54931K [0x0000000080000000, 0x0000000100000000)
  region size 1024K, 1 young (1024K), 1 survivors (1024K)
 Metaspace       used 58821K, committed 59392K, reserved 491520K
  class space    used 8101K, committed 8384K, reserved 425984K
}
Event: 8543.398 GC heap before
{Heap before GC invocations=49 (full 0):
 garbage-first heap   total 150528K, used 61075K [0x0000000080000000, 0x0000000100000000)
  region size 1024K, 7 young (7168K), 1 survivors (1024K)
 Metaspace       used 58821K, committed 59392K, reserved 491520K
  class space    used 8101K, committed 8384K, reserved 425984K
}
Event: 8545.303 GC heap after
{Heap after GC invocations=50 (full 0):
 garbage-first heap   total 150528K, used 54910K [0x0000000080000000, 0x0000000100000000)
  region size 1024K, 1 young (1024K), 1 survivors (1024K)
 Metaspace       used 58821K, committed 59392K, reserved 491520K
  class space    used 8101K, committed 8384K, reserved 425984K
}
Event: 8545.584 GC heap before
{Heap before GC invocations=50 (full 0):
 garbage-first heap   total 150528K, used 61054K [0x0000000080000000, 0x0000000100000000)
  region size 1024K, 7 young (7168K), 1 survivors (1024K)
 Metaspace       used 58821K, committed 59392K, reserved 491520K
  class space    used 8101K, committed 8384K, reserved 425984K
}
Event: 8548.700 GC heap after
{Heap after GC invocations=51 (full 0):
 garbage-first heap   total 451584K, used 54893K [0x0000000080000000, 0x0000000100000000)
  region size 1024K, 1 young (1024K), 1 survivors (1024K)
 Metaspace       used 58821K, committed 59392K, reserved 491520K
  class space    used 8101K, committed 8384K, reserved 425984K
}
Event: 8562.207 GC heap before
{Heap before GC invocations=51 (full 0):
 garbage-first heap   total 451584K, used 76397K [0x0000000080000000, 0x0000000100000000)
  region size 1024K, 22 young (22528K), 1 survivors (1024K)
 Metaspace       used 58830K, committed 59456K, reserved 491520K
  class space    used 8102K, committed 8384K, reserved 425984K
}
Event: 8563.817 GC heap after
{Heap after GC invocations=52 (full 0):
 garbage-first heap   total 451584K, used 54894K [0x0000000080000000, 0x0000000100000000)
  region size 1024K, 1 young (1024K), 1 survivors (1024K)
 Metaspace       used 58830K, committed 59456K, reserved 491520K
  class space    used 8102K, committed 8384K, reserved 425984K
}
Event: 8568.769 GC heap before
{Heap before GC invocations=52 (full 0):
 garbage-first heap   total 451584K, used 76398K [0x0000000080000000, 0x0000000100000000)
  region size 1024K, 22 young (22528K), 1 survivors (1024K)
 Metaspace       used 58835K, committed 59456K, reserved 491520K
  class space    used 8103K, committed 8384K, reserved 425984K
}
Event: 8569.122 GC heap after
{Heap after GC invocations=53 (full 0):
 garbage-first heap   total 451584K, used 55022K [0x0000000080000000, 0x0000000100000000)
  region size 1024K, 1 young (1024K), 1 survivors (1024K)
 Metaspace       used 58835K, committed 59456K, reserved 491520K
  class space    used 8103K, committed 8384K, reserved 425984K
}
Event: 8572.397 GC heap before
{Heap before GC invocations=53 (full 0):
 garbage-first heap   total 451584K, used 76526K [0x0000000080000000, 0x0000000100000000)
  region size 1024K, 22 young (22528K), 1 survivors (1024K)
 Metaspace       used 58843K, committed 59456K, reserved 491520K
  class space    used 8103K, committed 8384K, reserved 425984K
}
Event: 8572.693 GC heap after
{Heap after GC invocations=54 (full 0):
 garbage-first heap   total 451584K, used 54911K [0x0000000080000000, 0x0000000100000000)
  region size 1024K, 1 young (1024K), 1 survivors (1024K)
 Metaspace       used 58843K, committed 59456K, reserved 491520K
  class space    used 8103K, committed 8384K, reserved 425984K
}
Event: 8575.069 GC heap before
{Heap before GC invocations=54 (full 0):
 garbage-first heap   total 451584K, used 76415K [0x0000000080000000, 0x0000000100000000)
  region size 1024K, 22 young (22528K), 1 survivors (1024K)
 Metaspace       used 58861K, committed 59456K, reserved 491520K
  class space    used 8103K, committed 8384K, reserved 425984K
}

