# JRE version: OpenJDK Runtime Environment Temurin-17.0.15+6 (17.0.15+6) (build 17.0.15+6)
# Java VM: OpenJDK 64-Bit Server VM Temurin-17.0.15+6 (17.0.15+6, mixed mode, sharing, tiered, compressed oops, compressed class ptrs, g1 gc, windows-amd64)
GC Precious Log:
 CPUs: 16 total, 16 available
 Memory: 16088M
 Large Page Support: Disabled
 NUMA Support: Disabled
 Compressed Oops: Enabled (32-bit)
 Heap Region Size: 1M
 Heap Min Capacity: 8M
 Heap Initial Capacity: 252M
 Heap Max Capacity: 2G
 Pre-touch: Disabled
 Parallel Workers: 13
 Concurrent Workers: 3
 Concurrent Refinement Workers: 13
 Periodic GC: Disabled
Heap:
 garbage-first heap   total 129024K, used 55122K [0x0000000080000000, 0x0000000100000000)
  region size 1024K, 1 young (1024K), 1 survivors (1024K)
 Metaspace       used 58606K, committed 59264K, reserved 491520K
  class space    used 8120K, committed 8384K, reserved 425984K
GC Heap History (20 events):
Event: 976.061 GC heap after
{Heap after GC invocations=35 (full 0):
 garbage-first heap   total 107520K, used 54999K [0x0000000080000000, 0x0000000100000000)
  region size 1024K, 1 young (1024K), 1 survivors (1024K)
 Metaspace       used 58414K, committed 59072K, reserved 491520K
  class space    used 8109K, committed 8384K, reserved 425984K
}
Event: 1062.364 GC heap before
{Heap before GC invocations=36 (full 0):
 garbage-first heap   total 107520K, used 86743K [0x0000000080000000, 0x0000000100000000)
  region size 1024K, 32 young (32768K), 1 survivors (1024K)
 Metaspace       used 58429K, committed 59072K, reserved 491520K
  class space    used 8109K, committed 8384K, reserved 425984K
}
Event: 1062.378 GC heap after
{Heap after GC invocations=37 (full 0):
 garbage-first heap   total 107520K, used 55140K [0x0000000080000000, 0x0000000100000000)
  region size 1024K, 1 young (1024K), 1 survivors (1024K)
 Metaspace       used 58429K, committed 59072K, reserved 491520K
  class space    used 8109K, committed 8384K, reserved 425984K
}
Event: 1073.945 GC heap before
{Heap before GC invocations=37 (full 0):
 garbage-first heap   total 107520K, used 59236K [0x0000000080000000, 0x0000000100000000)
  region size 1024K, 5 young (5120K), 1 survivors (1024K)
 Metaspace       used 58430K, committed 59072K, reserved 491520K
  class space    used 8109K, committed 8384K, reserved 425984K
}
Event: 1073.968 GC heap after
{Heap after GC invocations=38 (full 0):
 garbage-first heap   total 107520K, used 55112K [0x0000000080000000, 0x0000000100000000)
  region size 1024K, 1 young (1024K), 1 survivors (1024K)
 Metaspace       used 58430K, committed 59072K, reserved 491520K
  class space    used 8109K, committed 8384K, reserved 425984K
}
Event: 1161.089 GC heap before
{Heap before GC invocations=38 (full 0):
 garbage-first heap   total 107520K, used 88904K [0x0000000080000000, 0x0000000100000000)
  region size 1024K, 34 young (34816K), 1 survivors (1024K)
 Metaspace       used 58439K, committed 59072K, reserved 491520K
  class space    used 8109K, committed 8384K, reserved 425984K
}
Event: 1161.139 GC heap after
{Heap after GC invocations=39 (full 0):
 garbage-first heap   total 107520K, used 55403K [0x0000000080000000, 0x0000000100000000)
  region size 1024K, 1 young (1024K), 1 survivors (1024K)
 Metaspace       used 58439K, committed 59072K, reserved 491520K
  class space    used 8109K, committed 8384K, reserved 425984K
}
Event: 1698.090 GC heap before
{Heap before GC invocations=40 (full 0):
 garbage-first heap   total 107520K, used 90219K [0x0000000080000000, 0x0000000100000000)
  region size 1024K, 35 young (35840K), 1 survivors (1024K)
 Metaspace       used 58482K, committed 59136K, reserved 491520K
  class space    used 8112K, committed 8384K, reserved 425984K
}
Event: 1698.224 GC heap after
{Heap after GC invocations=41 (full 0):
 garbage-first heap   total 129024K, used 55605K [0x0000000080000000, 0x0000000100000000)
  region size 1024K, 1 young (1024K), 1 survivors (1024K)
 Metaspace       used 58482K, committed 59136K, reserved 491520K
  class space    used 8112K, committed 8384K, reserved 425984K
}
Event: 1700.252 GC heap before
{Heap before GC invocations=41 (full 0):
 garbage-first heap   total 129024K, used 60725K [0x0000000080000000, 0x0000000100000000)
  region size 1024K, 6 young (6144K), 1 survivors (1024K)
 Metaspace       used 58492K, committed 59136K, reserved 491520K
  class space    used 8113K, committed 8384K, reserved 425984K
}
Event: 1700.287 GC heap after
{Heap after GC invocations=42 (full 0):
 garbage-first heap   total 129024K, used 55147K [0x0000000080000000, 0x0000000100000000)
  region size 1024K, 1 young (1024K), 1 survivors (1024K)
 Metaspace       used 58492K, committed 59136K, reserved 491520K
  class space    used 8113K, committed 8384K, reserved 425984K
}
Event: 8325.078 GC heap before
{Heap before GC invocations=42 (full 0):
 garbage-first heap   total 129024K, used 107371K [0x0000000080000000, 0x0000000100000000)
  region size 1024K, 52 young (53248K), 1 survivors (1024K)
 Metaspace       used 58603K, committed 59264K, reserved 491520K
  class space    used 8120K, committed 8384K, reserved 425984K
}
Event: 8327.239 GC heap after
{Heap after GC invocations=43 (full 0):
 garbage-first heap   total 129024K, used 55232K [0x0000000080000000, 0x0000000100000000)
  region size 1024K, 1 young (1024K), 1 survivors (1024K)
 Metaspace       used 58603K, committed 59264K, reserved 491520K
  class space    used 8120K, committed 8384K, reserved 425984K
}
Event: 8328.901 GC heap before
{Heap before GC invocations=43 (full 0):
 garbage-first heap   total 129024K, used 60352K [0x0000000080000000, 0x0000000100000000)
  region size 1024K, 6 young (6144K), 1 survivors (1024K)
 Metaspace       used 58605K, committed 59264K, reserved 491520K
  class space    used 8120K, committed 8384K, reserved 425984K
}
Event: 8334.599 GC heap after
{Heap after GC invocations=44 (full 0):
 garbage-first heap   total 129024K, used 55142K [0x0000000080000000, 0x0000000100000000)
  region size 1024K, 1 young (1024K), 1 survivors (1024K)
 Metaspace       used 58605K, committed 59264K, reserved 491520K
  class space    used 8120K, committed 8384K, reserved 425984K
}
Event: 8348.018 GC heap before
{Heap before GC invocations=44 (full 0):
 garbage-first heap   total 129024K, used 60262K [0x0000000080000000, 0x0000000100000000)
  region size 1024K, 6 young (6144K), 1 survivors (1024K)
 Metaspace       used 58606K, committed 59264K, reserved 491520K
  class space    used 8120K, committed 8384K, reserved 425984K
}
Event: 8349.308 GC heap after
{Heap after GC invocations=45 (full 0):
 garbage-first heap   total 129024K, used 55154K [0x0000000080000000, 0x0000000100000000)
  region size 1024K, 1 young (1024K), 1 survivors (1024K)
 Metaspace       used 58606K, committed 59264K, reserved 491520K
  class space    used 8120K, committed 8384K, reserved 425984K
}
Event: 8350.781 GC heap before
{Heap before GC invocations=45 (full 0):
 garbage-first heap   total 129024K, used 60274K [0x0000000080000000, 0x0000000100000000)
  region size 1024K, 6 young (6144K), 1 survivors (1024K)
 Metaspace       used 58606K, committed 59264K, reserved 491520K
  class space    used 8120K, committed 8384K, reserved 425984K
}
Event: 8353.006 GC heap after
{Heap after GC invocations=46 (full 0):
 garbage-first heap   total 129024K, used 55126K [0x0000000080000000, 0x0000000100000000)
  region size 1024K, 1 young (1024K), 1 survivors (1024K)
 Metaspace       used 58606K, committed 59264K, reserved 491520K
  class space    used 8120K, committed 8384K, reserved 425984K
}
Event: 8354.725 GC heap before
{Heap before GC invocations=46 (full 0):
 garbage-first heap   total 129024K, used 60246K [0x0000000080000000, 0x0000000100000000)
  region size 1024K, 6 young (6144K), 1 survivors (1024K)
 Metaspace       used 58606K, committed 59264K, reserved 491520K
  class space    used 8120K, committed 8384K, reserved 425984K
}

