# JRE version: OpenJDK Runtime Environment Temurin-17.0.15+6 (17.0.15+6) (build 17.0.15+6)
# Java VM: OpenJDK 64-Bit Server VM Temurin-17.0.15+6 (17.0.15+6, mixed mode, sharing, tiered, compressed oops, compressed class ptrs, g1 gc, windows-amd64)
GC Precious Log:
 CPUs: 16 total, 16 available
 Memory: 16088M
 Large Page Support: Disabled
 NUMA Support: Disabled
 Compressed Oops: Enabled (32-bit)
 Heap Region Size: 1M
 Heap Min Capacity: 8M
 Heap Initial Capacity: 252M
 Heap Max Capacity: 2G
 Pre-touch: Disabled
 Parallel Workers: 13
 Concurrent Workers: 3
 Concurrent Refinement Workers: 13
 Periodic GC: Disabled
Heap:
 garbage-first heap   total 148480K, used 55226K [0x0000000080000000, 0x0000000100000000)
  region size 1024K, 1 young (1024K), 1 survivors (1024K)
 Metaspace       used 58547K, committed 59200K, reserved 491520K
  class space    used 8112K, committed 8384K, reserved 425984K
GC Heap History (20 events):
Event: 762.191 GC heap after
{Heap after GC invocations=31 (full 0):
 garbage-first heap   total 97280K, used 55478K [0x0000000080000000, 0x0000000100000000)
  region size 1024K, 3 young (3072K), 3 survivors (3072K)
 Metaspace       used 58410K, committed 59008K, reserved 491520K
  class space    used 8108K, committed 8384K, reserved 425984K
}
Event: 764.751 GC heap before
{Heap before GC invocations=31 (full 0):
 garbage-first heap   total 97280K, used 55478K [0x0000000080000000, 0x0000000100000000)
  region size 1024K, 4 young (4096K), 3 survivors (3072K)
 Metaspace       used 58410K, committed 59008K, reserved 491520K
  class space    used 8108K, committed 8384K, reserved 425984K
}
Event: 764.777 GC heap after
{Heap after GC invocations=32 (full 0):
 garbage-first heap   total 97280K, used 54940K [0x0000000080000000, 0x0000000100000000)
  region size 1024K, 1 young (1024K), 1 survivors (1024K)
 Metaspace       used 58410K, committed 59008K, reserved 491520K
  class space    used 8108K, committed 8384K, reserved 425984K
}
Event: 833.017 GC heap before
{Heap before GC invocations=32 (full 0):
 garbage-first heap   total 97280K, used 81564K [0x0000000080000000, 0x0000000100000000)
  region size 1024K, 27 young (27648K), 1 survivors (1024K)
 Metaspace       used 58417K, committed 59008K, reserved 491520K
  class space    used 8108K, committed 8384K, reserved 425984K
}
Event: 833.053 GC heap after
{Heap after GC invocations=33 (full 0):
 garbage-first heap   total 97280K, used 54866K [0x0000000080000000, 0x0000000100000000)
  region size 1024K, 1 young (1024K), 1 survivors (1024K)
 Metaspace       used 58417K, committed 59008K, reserved 491520K
  class space    used 8108K, committed 8384K, reserved 425984K
}
Event: 902.399 GC heap before
{Heap before GC invocations=34 (full 0):
 garbage-first heap   total 97280K, used 80466K [0x0000000080000000, 0x0000000100000000)
  region size 1024K, 27 young (27648K), 1 survivors (1024K)
 Metaspace       used 58422K, committed 59008K, reserved 491520K
  class space    used 8108K, committed 8384K, reserved 425984K
}
Event: 902.405 GC heap after
{Heap after GC invocations=35 (full 0):
 garbage-first heap   total 116736K, used 55066K [0x0000000080000000, 0x0000000100000000)
  region size 1024K, 1 young (1024K), 1 survivors (1024K)
 Metaspace       used 58422K, committed 59008K, reserved 491520K
  class space    used 8108K, committed 8384K, reserved 425984K
}
Event: 1455.417 GC heap before
{Heap before GC invocations=35 (full 0):
 garbage-first heap   total 116736K, used 97050K [0x0000000080000000, 0x0000000100000000)
  region size 1024K, 42 young (43008K), 1 survivors (1024K)
 Metaspace       used 58478K, committed 59136K, reserved 491520K
  class space    used 8109K, committed 8384K, reserved 425984K
}
Event: 1455.508 GC heap after
{Heap after GC invocations=36 (full 0):
 garbage-first heap   total 116736K, used 55239K [0x0000000080000000, 0x0000000100000000)
  region size 1024K, 1 young (1024K), 1 survivors (1024K)
 Metaspace       used 58478K, committed 59136K, reserved 491520K
  class space    used 8109K, committed 8384K, reserved 425984K
}
Event: 8079.061 GC heap before
{Heap before GC invocations=37 (full 0):
 garbage-first heap   total 116736K, used 97223K [0x0000000080000000, 0x0000000100000000)
  region size 1024K, 43 young (44032K), 1 survivors (1024K)
 Metaspace       used 58546K, committed 59200K, reserved 491520K
  class space    used 8112K, committed 8384K, reserved 425984K
}
Event: 8081.534 GC heap after
{Heap after GC invocations=38 (full 0):
 garbage-first heap   total 116736K, used 55241K [0x0000000080000000, 0x0000000100000000)
  region size 1024K, 1 young (1024K), 1 survivors (1024K)
 Metaspace       used 58546K, committed 59200K, reserved 491520K
  class space    used 8112K, committed 8384K, reserved 425984K
}
Event: 8083.785 GC heap before
{Heap before GC invocations=38 (full 0):
 garbage-first heap   total 116736K, used 79817K [0x0000000080000000, 0x0000000100000000)
  region size 1024K, 25 young (25600K), 1 survivors (1024K)
 Metaspace       used 58546K, committed 59200K, reserved 491520K
  class space    used 8112K, committed 8384K, reserved 425984K
}
Event: 8090.460 GC heap after
{Heap after GC invocations=39 (full 0):
 garbage-first heap   total 116736K, used 55327K [0x0000000080000000, 0x0000000100000000)
  region size 1024K, 1 young (1024K), 1 survivors (1024K)
 Metaspace       used 58546K, committed 59200K, reserved 491520K
  class space    used 8112K, committed 8384K, reserved 425984K
}
Event: 8108.756 GC heap before
{Heap before GC invocations=39 (full 0):
 garbage-first heap   total 116736K, used 59423K [0x0000000080000000, 0x0000000100000000)
  region size 1024K, 5 young (5120K), 1 survivors (1024K)
 Metaspace       used 58547K, committed 59200K, reserved 491520K
  class space    used 8112K, committed 8384K, reserved 425984K
}
Event: 8111.400 GC heap after
{Heap after GC invocations=40 (full 0):
 garbage-first heap   total 116736K, used 55307K [0x0000000080000000, 0x0000000100000000)
  region size 1024K, 1 young (1024K), 1 survivors (1024K)
 Metaspace       used 58547K, committed 59200K, reserved 491520K
  class space    used 8112K, committed 8384K, reserved 425984K
}
Event: 8112.724 GC heap before
{Heap before GC invocations=40 (full 0):
 garbage-first heap   total 116736K, used 59403K [0x0000000080000000, 0x0000000100000000)
  region size 1024K, 5 young (5120K), 1 survivors (1024K)
 Metaspace       used 58547K, committed 59200K, reserved 491520K
  class space    used 8112K, committed 8384K, reserved 425984K
}
Event: 8114.817 GC heap after
{Heap after GC invocations=41 (full 0):
 garbage-first heap   total 116736K, used 55256K [0x0000000080000000, 0x0000000100000000)
  region size 1024K, 1 young (1024K), 1 survivors (1024K)
 Metaspace       used 58547K, committed 59200K, reserved 491520K
  class space    used 8112K, committed 8384K, reserved 425984K
}
Event: 8115.490 GC heap before
{Heap before GC invocations=41 (full 0):
 garbage-first heap   total 116736K, used 59352K [0x0000000080000000, 0x0000000100000000)
  region size 1024K, 5 young (5120K), 1 survivors (1024K)
 Metaspace       used 58547K, committed 59200K, reserved 491520K
  class space    used 8112K, committed 8384K, reserved 425984K
}
Event: 8116.312 GC heap after
{Heap after GC invocations=42 (full 0):
 garbage-first heap   total 116736K, used 55232K [0x0000000080000000, 0x0000000100000000)
  region size 1024K, 1 young (1024K), 1 survivors (1024K)
 Metaspace       used 58547K, committed 59200K, reserved 491520K
  class space    used 8112K, committed 8384K, reserved 425984K
}
Event: 8117.159 GC heap before
{Heap before GC invocations=42 (full 0):
 garbage-first heap   total 116736K, used 58304K [0x0000000080000000, 0x0000000100000000)
  region size 1024K, 5 young (5120K), 1 survivors (1024K)
 Metaspace       used 58547K, committed 59200K, reserved 491520K
  class space    used 8112K, committed 8384K, reserved 425984K
}

