# JRE version: OpenJDK Runtime Environment Temurin-17.0.15+6 (17.0.15+6) (build 17.0.15+6)
# Java VM: OpenJDK 64-Bit Server VM Temurin-17.0.15+6 (17.0.15+6, mixed mode, sharing, tiered, compressed oops, compressed class ptrs, g1 gc, windows-amd64)
GC Precious Log:
 CPUs: 16 total, 16 available
 Memory: 16088M
 Large Page Support: Disabled
 NUMA Support: Disabled
 Compressed Oops: Enabled (32-bit)
 Heap Region Size: 1M
 Heap Min Capacity: 8M
 Heap Initial Capacity: 252M
 Heap Max Capacity: 2G
 Pre-touch: Disabled
 Parallel Workers: 13
 Concurrent Workers: 3
 Concurrent Refinement Workers: 13
 Periodic GC: Disabled
Heap:
 garbage-first heap   total 149504K, used 54344K [0x0000000080000000, 0x0000000100000000)
  region size 1024K, 1 young (1024K), 1 survivors (1024K)
 Metaspace       used 58595K, committed 59200K, reserved 491520K
  class space    used 8095K, committed 8384K, reserved 425984K
GC Heap History (20 events):
Event: 863.357 GC heap after
{Heap after GC invocations=27 (full 0):
 garbage-first heap   total 118784K, used 53729K [0x0000000080000000, 0x0000000100000000)
  region size 1024K, 3 young (3072K), 3 survivors (3072K)
 Metaspace       used 58383K, committed 58944K, reserved 491520K
  class space    used 8091K, committed 8384K, reserved 425984K
}
Event: 977.302 GC heap before
{Heap before GC invocations=27 (full 0):
 garbage-first heap   total 118784K, used 98785K [0x0000000080000000, 0x0000000100000000)
  region size 1024K, 47 young (48128K), 3 survivors (3072K)
 Metaspace       used 58395K, committed 59008K, reserved 491520K
  class space    used 8091K, committed 8384K, reserved 425984K
}
Event: 977.331 GC heap after
{Heap after GC invocations=28 (full 0):
 garbage-first heap   total 118784K, used 54009K [0x0000000080000000, 0x0000000100000000)
  region size 1024K, 4 young (4096K), 4 survivors (4096K)
 Metaspace       used 58395K, committed 59008K, reserved 491520K
  class space    used 8091K, committed 8384K, reserved 425984K
}
Event: 1097.314 GC heap before
{Heap before GC invocations=28 (full 0):
 garbage-first heap   total 118784K, used 99065K [0x0000000080000000, 0x0000000100000000)
  region size 1024K, 48 young (49152K), 4 survivors (4096K)
 Metaspace       used 58436K, committed 59072K, reserved 491520K
  class space    used 8091K, committed 8384K, reserved 425984K
}
Event: 1097.355 GC heap after
{Heap after GC invocations=29 (full 0):
 garbage-first heap   total 118784K, used 54536K [0x0000000080000000, 0x0000000100000000)
  region size 1024K, 4 young (4096K), 4 survivors (4096K)
 Metaspace       used 58436K, committed 59072K, reserved 491520K
  class space    used 8091K, committed 8384K, reserved 425984K
}
Event: 1222.195 GC heap before
{Heap before GC invocations=29 (full 0):
 garbage-first heap   total 118784K, used 100616K [0x0000000080000000, 0x0000000100000000)
  region size 1024K, 49 young (50176K), 4 survivors (4096K)
 Metaspace       used 58482K, committed 59136K, reserved 491520K
  class space    used 8091K, committed 8384K, reserved 425984K
}
Event: 1222.246 GC heap after
{Heap after GC invocations=30 (full 0):
 garbage-first heap   total 118784K, used 54963K [0x0000000080000000, 0x0000000100000000)
  region size 1024K, 5 young (5120K), 5 survivors (5120K)
 Metaspace       used 58482K, committed 59136K, reserved 491520K
  class space    used 8091K, committed 8384K, reserved 425984K
}
Event: 1763.074 GC heap before
{Heap before GC invocations=30 (full 0):
 garbage-first heap   total 118784K, used 98995K [0x0000000080000000, 0x0000000100000000)
  region size 1024K, 48 young (49152K), 5 survivors (5120K)
 Metaspace       used 58558K, committed 59200K, reserved 491520K
  class space    used 8092K, committed 8384K, reserved 425984K
}
Event: 1763.127 GC heap after
{Heap after GC invocations=31 (full 0):
 garbage-first heap   total 118784K, used 54678K [0x0000000080000000, 0x0000000100000000)
  region size 1024K, 2 young (2048K), 2 survivors (2048K)
 Metaspace       used 58558K, committed 59200K, reserved 491520K
  class space    used 8092K, committed 8384K, reserved 425984K
}
Event: 8404.241 GC heap before
{Heap before GC invocations=31 (full 0):
 garbage-first heap   total 118784K, used 101782K [0x0000000080000000, 0x0000000100000000)
  region size 1024K, 48 young (49152K), 2 survivors (2048K)
 Metaspace       used 58592K, committed 59200K, reserved 491520K
  class space    used 8095K, committed 8384K, reserved 425984K
}
Event: 8412.718 GC heap after
{Heap after GC invocations=32 (full 0):
 garbage-first heap   total 118784K, used 54618K [0x0000000080000000, 0x0000000100000000)
  region size 1024K, 2 young (2048K), 2 survivors (2048K)
 Metaspace       used 58592K, committed 59200K, reserved 491520K
  class space    used 8095K, committed 8384K, reserved 425984K
}
Event: 8423.097 GC heap before
{Heap before GC invocations=32 (full 0):
 garbage-first heap   total 118784K, used 57690K [0x0000000080000000, 0x0000000100000000)
  region size 1024K, 5 young (5120K), 2 survivors (2048K)
 Metaspace       used 58593K, committed 59200K, reserved 491520K
  class space    used 8095K, committed 8384K, reserved 425984K
}
Event: 8423.834 GC heap after
{Heap after GC invocations=33 (full 0):
 garbage-first heap   total 118784K, used 54476K [0x0000000080000000, 0x0000000100000000)
  region size 1024K, 1 young (1024K), 1 survivors (1024K)
 Metaspace       used 58593K, committed 59200K, reserved 491520K
  class space    used 8095K, committed 8384K, reserved 425984K
}
Event: 8424.601 GC heap before
{Heap before GC invocations=33 (full 0):
 garbage-first heap   total 118784K, used 58572K [0x0000000080000000, 0x0000000100000000)
  region size 1024K, 5 young (5120K), 1 survivors (1024K)
 Metaspace       used 58593K, committed 59200K, reserved 491520K
  class space    used 8095K, committed 8384K, reserved 425984K
}
Event: 8424.731 GC heap after
{Heap after GC invocations=34 (full 0):
 garbage-first heap   total 118784K, used 54362K [0x0000000080000000, 0x0000000100000000)
  region size 1024K, 1 young (1024K), 1 survivors (1024K)
 Metaspace       used 58593K, committed 59200K, reserved 491520K
  class space    used 8095K, committed 8384K, reserved 425984K
}
Event: 8425.111 GC heap before
{Heap before GC invocations=34 (full 0):
 garbage-first heap   total 118784K, used 58458K [0x0000000080000000, 0x0000000100000000)
  region size 1024K, 5 young (5120K), 1 survivors (1024K)
 Metaspace       used 58593K, committed 59200K, reserved 491520K
  class space    used 8095K, committed 8384K, reserved 425984K
}
Event: 8425.132 GC heap after
{Heap after GC invocations=35 (full 0):
 garbage-first heap   total 118784K, used 54432K [0x0000000080000000, 0x0000000100000000)
  region size 1024K, 1 young (1024K), 1 survivors (1024K)
 Metaspace       used 58593K, committed 59200K, reserved 491520K
  class space    used 8095K, committed 8384K, reserved 425984K
}
Event: 8425.454 GC heap before
{Heap before GC invocations=35 (full 0):
 garbage-first heap   total 118784K, used 58528K [0x0000000080000000, 0x0000000100000000)
  region size 1024K, 5 young (5120K), 1 survivors (1024K)
 Metaspace       used 58593K, committed 59200K, reserved 491520K
  class space    used 8095K, committed 8384K, reserved 425984K
}
Event: 8425.485 GC heap after
{Heap after GC invocations=36 (full 0):
 garbage-first heap   total 118784K, used 54366K [0x0000000080000000, 0x0000000100000000)
  region size 1024K, 1 young (1024K), 1 survivors (1024K)
 Metaspace       used 58593K, committed 59200K, reserved 491520K
  class space    used 8095K, committed 8384K, reserved 425984K
}
Event: 8425.814 GC heap before
{Heap before GC invocations=36 (full 0):
 garbage-first heap   total 118784K, used 58462K [0x0000000080000000, 0x0000000100000000)
  region size 1024K, 5 young (5120K), 1 survivors (1024K)
 Metaspace       used 58595K, committed 59200K, reserved 491520K
  class space    used 8095K, committed 8384K, reserved 425984K
}

