# JRE version: OpenJDK Runtime Environment Temurin-17.0.15+6 (17.0.15+6) (build 17.0.15+6)
# Java VM: OpenJDK 64-Bit Server VM Temurin-17.0.15+6 (17.0.15+6, mixed mode, sharing, tiered, compressed oops, compressed class ptrs, g1 gc, windows-amd64)
GC Precious Log:
 CPUs: 16 total, 16 available
 Memory: 16088M
 Large Page Support: Disabled
 NUMA Support: Disabled
 Compressed Oops: Enabled (32-bit)
 Heap Region Size: 1M
 Heap Min Capacity: 8M
 Heap Initial Capacity: 252M
 Heap Max Capacity: 2G
 Pre-touch: Disabled
 Parallel Workers: 13
 Concurrent Workers: 3
 Concurrent Refinement Workers: 13
 Periodic GC: Disabled
Heap:
 garbage-first heap   total 110592K, used 54688K [0x0000000080000000, 0x0000000100000000)
  region size 1024K, 1 young (1024K), 1 survivors (1024K)
 Metaspace       used 58557K, committed 59200K, reserved 491520K
  class space    used 8093K, committed 8384K, reserved 425984K
GC Heap History (20 events):
Event: 1002.580 GC heap after
{Heap after GC invocations=22 (full 0):
 garbage-first heap   total 91136K, used 53019K [0x0000000080000000, 0x0000000100000000)
  region size 1024K, 3 young (3072K), 3 survivors (3072K)
 Metaspace       used 58337K, committed 58944K, reserved 491520K
  class space    used 8097K, committed 8384K, reserved 425984K
}
Event: 1043.079 GC heap before
{Heap before GC invocations=22 (full 0):
 garbage-first heap   total 91136K, used 75547K [0x0000000080000000, 0x0000000100000000)
  region size 1024K, 25 young (25600K), 3 survivors (3072K)
 Metaspace       used 58386K, committed 59008K, reserved 491520K
  class space    used 8100K, committed 8384K, reserved 425984K
}
Event: 1043.170 GC heap after
{Heap after GC invocations=23 (full 0):
 garbage-first heap   total 91136K, used 53317K [0x0000000080000000, 0x0000000100000000)
  region size 1024K, 2 young (2048K), 2 survivors (2048K)
 Metaspace       used 58386K, committed 59008K, reserved 491520K
  class space    used 8100K, committed 8384K, reserved 425984K
}
Event: 1083.980 GC heap before
{Heap before GC invocations=24 (full 0):
 garbage-first heap   total 92160K, used 75845K [0x0000000080000000, 0x0000000100000000)
  region size 1024K, 25 young (25600K), 2 survivors (2048K)
 Metaspace       used 58391K, committed 59008K, reserved 491520K
  class space    used 8100K, committed 8384K, reserved 425984K
}
Event: 1083.985 GC heap after
{Heap after GC invocations=25 (full 0):
 garbage-first heap   total 110592K, used 53410K [0x0000000080000000, 0x0000000100000000)
  region size 1024K, 2 young (2048K), 2 survivors (2048K)
 Metaspace       used 58391K, committed 59008K, reserved 491520K
  class space    used 8100K, committed 8384K, reserved 425984K
}
Event: 1173.369 GC heap before
{Heap before GC invocations=25 (full 0):
 garbage-first heap   total 110592K, used 93346K [0x0000000080000000, 0x0000000100000000)
  region size 1024K, 41 young (41984K), 2 survivors (2048K)
 Metaspace       used 58400K, committed 59072K, reserved 491520K
  class space    used 8100K, committed 8384K, reserved 425984K
}
Event: 1173.451 GC heap after
{Heap after GC invocations=26 (full 0):
 garbage-first heap   total 110592K, used 53614K [0x0000000080000000, 0x0000000100000000)
  region size 1024K, 2 young (2048K), 2 survivors (2048K)
 Metaspace       used 58400K, committed 59072K, reserved 491520K
  class space    used 8100K, committed 8384K, reserved 425984K
}
Event: 1274.794 GC heap before
{Heap before GC invocations=27 (full 0):
 garbage-first heap   total 110592K, used 94574K [0x0000000080000000, 0x0000000100000000)
  region size 1024K, 42 young (43008K), 2 survivors (2048K)
 Metaspace       used 58433K, committed 59072K, reserved 491520K
  class space    used 8100K, committed 8384K, reserved 425984K
}
Event: 1274.818 GC heap after
{Heap after GC invocations=28 (full 0):
 garbage-first heap   total 110592K, used 54064K [0x0000000080000000, 0x0000000100000000)
  region size 1024K, 3 young (3072K), 3 survivors (3072K)
 Metaspace       used 58433K, committed 59072K, reserved 491520K
  class space    used 8100K, committed 8384K, reserved 425984K
}
Event: 1384.437 GC heap before
{Heap before GC invocations=28 (full 0):
 garbage-first heap   total 110592K, used 94000K [0x0000000080000000, 0x0000000100000000)
  region size 1024K, 42 young (43008K), 3 survivors (3072K)
 Metaspace       used 58470K, committed 59136K, reserved 491520K
  class space    used 8100K, committed 8384K, reserved 425984K
}
Event: 1384.511 GC heap after
{Heap after GC invocations=29 (full 0):
 garbage-first heap   total 110592K, used 54331K [0x0000000080000000, 0x0000000100000000)
  region size 1024K, 3 young (3072K), 3 survivors (3072K)
 Metaspace       used 58470K, committed 59136K, reserved 491520K
  class space    used 8100K, committed 8384K, reserved 425984K
}
Event: 1497.387 GC heap before
{Heap before GC invocations=30 (full 0):
 garbage-first heap   total 110592K, used 95291K [0x0000000080000000, 0x0000000100000000)
  region size 1024K, 43 young (44032K), 3 survivors (3072K)
 Metaspace       used 58507K, committed 59136K, reserved 491520K
  class space    used 8100K, committed 8384K, reserved 425984K
}
Event: 1497.434 GC heap after
{Heap after GC invocations=31 (full 0):
 garbage-first heap   total 110592K, used 54584K [0x0000000080000000, 0x0000000100000000)
  region size 1024K, 3 young (3072K), 3 survivors (3072K)
 Metaspace       used 58507K, committed 59136K, reserved 491520K
  class space    used 8100K, committed 8384K, reserved 425984K
}
Event: 2030.403 GC heap before
{Heap before GC invocations=31 (full 0):
 garbage-first heap   total 110592K, used 94520K [0x0000000080000000, 0x0000000100000000)
  region size 1024K, 43 young (44032K), 3 survivors (3072K)
 Metaspace       used 58571K, committed 59200K, reserved 491520K
  class space    used 8104K, committed 8384K, reserved 425984K
}
Event: 2030.491 GC heap after
{Heap after GC invocations=32 (full 0):
 garbage-first heap   total 110592K, used 54817K [0x0000000080000000, 0x0000000100000000)
  region size 1024K, 3 young (3072K), 3 survivors (3072K)
 Metaspace       used 58571K, committed 59200K, reserved 491520K
  class space    used 8104K, committed 8384K, reserved 425984K
}
Event: 8673.125 GC heap before
{Heap before GC invocations=33 (full 0):
 garbage-first heap   total 110592K, used 95777K [0x0000000080000000, 0x0000000100000000)
  region size 1024K, 43 young (44032K), 3 survivors (3072K)
 Metaspace       used 58555K, committed 59200K, reserved 491520K
  class space    used 8093K, committed 8384K, reserved 425984K
}
Event: 8675.722 GC heap after
{Heap after GC invocations=34 (full 0):
 garbage-first heap   total 110592K, used 54794K [0x0000000080000000, 0x0000000100000000)
  region size 1024K, 3 young (3072K), 3 survivors (3072K)
 Metaspace       used 58555K, committed 59200K, reserved 491520K
  class space    used 8093K, committed 8384K, reserved 425984K
}
Event: 8679.430 GC heap before
{Heap before GC invocations=34 (full 0):
 garbage-first heap   total 110592K, used 56842K [0x0000000080000000, 0x0000000100000000)
  region size 1024K, 5 young (5120K), 3 survivors (3072K)
 Metaspace       used 58557K, committed 59200K, reserved 491520K
  class space    used 8093K, committed 8384K, reserved 425984K
}
Event: 8683.316 GC heap after
{Heap after GC invocations=35 (full 0):
 garbage-first heap   total 110592K, used 54829K [0x0000000080000000, 0x0000000100000000)
  region size 1024K, 1 young (1024K), 1 survivors (1024K)
 Metaspace       used 58557K, committed 59200K, reserved 491520K
  class space    used 8093K, committed 8384K, reserved 425984K
}
Event: 8687.507 GC heap before
{Heap before GC invocations=35 (full 0):
 garbage-first heap   total 110592K, used 58925K [0x0000000080000000, 0x0000000100000000)
  region size 1024K, 5 young (5120K), 1 survivors (1024K)
 Metaspace       used 58557K, committed 59200K, reserved 491520K
  class space    used 8093K, committed 8384K, reserved 425984K
}

