# JRE version: OpenJDK Runtime Environment Temurin-17.0.15+6 (17.0.15+6) (build 17.0.15+6)
# Java VM: OpenJDK 64-Bit Server VM Temurin-17.0.15+6 (17.0.15+6, mixed mode, sharing, tiered, compressed oops, compressed class ptrs, g1 gc, windows-amd64)
GC Precious Log:
 CPUs: 16 total, 16 available
 Memory: 16088M
 Large Page Support: Disabled
 NUMA Support: Disabled
 Compressed Oops: Enabled (32-bit)
 Heap Region Size: 1M
 Heap Min Capacity: 8M
 Heap Initial Capacity: 252M
 Heap Max Capacity: 2G
 Pre-touch: Disabled
 Parallel Workers: 13
 Concurrent Workers: 3
 Concurrent Refinement Workers: 13
 Periodic GC: Disabled
Heap:
 garbage-first heap   total 122880K, used 55257K [0x0000000080000000, 0x0000000100000000)
  region size 1024K, 1 young (1024K), 1 survivors (1024K)
 Metaspace       used 58821K, committed 59456K, reserved 491520K
  class space    used 8110K, committed 8384K, reserved 425984K
GC Heap History (20 events):
Event: 1058.725 GC heap after
{Heap after GC invocations=29 (full 0):
 garbage-first heap   total 122880K, used 54093K [0x0000000080000000, 0x0000000100000000)
  region size 1024K, 5 young (5120K), 5 survivors (5120K)
 Metaspace       used 58522K, committed 59136K, reserved 491520K
  class space    used 8106K, committed 8384K, reserved 425984K
}
Event: 1155.401 GC heap before
{Heap before GC invocations=29 (full 0):
 garbage-first heap   total 122880K, used 99149K [0x0000000080000000, 0x0000000100000000)
  region size 1024K, 50 young (51200K), 5 survivors (5120K)
 Metaspace       used 58570K, committed 59200K, reserved 491520K
  class space    used 8106K, committed 8384K, reserved 425984K
}
Event: 1155.441 GC heap after
{Heap after GC invocations=30 (full 0):
 garbage-first heap   total 122880K, used 54562K [0x0000000080000000, 0x0000000100000000)
  region size 1024K, 2 young (2048K), 2 survivors (2048K)
 Metaspace       used 58570K, committed 59200K, reserved 491520K
  class space    used 8106K, committed 8384K, reserved 425984K
}
Event: 1278.386 GC heap before
{Heap before GC invocations=30 (full 0):
 garbage-first heap   total 122880K, used 101666K [0x0000000080000000, 0x0000000100000000)
  region size 1024K, 48 young (49152K), 2 survivors (2048K)
 Metaspace       used 58614K, committed 59264K, reserved 491520K
  class space    used 8106K, committed 8384K, reserved 425984K
}
Event: 1278.433 GC heap after
{Heap after GC invocations=31 (full 0):
 garbage-first heap   total 122880K, used 54953K [0x0000000080000000, 0x0000000100000000)
  region size 1024K, 3 young (3072K), 3 survivors (3072K)
 Metaspace       used 58614K, committed 59264K, reserved 491520K
  class space    used 8106K, committed 8384K, reserved 425984K
}
Event: 1409.864 GC heap before
{Heap before GC invocations=31 (full 0):
 garbage-first heap   total 122880K, used 102057K [0x0000000080000000, 0x0000000100000000)
  region size 1024K, 49 young (50176K), 3 survivors (3072K)
 Metaspace       used 58679K, committed 59328K, reserved 491520K
  class space    used 8106K, committed 8384K, reserved 425984K
}
Event: 1409.887 GC heap after
{Heap after GC invocations=32 (full 0):
 garbage-first heap   total 122880K, used 55018K [0x0000000080000000, 0x0000000100000000)
  region size 1024K, 3 young (3072K), 3 survivors (3072K)
 Metaspace       used 58679K, committed 59328K, reserved 491520K
  class space    used 8106K, committed 8384K, reserved 425984K
}
Event: 1551.714 GC heap before
{Heap before GC invocations=32 (full 0):
 garbage-first heap   total 122880K, used 103146K [0x0000000080000000, 0x0000000100000000)
  region size 1024K, 50 young (51200K), 3 survivors (3072K)
 Metaspace       used 58759K, committed 59392K, reserved 491520K
  class space    used 8106K, committed 8384K, reserved 425984K
}
Event: 1551.767 GC heap after
{Heap after GC invocations=33 (full 0):
 garbage-first heap   total 122880K, used 55414K [0x0000000080000000, 0x0000000100000000)
  region size 1024K, 3 young (3072K), 3 survivors (3072K)
 Metaspace       used 58759K, committed 59392K, reserved 491520K
  class space    used 8106K, committed 8384K, reserved 425984K
}
Event: 8637.053 GC heap before
{Heap before GC invocations=33 (full 0):
 garbage-first heap   total 122880K, used 103542K [0x0000000080000000, 0x0000000100000000)
  region size 1024K, 50 young (51200K), 3 survivors (3072K)
 Metaspace       used 58821K, committed 59456K, reserved 491520K
  class space    used 8110K, committed 8384K, reserved 425984K
}
Event: 8642.124 GC heap after
{Heap after GC invocations=34 (full 0):
 garbage-first heap   total 122880K, used 55437K [0x0000000080000000, 0x0000000100000000)
  region size 1024K, 3 young (3072K), 3 survivors (3072K)
 Metaspace       used 58821K, committed 59456K, reserved 491520K
  class space    used 8110K, committed 8384K, reserved 425984K
}
Event: 8648.445 GC heap before
{Heap before GC invocations=34 (full 0):
 garbage-first heap   total 122880K, used 58509K [0x0000000080000000, 0x0000000100000000)
  region size 1024K, 6 young (6144K), 3 survivors (3072K)
 Metaspace       used 58821K, committed 59456K, reserved 491520K
  class space    used 8110K, committed 8384K, reserved 425984K
}
Event: 8654.575 GC heap after
{Heap after GC invocations=35 (full 0):
 garbage-first heap   total 122880K, used 55579K [0x0000000080000000, 0x0000000100000000)
  region size 1024K, 1 young (1024K), 1 survivors (1024K)
 Metaspace       used 58821K, committed 59456K, reserved 491520K
  class space    used 8110K, committed 8384K, reserved 425984K
}
Event: 8656.324 GC heap before
{Heap before GC invocations=35 (full 0):
 garbage-first heap   total 122880K, used 60699K [0x0000000080000000, 0x0000000100000000)
  region size 1024K, 6 young (6144K), 1 survivors (1024K)
 Metaspace       used 58821K, committed 59456K, reserved 491520K
  class space    used 8110K, committed 8384K, reserved 425984K
}
Event: 8661.228 GC heap after
{Heap after GC invocations=36 (full 0):
 garbage-first heap   total 122880K, used 55353K [0x0000000080000000, 0x0000000100000000)
  region size 1024K, 1 young (1024K), 1 survivors (1024K)
 Metaspace       used 58821K, committed 59456K, reserved 491520K
  class space    used 8110K, committed 8384K, reserved 425984K
}
Event: 8673.031 GC heap before
{Heap before GC invocations=36 (full 0):
 garbage-first heap   total 122880K, used 60473K [0x0000000080000000, 0x0000000100000000)
  region size 1024K, 6 young (6144K), 1 survivors (1024K)
 Metaspace       used 58821K, committed 59456K, reserved 491520K
  class space    used 8110K, committed 8384K, reserved 425984K
}
Event: 8673.372 GC heap after
{Heap after GC invocations=37 (full 0):
 garbage-first heap   total 122880K, used 55420K [0x0000000080000000, 0x0000000100000000)
  region size 1024K, 1 young (1024K), 1 survivors (1024K)
 Metaspace       used 58821K, committed 59456K, reserved 491520K
  class space    used 8110K, committed 8384K, reserved 425984K
}
Event: 8673.602 GC heap before
{Heap before GC invocations=37 (full 0):
 garbage-first heap   total 122880K, used 60540K [0x0000000080000000, 0x0000000100000000)
  region size 1024K, 6 young (6144K), 1 survivors (1024K)
 Metaspace       used 58821K, committed 59456K, reserved 491520K
  class space    used 8110K, committed 8384K, reserved 425984K
}
Event: 8673.680 GC heap after
{Heap after GC invocations=38 (full 0):
 garbage-first heap   total 122880K, used 55274K [0x0000000080000000, 0x0000000100000000)
  region size 1024K, 1 young (1024K), 1 survivors (1024K)
 Metaspace       used 58821K, committed 59456K, reserved 491520K
  class space    used 8110K, committed 8384K, reserved 425984K
}
Event: 8674.306 GC heap before
{Heap before GC invocations=38 (full 0):
 garbage-first heap   total 122880K, used 60394K [0x0000000080000000, 0x0000000100000000)
  region size 1024K, 6 young (6144K), 1 survivors (1024K)
 Metaspace       used 58821K, committed 59456K, reserved 491520K
  class space    used 8110K, committed 8384K, reserved 425984K
}

