# JRE version: OpenJDK Runtime Environment Temurin-17.0.15+6 (17.0.15+6) (build 17.0.15+6)
# Java VM: OpenJDK 64-Bit Server VM Temurin-17.0.15+6 (17.0.15+6, mixed mode, sharing, tiered, compressed oops, compressed class ptrs, g1 gc, windows-amd64)
GC Precious Log:
 CPUs: 16 total, 16 available
 Memory: 16088M
 Large Page Support: Disabled
 NUMA Support: Disabled
 Compressed Oops: Enabled (32-bit)
 Heap Region Size: 1M
 Heap Min Capacity: 8M
 Heap Initial Capacity: 252M
 Heap Max Capacity: 2G
 Pre-touch: Disabled
 Parallel Workers: 13
 Concurrent Workers: 3
 Concurrent Refinement Workers: 13
 Periodic GC: Disabled
Heap:
 garbage-first heap   total 171008K, used 54258K [0x0000000080000000, 0x0000000100000000)
  region size 1024K, 1 young (1024K), 1 survivors (1024K)
 Metaspace       used 58751K, committed 59392K, reserved 491520K
  class space    used 8103K, committed 8384K, reserved 425984K
GC Heap History (20 events):
Event: 754.640 GC heap after
{Heap after GC invocations=18 (full 0):
 garbage-first heap   total 171008K, used 45668K [0x0000000080000000, 0x0000000100000000)
  region size 1024K, 9 young (9216K), 9 survivors (9216K)
 Metaspace       used 47290K, committed 47872K, reserved 491520K
  class space    used 6536K, committed 6784K, reserved 425984K
}
Event: 771.360 GC heap before
{Heap before GC invocations=18 (full 0):
 garbage-first heap   total 171008K, used 136804K [0x0000000080000000, 0x0000000100000000)
  region size 1024K, 99 young (101376K), 9 survivors (9216K)
 Metaspace       used 56689K, committed 57280K, reserved 491520K
  class space    used 7821K, committed 8128K, reserved 425984K
}
Event: 771.374 GC heap after
{Heap after GC invocations=19 (full 0):
 garbage-first heap   total 171008K, used 50493K [0x0000000080000000, 0x0000000100000000)
  region size 1024K, 12 young (12288K), 12 survivors (12288K)
 Metaspace       used 56689K, committed 57280K, reserved 491520K
  class space    used 7821K, committed 8128K, reserved 425984K
}
Event: 887.414 GC heap before
{Heap before GC invocations=19 (full 0):
 garbage-first heap   total 171008K, used 138557K [0x0000000080000000, 0x0000000100000000)
  region size 1024K, 98 young (100352K), 12 survivors (12288K)
 Metaspace       used 58504K, committed 59136K, reserved 491520K
  class space    used 8099K, committed 8384K, reserved 425984K
}
Event: 888.240 GC heap after
{Heap after GC invocations=20 (full 0):
 garbage-first heap   total 171008K, used 53725K [0x0000000080000000, 0x0000000100000000)
  region size 1024K, 9 young (9216K), 9 survivors (9216K)
 Metaspace       used 58504K, committed 59136K, reserved 491520K
  class space    used 8099K, committed 8384K, reserved 425984K
}
Event: 1046.402 GC heap before
{Heap before GC invocations=20 (full 0):
 garbage-first heap   total 171008K, used 125405K [0x0000000080000000, 0x0000000100000000)
  region size 1024K, 79 young (80896K), 9 survivors (9216K)
 Metaspace       used 58577K, committed 59200K, reserved 491520K
  class space    used 8099K, committed 8384K, reserved 425984K
}
Event: 1046.477 GC heap after
{Heap after GC invocations=21 (full 0):
 garbage-first heap   total 171008K, used 54682K [0x0000000080000000, 0x0000000100000000)
  region size 1024K, 4 young (4096K), 4 survivors (4096K)
 Metaspace       used 58577K, committed 59200K, reserved 491520K
  class space    used 8099K, committed 8384K, reserved 425984K
}
Event: 1289.398 GC heap before
{Heap before GC invocations=21 (full 0):
 garbage-first heap   total 171008K, used 142746K [0x0000000080000000, 0x0000000100000000)
  region size 1024K, 90 young (92160K), 4 survivors (4096K)
 Metaspace       used 58643K, committed 59264K, reserved 491520K
  class space    used 8099K, committed 8384K, reserved 425984K
}
Event: 1289.476 GC heap after
{Heap after GC invocations=22 (full 0):
 garbage-first heap   total 171008K, used 54960K [0x0000000080000000, 0x0000000100000000)
  region size 1024K, 5 young (5120K), 5 survivors (5120K)
 Metaspace       used 58643K, committed 59264K, reserved 491520K
  class space    used 8099K, committed 8384K, reserved 425984K
}
Event: 8479.713 GC heap before
{Heap before GC invocations=22 (full 0):
 garbage-first heap   total 171008K, used 142000K [0x0000000080000000, 0x0000000100000000)
  region size 1024K, 91 young (93184K), 5 survivors (5120K)
 Metaspace       used 58750K, committed 59392K, reserved 491520K
  class space    used 8103K, committed 8384K, reserved 425984K
}
Event: 8486.173 GC heap after
{Heap after GC invocations=23 (full 0):
 garbage-first heap   total 171008K, used 54587K [0x0000000080000000, 0x0000000100000000)
  region size 1024K, 4 young (4096K), 4 survivors (4096K)
 Metaspace       used 58750K, committed 59392K, reserved 491520K
  class space    used 8103K, committed 8384K, reserved 425984K
}
Event: 8490.046 GC heap before
{Heap before GC invocations=23 (full 0):
 garbage-first heap   total 171008K, used 58683K [0x0000000080000000, 0x0000000100000000)
  region size 1024K, 8 young (8192K), 4 survivors (4096K)
 Metaspace       used 58750K, committed 59392K, reserved 491520K
  class space    used 8103K, committed 8384K, reserved 425984K
}
Event: 8494.350 GC heap after
{Heap after GC invocations=24 (full 0):
 garbage-first heap   total 171008K, used 54791K [0x0000000080000000, 0x0000000100000000)
  region size 1024K, 1 young (1024K), 1 survivors (1024K)
 Metaspace       used 58750K, committed 59392K, reserved 491520K
  class space    used 8103K, committed 8384K, reserved 425984K
}
Event: 8498.170 GC heap before
{Heap before GC invocations=24 (full 0):
 garbage-first heap   total 171008K, used 61959K [0x0000000080000000, 0x0000000100000000)
  region size 1024K, 8 young (8192K), 1 survivors (1024K)
 Metaspace       used 58751K, committed 59392K, reserved 491520K
  class space    used 8103K, committed 8384K, reserved 425984K
}
Event: 8500.424 GC heap after
{Heap after GC invocations=25 (full 0):
 garbage-first heap   total 171008K, used 54497K [0x0000000080000000, 0x0000000100000000)
  region size 1024K, 1 young (1024K), 1 survivors (1024K)
 Metaspace       used 58751K, committed 59392K, reserved 491520K
  class space    used 8103K, committed 8384K, reserved 425984K
}
Event: 8502.229 GC heap before
{Heap before GC invocations=25 (full 0):
 garbage-first heap   total 171008K, used 61665K [0x0000000080000000, 0x0000000100000000)
  region size 1024K, 8 young (8192K), 1 survivors (1024K)
 Metaspace       used 58751K, committed 59392K, reserved 491520K
  class space    used 8103K, committed 8384K, reserved 425984K
}
Event: 8504.224 GC heap after
{Heap after GC invocations=26 (full 0):
 garbage-first heap   total 171008K, used 54279K [0x0000000080000000, 0x0000000100000000)
  region size 1024K, 1 young (1024K), 1 survivors (1024K)
 Metaspace       used 58751K, committed 59392K, reserved 491520K
  class space    used 8103K, committed 8384K, reserved 425984K
}
Event: 8505.562 GC heap before
{Heap before GC invocations=26 (full 0):
 garbage-first heap   total 171008K, used 61447K [0x0000000080000000, 0x0000000100000000)
  region size 1024K, 8 young (8192K), 1 survivors (1024K)
 Metaspace       used 58751K, committed 59392K, reserved 491520K
  class space    used 8103K, committed 8384K, reserved 425984K
}
Event: 8506.335 GC heap after
{Heap after GC invocations=27 (full 0):
 garbage-first heap   total 171008K, used 54334K [0x0000000080000000, 0x0000000100000000)
  region size 1024K, 1 young (1024K), 1 survivors (1024K)
 Metaspace       used 58751K, committed 59392K, reserved 491520K
  class space    used 8103K, committed 8384K, reserved 425984K
}
Event: 8506.865 GC heap before
{Heap before GC invocations=27 (full 0):
 garbage-first heap   total 171008K, used 61502K [0x0000000080000000, 0x0000000100000000)
  region size 1024K, 8 young (8192K), 1 survivors (1024K)
 Metaspace       used 58751K, committed 59392K, reserved 491520K
  class space    used 8103K, committed 8384K, reserved 425984K
}

