# JRE version: OpenJDK Runtime Environment Temurin-17.0.15+6 (17.0.15+6) (build 17.0.15+6)
# Java VM: OpenJDK 64-Bit Server VM Temurin-17.0.15+6 (17.0.15+6, mixed mode, sharing, tiered, compressed oops, compressed class ptrs, g1 gc, windows-amd64)
GC Precious Log:
 CPUs: 16 total, 16 available
 Memory: 16088M
 Large Page Support: Disabled
 NUMA Support: Disabled
 Compressed Oops: Enabled (32-bit)
 Heap Region Size: 1M
 Heap Min Capacity: 8M
 Heap Initial Capacity: 252M
 Heap Max Capacity: 2G
 Pre-touch: Disabled
 Parallel Workers: 13
 Concurrent Workers: 3
 Concurrent Refinement Workers: 13
 Periodic GC: Disabled
Heap:
 garbage-first heap   total 387072K, used 54313K [0x0000000080000000, 0x0000000100000000)
  region size 1024K, 1 young (1024K), 1 survivors (1024K)
 Metaspace       used 58721K, committed 59328K, reserved 491520K
  class space    used 8106K, committed 8384K, reserved 425984K
GC Heap History (20 events):
Event: 1433.840 GC heap after
{Heap after GC invocations=37 (full 0):
 garbage-first heap   total 129024K, used 54166K [0x0000000080000000, 0x0000000100000000)
  region size 1024K, 2 young (2048K), 2 survivors (2048K)
 Metaspace       used 58584K, committed 59200K, reserved 491520K
  class space    used 8102K, committed 8384K, reserved 425984K
}
Event: 8542.825 GC heap before
{Heap before GC invocations=37 (full 0):
 garbage-first heap   total 129024K, used 111510K [0x0000000080000000, 0x0000000100000000)
  region size 1024K, 59 young (60416K), 2 survivors (2048K)
 Metaspace       used 58687K, committed 59328K, reserved 491520K
  class space    used 8106K, committed 8384K, reserved 425984K
}
Event: 8543.387 GC heap after
{Heap after GC invocations=38 (full 0):
 garbage-first heap   total 129024K, used 54267K [0x0000000080000000, 0x0000000100000000)
  region size 1024K, 3 young (3072K), 3 survivors (3072K)
 Metaspace       used 58687K, committed 59328K, reserved 491520K
  class space    used 8106K, committed 8384K, reserved 425984K
}
Event: 8558.011 GC heap before
{Heap before GC invocations=38 (full 0):
 garbage-first heap   total 129024K, used 74747K [0x0000000080000000, 0x0000000100000000)
  region size 1024K, 23 young (23552K), 3 survivors (3072K)
 Metaspace       used 58692K, committed 59328K, reserved 491520K
  class space    used 8106K, committed 8384K, reserved 425984K
}
Event: 8561.179 GC heap after
{Heap after GC invocations=39 (full 0):
 garbage-first heap   total 129024K, used 54272K [0x0000000080000000, 0x0000000100000000)
  region size 1024K, 2 young (2048K), 2 survivors (2048K)
 Metaspace       used 58692K, committed 59328K, reserved 491520K
  class space    used 8106K, committed 8384K, reserved 425984K
}
Event: 8561.425 GC heap before
{Heap before GC invocations=39 (full 0):
 garbage-first heap   total 129024K, used 58368K [0x0000000080000000, 0x0000000100000000)
  region size 1024K, 6 young (6144K), 2 survivors (2048K)
 Metaspace       used 58692K, committed 59328K, reserved 491520K
  class space    used 8106K, committed 8384K, reserved 425984K
}
Event: 8562.852 GC heap after
{Heap after GC invocations=40 (full 0):
 garbage-first heap   total 129024K, used 54362K [0x0000000080000000, 0x0000000100000000)
  region size 1024K, 1 young (1024K), 1 survivors (1024K)
 Metaspace       used 58692K, committed 59328K, reserved 491520K
  class space    used 8106K, committed 8384K, reserved 425984K
}
Event: 8563.569 GC heap before
{Heap before GC invocations=40 (full 0):
 garbage-first heap   total 129024K, used 59482K [0x0000000080000000, 0x0000000100000000)
  region size 1024K, 6 young (6144K), 1 survivors (1024K)
 Metaspace       used 58692K, committed 59328K, reserved 491520K
  class space    used 8106K, committed 8384K, reserved 425984K
}
Event: 8564.756 GC heap after
{Heap after GC invocations=41 (full 0):
 garbage-first heap   total 129024K, used 54266K [0x0000000080000000, 0x0000000100000000)
  region size 1024K, 1 young (1024K), 1 survivors (1024K)
 Metaspace       used 58692K, committed 59328K, reserved 491520K
  class space    used 8106K, committed 8384K, reserved 425984K
}
Event: 8565.158 GC heap before
{Heap before GC invocations=41 (full 0):
 garbage-first heap   total 129024K, used 59386K [0x0000000080000000, 0x0000000100000000)
  region size 1024K, 6 young (6144K), 1 survivors (1024K)
 Metaspace       used 58692K, committed 59328K, reserved 491520K
  class space    used 8106K, committed 8384K, reserved 425984K
}
Event: 8565.772 GC heap after
{Heap after GC invocations=42 (full 0):
 garbage-first heap   total 129024K, used 54370K [0x0000000080000000, 0x0000000100000000)
  region size 1024K, 1 young (1024K), 1 survivors (1024K)
 Metaspace       used 58692K, committed 59328K, reserved 491520K
  class space    used 8106K, committed 8384K, reserved 425984K
}
Event: 8566.475 GC heap before
{Heap before GC invocations=42 (full 0):
 garbage-first heap   total 129024K, used 59490K [0x0000000080000000, 0x0000000100000000)
  region size 1024K, 6 young (6144K), 1 survivors (1024K)
 Metaspace       used 58692K, committed 59328K, reserved 491520K
  class space    used 8106K, committed 8384K, reserved 425984K
}
Event: 8567.323 GC heap after
{Heap after GC invocations=43 (full 0):
 garbage-first heap   total 387072K, used 54276K [0x0000000080000000, 0x0000000100000000)
  region size 1024K, 1 young (1024K), 1 survivors (1024K)
 Metaspace       used 58692K, committed 59328K, reserved 491520K
  class space    used 8106K, committed 8384K, reserved 425984K
}
Event: 8577.534 GC heap before
{Heap before GC invocations=43 (full 0):
 garbage-first heap   total 387072K, used 71684K [0x0000000080000000, 0x0000000100000000)
  region size 1024K, 18 young (18432K), 1 survivors (1024K)
 Metaspace       used 58693K, committed 59328K, reserved 491520K
  class space    used 8106K, committed 8384K, reserved 425984K
}
Event: 8579.712 GC heap after
{Heap after GC invocations=44 (full 0):
 garbage-first heap   total 387072K, used 54329K [0x0000000080000000, 0x0000000100000000)
  region size 1024K, 1 young (1024K), 1 survivors (1024K)
 Metaspace       used 58693K, committed 59328K, reserved 491520K
  class space    used 8106K, committed 8384K, reserved 425984K
}
Event: 8585.462 GC heap before
{Heap before GC invocations=44 (full 0):
 garbage-first heap   total 387072K, used 71737K [0x0000000080000000, 0x0000000100000000)
  region size 1024K, 18 young (18432K), 1 survivors (1024K)
 Metaspace       used 58699K, committed 59328K, reserved 491520K
  class space    used 8106K, committed 8384K, reserved 425984K
}
Event: 8586.943 GC heap after
{Heap after GC invocations=45 (full 0):
 garbage-first heap   total 387072K, used 54327K [0x0000000080000000, 0x0000000100000000)
  region size 1024K, 1 young (1024K), 1 survivors (1024K)
 Metaspace       used 58699K, committed 59328K, reserved 491520K
  class space    used 8106K, committed 8384K, reserved 425984K
}
Event: 8592.085 GC heap before
{Heap before GC invocations=45 (full 0):
 garbage-first heap   total 387072K, used 71735K [0x0000000080000000, 0x0000000100000000)
  region size 1024K, 18 young (18432K), 1 survivors (1024K)
 Metaspace       used 58719K, committed 59328K, reserved 491520K
  class space    used 8106K, committed 8384K, reserved 425984K
}
Event: 8592.508 GC heap after
{Heap after GC invocations=46 (full 0):
 garbage-first heap   total 387072K, used 54324K [0x0000000080000000, 0x0000000100000000)
  region size 1024K, 1 young (1024K), 1 survivors (1024K)
 Metaspace       used 58719K, committed 59328K, reserved 491520K
  class space    used 8106K, committed 8384K, reserved 425984K
}
Event: 8596.035 GC heap before
{Heap before GC invocations=46 (full 0):
 garbage-first heap   total 387072K, used 71732K [0x0000000080000000, 0x0000000100000000)
  region size 1024K, 18 young (18432K), 1 survivors (1024K)
 Metaspace       used 58721K, committed 59328K, reserved 491520K
  class space    used 8106K, committed 8384K, reserved 425984K
}

