# JRE version: OpenJDK Runtime Environment Temurin-17.0.15+6 (17.0.15+6) (build 17.0.15+6)
# Java VM: OpenJDK 64-Bit Server VM Temurin-17.0.15+6 (17.0.15+6, mixed mode, sharing, tiered, compressed oops, compressed class ptrs, g1 gc, windows-amd64)
GC Precious Log:
 CPUs: 16 total, 16 available
 Memory: 16088M
 Large Page Support: Disabled
 NUMA Support: Disabled
 Compressed Oops: Enabled (32-bit)
 Heap Region Size: 1M
 Heap Min Capacity: 8M
 Heap Initial Capacity: 252M
 Heap Max Capacity: 2G
 Pre-touch: Disabled
 Parallel Workers: 13
 Concurrent Workers: 3
 Concurrent Refinement Workers: 13
 Periodic GC: Disabled
Heap:
 garbage-first heap   total 113664K, used 53705K [0x0000000080000000, 0x0000000100000000)
  region size 1024K, 1 young (1024K), 1 survivors (1024K)
 Metaspace       used 58631K, committed 59200K, reserved 491520K
  class space    used 8105K, committed 8384K, reserved 425984K
GC Heap History (20 events):
Event: 1120.482 GC heap after
{Heap after GC invocations=31 (full 0):
 garbage-first heap   total 92160K, used 52588K [0x0000000080000000, 0x0000000100000000)
  region size 1024K, 2 young (2048K), 2 survivors (2048K)
 Metaspace       used 58355K, committed 59008K, reserved 491520K
  class space    used 8095K, committed 8384K, reserved 425984K
}
Event: 1177.367 GC heap before
{Heap before GC invocations=31 (full 0):
 garbage-first heap   total 92160K, used 77164K [0x0000000080000000, 0x0000000100000000)
  region size 1024K, 26 young (26624K), 2 survivors (2048K)
 Metaspace       used 58366K, committed 59008K, reserved 491520K
  class space    used 8095K, committed 8384K, reserved 425984K
}
Event: 1177.405 GC heap after
{Heap after GC invocations=32 (full 0):
 garbage-first heap   total 92160K, used 52639K [0x0000000080000000, 0x0000000100000000)
  region size 1024K, 2 young (2048K), 2 survivors (2048K)
 Metaspace       used 58366K, committed 59008K, reserved 491520K
  class space    used 8095K, committed 8384K, reserved 425984K
}
Event: 1232.063 GC heap before
{Heap before GC invocations=33 (full 0):
 garbage-first heap   total 94208K, used 76191K [0x0000000080000000, 0x0000000100000000)
  region size 1024K, 25 young (25600K), 2 survivors (2048K)
 Metaspace       used 58386K, committed 59072K, reserved 491520K
  class space    used 8095K, committed 8384K, reserved 425984K
}
Event: 1232.067 GC heap after
{Heap after GC invocations=34 (full 0):
 garbage-first heap   total 94208K, used 52979K [0x0000000080000000, 0x0000000100000000)
  region size 1024K, 2 young (2048K), 2 survivors (2048K)
 Metaspace       used 58386K, committed 59072K, reserved 491520K
  class space    used 8095K, committed 8384K, reserved 425984K
}
Event: 1300.456 GC heap before
{Heap before GC invocations=34 (full 0):
 garbage-first heap   total 94208K, used 78579K [0x0000000080000000, 0x0000000100000000)
  region size 1024K, 27 young (27648K), 2 survivors (2048K)
 Metaspace       used 58412K, committed 59072K, reserved 491520K
  class space    used 8095K, committed 8384K, reserved 425984K
}
Event: 1300.508 GC heap after
{Heap after GC invocations=35 (full 0):
 garbage-first heap   total 94208K, used 53280K [0x0000000080000000, 0x0000000100000000)
  region size 1024K, 2 young (2048K), 2 survivors (2048K)
 Metaspace       used 58412K, committed 59072K, reserved 491520K
  class space    used 8095K, committed 8384K, reserved 425984K
}
Event: 1369.270 GC heap before
{Heap before GC invocations=36 (full 0):
 garbage-first heap   total 94208K, used 79904K [0x0000000080000000, 0x0000000100000000)
  region size 1024K, 28 young (28672K), 2 survivors (2048K)
 Metaspace       used 58433K, committed 59072K, reserved 491520K
  class space    used 8095K, committed 8384K, reserved 425984K
}
Event: 1369.279 GC heap after
{Heap after GC invocations=37 (full 0):
 garbage-first heap   total 113664K, used 53383K [0x0000000080000000, 0x0000000100000000)
  region size 1024K, 2 young (2048K), 2 survivors (2048K)
 Metaspace       used 58433K, committed 59072K, reserved 491520K
  class space    used 8095K, committed 8384K, reserved 425984K
}
Event: 1485.800 GC heap before
{Heap before GC invocations=37 (full 0):
 garbage-first heap   total 113664K, used 96391K [0x0000000080000000, 0x0000000100000000)
  region size 1024K, 44 young (45056K), 2 survivors (2048K)
 Metaspace       used 58479K, committed 59136K, reserved 491520K
  class space    used 8095K, committed 8384K, reserved 425984K
}
Event: 1485.903 GC heap after
{Heap after GC invocations=38 (full 0):
 garbage-first heap   total 113664K, used 53598K [0x0000000080000000, 0x0000000100000000)
  region size 1024K, 3 young (3072K), 3 survivors (3072K)
 Metaspace       used 58479K, committed 59136K, reserved 491520K
  class space    used 8095K, committed 8384K, reserved 425984K
}
Event: 8607.919 GC heap before
{Heap before GC invocations=39 (full 0):
 garbage-first heap   total 113664K, used 95582K [0x0000000080000000, 0x0000000100000000)
  region size 1024K, 44 young (45056K), 3 survivors (3072K)
 Metaspace       used 58558K, committed 59136K, reserved 491520K
  class space    used 8099K, committed 8384K, reserved 425984K
}
Event: 8607.982 GC heap after
{Heap after GC invocations=40 (full 0):
 garbage-first heap   total 113664K, used 53909K [0x0000000080000000, 0x0000000100000000)
  region size 1024K, 3 young (3072K), 3 survivors (3072K)
 Metaspace       used 58558K, committed 59136K, reserved 491520K
  class space    used 8099K, committed 8384K, reserved 425984K
}
Event: 8626.050 GC heap before
{Heap before GC invocations=40 (full 0):
 garbage-first heap   total 113664K, used 95893K [0x0000000080000000, 0x0000000100000000)
  region size 1024K, 44 young (45056K), 3 survivors (3072K)
 Metaspace       used 58630K, committed 59200K, reserved 491520K
  class space    used 8105K, committed 8384K, reserved 425984K
}
Event: 8631.542 GC heap after
{Heap after GC invocations=41 (full 0):
 garbage-first heap   total 113664K, used 53836K [0x0000000080000000, 0x0000000100000000)
  region size 1024K, 3 young (3072K), 3 survivors (3072K)
 Metaspace       used 58630K, committed 59200K, reserved 491520K
  class space    used 8105K, committed 8384K, reserved 425984K
}
Event: 8643.163 GC heap before
{Heap before GC invocations=41 (full 0):
 garbage-first heap   total 113664K, used 55884K [0x0000000080000000, 0x0000000100000000)
  region size 1024K, 5 young (5120K), 3 survivors (3072K)
 Metaspace       used 58630K, committed 59200K, reserved 491520K
  class space    used 8105K, committed 8384K, reserved 425984K
}
Event: 8645.416 GC heap after
{Heap after GC invocations=42 (full 0):
 garbage-first heap   total 113664K, used 53823K [0x0000000080000000, 0x0000000100000000)
  region size 1024K, 1 young (1024K), 1 survivors (1024K)
 Metaspace       used 58630K, committed 59200K, reserved 491520K
  class space    used 8105K, committed 8384K, reserved 425984K
}
Event: 8646.872 GC heap before
{Heap before GC invocations=42 (full 0):
 garbage-first heap   total 113664K, used 57919K [0x0000000080000000, 0x0000000100000000)
  region size 1024K, 5 young (5120K), 1 survivors (1024K)
 Metaspace       used 58630K, committed 59200K, reserved 491520K
  class space    used 8105K, committed 8384K, reserved 425984K
}
Event: 8649.063 GC heap after
{Heap after GC invocations=43 (full 0):
 garbage-first heap   total 113664K, used 53857K [0x0000000080000000, 0x0000000100000000)
  region size 1024K, 1 young (1024K), 1 survivors (1024K)
 Metaspace       used 58630K, committed 59200K, reserved 491520K
  class space    used 8105K, committed 8384K, reserved 425984K
}
Event: 8649.785 GC heap before
{Heap before GC invocations=43 (full 0):
 garbage-first heap   total 113664K, used 57953K [0x0000000080000000, 0x0000000100000000)
  region size 1024K, 5 young (5120K), 1 survivors (1024K)
 Metaspace       used 58631K, committed 59200K, reserved 491520K
  class space    used 8105K, committed 8384K, reserved 425984K
}

