# JRE version: OpenJDK Runtime Environment Temurin-17.0.15+6 (17.0.15+6) (build 17.0.15+6)
# Java VM: OpenJDK 64-Bit Server VM Temurin-17.0.15+6 (17.0.15+6, mixed mode, sharing, tiered, compressed oops, compressed class ptrs, g1 gc, windows-amd64)
GC Precious Log:
 CPUs: 16 total, 16 available
 Memory: 16088M
 Large Page Support: Disabled
 NUMA Support: Disabled
 Compressed Oops: Enabled (32-bit)
 Heap Region Size: 1M
 Heap Min Capacity: 8M
 Heap Initial Capacity: 252M
 Heap Max Capacity: 2G
 Pre-touch: Disabled
 Parallel Workers: 13
 Concurrent Workers: 3
 Concurrent Refinement Workers: 13
 Periodic GC: Disabled
Heap:
 garbage-first heap   total 316416K, used 83007K [0x0000000080000000, 0x0000000100000000)
  region size 1024K, 1 young (1024K), 1 survivors (1024K)
 Metaspace       used 80422K, committed 81152K, reserved 557056K
  class space    used 11102K, committed 11456K, reserved 425984K
GC Heap History (20 events):
Event: 8638.692 GC heap after
{Heap after GC invocations=68 (full 0):
 garbage-first heap   total 122880K, used 82995K [0x0000000080000000, 0x0000000100000000)
  region size 1024K, 2 young (2048K), 2 survivors (2048K)
 Metaspace       used 80377K, committed 81152K, reserved 557056K
  class space    used 11101K, committed 11456K, reserved 425984K
}
Event: 8639.342 GC heap before
{Heap before GC invocations=68 (full 0):
 garbage-first heap   total 122880K, used 107571K [0x0000000080000000, 0x0000000100000000)
  region size 1024K, 26 young (26624K), 2 survivors (2048K)
 Metaspace       used 80377K, committed 81152K, reserved 557056K
  class space    used 11101K, committed 11456K, reserved 425984K
}
Event: 8639.356 GC heap after
{Heap after GC invocations=69 (full 0):
 garbage-first heap   total 122880K, used 82917K [0x0000000080000000, 0x0000000100000000)
  region size 1024K, 2 young (2048K), 2 survivors (2048K)
 Metaspace       used 80377K, committed 81152K, reserved 557056K
  class space    used 11101K, committed 11456K, reserved 425984K
}
Event: 8641.678 GC heap before
{Heap before GC invocations=69 (full 0):
 garbage-first heap   total 122880K, used 106469K [0x0000000080000000, 0x0000000100000000)
  region size 1024K, 26 young (26624K), 2 survivors (2048K)
 Metaspace       used 80392K, committed 81152K, reserved 557056K
  class space    used 11101K, committed 11456K, reserved 425984K
}
Event: 8641.701 GC heap after
{Heap after GC invocations=70 (full 0):
 garbage-first heap   total 122880K, used 82946K [0x0000000080000000, 0x0000000100000000)
  region size 1024K, 2 young (2048K), 2 survivors (2048K)
 Metaspace       used 80392K, committed 81152K, reserved 557056K
  class space    used 11101K, committed 11456K, reserved 425984K
}
Event: 8645.232 GC heap before
{Heap before GC invocations=70 (full 0):
 garbage-first heap   total 122880K, used 107522K [0x0000000080000000, 0x0000000100000000)
  region size 1024K, 26 young (26624K), 2 survivors (2048K)
 Metaspace       used 80393K, committed 81152K, reserved 557056K
  class space    used 11101K, committed 11456K, reserved 425984K
}
Event: 8646.458 GC heap after
{Heap after GC invocations=71 (full 0):
 garbage-first heap   total 122880K, used 82971K [0x0000000080000000, 0x0000000100000000)
  region size 1024K, 2 young (2048K), 2 survivors (2048K)
 Metaspace       used 80393K, committed 81152K, reserved 557056K
  class space    used 11101K, committed 11456K, reserved 425984K
}
Event: 8650.030 GC heap before
{Heap before GC invocations=71 (full 0):
 garbage-first heap   total 122880K, used 107547K [0x0000000080000000, 0x0000000100000000)
  region size 1024K, 26 young (26624K), 2 survivors (2048K)
 Metaspace       used 80406K, committed 81152K, reserved 557056K
  class space    used 11101K, committed 11456K, reserved 425984K
}
Event: 8653.032 GC heap after
{Heap after GC invocations=72 (full 0):
 garbage-first heap   total 122880K, used 83030K [0x0000000080000000, 0x0000000100000000)
  region size 1024K, 2 young (2048K), 2 survivors (2048K)
 Metaspace       used 80406K, committed 81152K, reserved 557056K
  class space    used 11101K, committed 11456K, reserved 425984K
}
Event: 8657.845 GC heap before
{Heap before GC invocations=72 (full 0):
 garbage-first heap   total 122880K, used 107606K [0x0000000080000000, 0x0000000100000000)
  region size 1024K, 26 young (26624K), 2 survivors (2048K)
 Metaspace       used 80411K, committed 81152K, reserved 557056K
  class space    used 11101K, committed 11456K, reserved 425984K
}
Event: 8661.410 GC heap after
{Heap after GC invocations=73 (full 0):
 garbage-first heap   total 316416K, used 82907K [0x0000000080000000, 0x0000000100000000)
  region size 1024K, 2 young (2048K), 2 survivors (2048K)
 Metaspace       used 80411K, committed 81152K, reserved 557056K
  class space    used 11101K, committed 11456K, reserved 425984K
}
Event: 8691.155 GC heap before
{Heap before GC invocations=73 (full 0):
 garbage-first heap   total 316416K, used 96219K [0x0000000080000000, 0x0000000100000000)
  region size 1024K, 15 young (15360K), 2 survivors (2048K)
 Metaspace       used 80412K, committed 81152K, reserved 557056K
  class space    used 11101K, committed 11456K, reserved 425984K
}
Event: 8691.807 GC heap after
{Heap after GC invocations=74 (full 0):
 garbage-first heap   total 316416K, used 82922K [0x0000000080000000, 0x0000000100000000)
  region size 1024K, 1 young (1024K), 1 survivors (1024K)
 Metaspace       used 80412K, committed 81152K, reserved 557056K
  class space    used 11101K, committed 11456K, reserved 425984K
}
Event: 8696.660 GC heap before
{Heap before GC invocations=74 (full 0):
 garbage-first heap   total 316416K, used 97258K [0x0000000080000000, 0x0000000100000000)
  region size 1024K, 15 young (15360K), 1 survivors (1024K)
 Metaspace       used 80415K, committed 81152K, reserved 557056K
  class space    used 11101K, committed 11456K, reserved 425984K
}
Event: 8697.176 GC heap after
{Heap after GC invocations=75 (full 0):
 garbage-first heap   total 316416K, used 82941K [0x0000000080000000, 0x0000000100000000)
  region size 1024K, 1 young (1024K), 1 survivors (1024K)
 Metaspace       used 80415K, committed 81152K, reserved 557056K
  class space    used 11101K, committed 11456K, reserved 425984K
}
Event: 8699.732 GC heap before
{Heap before GC invocations=75 (full 0):
 garbage-first heap   total 316416K, used 97277K [0x0000000080000000, 0x0000000100000000)
  region size 1024K, 15 young (15360K), 1 survivors (1024K)
 Metaspace       used 80417K, committed 81152K, reserved 557056K
  class space    used 11101K, committed 11456K, reserved 425984K
}
Event: 8700.571 GC heap after
{Heap after GC invocations=76 (full 0):
 garbage-first heap   total 316416K, used 82993K [0x0000000080000000, 0x0000000100000000)
  region size 1024K, 1 young (1024K), 1 survivors (1024K)
 Metaspace       used 80417K, committed 81152K, reserved 557056K
  class space    used 11101K, committed 11456K, reserved 425984K
}
Event: 8703.419 GC heap before
{Heap before GC invocations=76 (full 0):
 garbage-first heap   total 316416K, used 97329K [0x0000000080000000, 0x0000000100000000)
  region size 1024K, 15 young (15360K), 1 survivors (1024K)
 Metaspace       used 80420K, committed 81152K, reserved 557056K
  class space    used 11102K, committed 11456K, reserved 425984K
}
Event: 8703.573 GC heap after
{Heap after GC invocations=77 (full 0):
 garbage-first heap   total 316416K, used 82939K [0x0000000080000000, 0x0000000100000000)
  region size 1024K, 1 young (1024K), 1 survivors (1024K)
 Metaspace       used 80420K, committed 81152K, reserved 557056K
  class space    used 11102K, committed 11456K, reserved 425984K
}
Event: 8706.447 GC heap before
{Heap before GC invocations=77 (full 0):
 garbage-first heap   total 316416K, used 97275K [0x0000000080000000, 0x0000000100000000)
  region size 1024K, 15 young (15360K), 1 survivors (1024K)
 Metaspace       used 80422K, committed 81152K, reserved 557056K
  class space    used 11102K, committed 11456K, reserved 425984K
}

