# JRE version: OpenJDK Runtime Environment Temurin-17.0.15+6 (17.0.15+6) (build 17.0.15+6)
# Java VM: OpenJDK 64-Bit Server VM Temurin-17.0.15+6 (17.0.15+6, mixed mode, sharing, tiered, compressed oops, compressed class ptrs, g1 gc, windows-amd64)
GC Precious Log:
 CPUs: 16 total, 16 available
 Memory: 16088M
 Large Page Support: Disabled
 NUMA Support: Disabled
 Compressed Oops: Enabled (32-bit)
 Heap Region Size: 1M
 Heap Min Capacity: 8M
 Heap Initial Capacity: 252M
 Heap Max Capacity: 2G
 Pre-touch: Disabled
 Parallel Workers: 13
 Concurrent Workers: 3
 Concurrent Refinement Workers: 13
 Periodic GC: Disabled
Heap:
 garbage-first heap   total 81920K, used 47839K [0x0000000080000000, 0x0000000100000000)
  region size 1024K, 24 young (24576K), 3 survivors (3072K)
 Metaspace       used 32186K, committed 32576K, reserved 491520K
  class space    used 4398K, committed 4544K, reserved 425984K
GC Heap History (12 events):
Event: 4.489 GC heap before
{Heap before GC invocations=0 (full 0):
 garbage-first heap   total 258048K, used 26624K [0x0000000080000000, 0x0000000100000000)
  region size 1024K, 23 young (23552K), 0 survivors (0K)
 Metaspace       used 3055K, committed 3200K, reserved 491520K
  class space    used 380K, committed 448K, reserved 425984K
}
Event: 5.144 GC heap after
{Heap after GC invocations=1 (full 0):
 garbage-first heap   total 258048K, used 10275K [0x0000000080000000, 0x0000000100000000)
  region size 1024K, 3 young (3072K), 3 survivors (3072K)
 Metaspace       used 3055K, committed 3200K, reserved 491520K
  class space    used 380K, committed 448K, reserved 425984K
}
Event: 6.816 GC heap before
{Heap before GC invocations=1 (full 0):
 garbage-first heap   total 258048K, used 38947K [0x0000000080000000, 0x0000000100000000)
  region size 1024K, 31 young (31744K), 3 survivors (3072K)
 Metaspace       used 3991K, committed 4160K, reserved 491520K
  class space    used 477K, committed 576K, reserved 425984K
}
Event: 6.823 GC heap after
{Heap after GC invocations=2 (full 0):
 garbage-first heap   total 258048K, used 13565K [0x0000000080000000, 0x0000000100000000)
  region size 1024K, 4 young (4096K), 4 survivors (4096K)
 Metaspace       used 3991K, committed 4160K, reserved 491520K
  class space    used 477K, committed 576K, reserved 425984K
}
Event: 80.276 GC heap before
{Heap before GC invocations=2 (full 0):
 garbage-first heap   total 258048K, used 118013K [0x0000000080000000, 0x0000000100000000)
  region size 1024K, 107 young (109568K), 4 survivors (4096K)
 Metaspace       used 21183K, committed 21504K, reserved 491520K
  class space    used 3101K, committed 3264K, reserved 425984K
}
Event: 80.455 GC heap after
{Heap after GC invocations=3 (full 0):
 garbage-first heap   total 258048K, used 21614K [0x0000000080000000, 0x0000000100000000)
  region size 1024K, 12 young (12288K), 12 survivors (12288K)
 Metaspace       used 21183K, committed 21504K, reserved 491520K
  class space    used 3101K, committed 3264K, reserved 425984K
}
Event: 84.680 GC heap before
{Heap before GC invocations=4 (full 0):
 garbage-first heap   total 81920K, used 58478K [0x0000000080000000, 0x0000000100000000)
  region size 1024K, 48 young (49152K), 12 survivors (12288K)
 Metaspace       used 28736K, committed 29120K, reserved 491520K
  class space    used 4025K, committed 4224K, reserved 425984K
}
Event: 85.082 GC heap after
{Heap after GC invocations=5 (full 0):
 garbage-first heap   total 81920K, used 26911K [0x0000000080000000, 0x0000000100000000)
  region size 1024K, 6 young (6144K), 6 survivors (6144K)
 Metaspace       used 28736K, committed 29120K, reserved 491520K
  class space    used 4025K, committed 4224K, reserved 425984K
}
Event: 85.320 GC heap before
{Heap before GC invocations=5 (full 0):
 garbage-first heap   total 81920K, used 27935K [0x0000000080000000, 0x0000000100000000)
  region size 1024K, 7 young (7168K), 6 survivors (6144K)
 Metaspace       used 28787K, committed 29184K, reserved 491520K
  class space    used 4030K, committed 4224K, reserved 425984K
}
Event: 85.401 GC heap after
{Heap after GC invocations=6 (full 0):
 garbage-first heap   total 81920K, used 26573K [0x0000000080000000, 0x0000000100000000)
  region size 1024K, 1 young (1024K), 1 survivors (1024K)
 Metaspace       used 28787K, committed 29184K, reserved 491520K
  class space    used 4030K, committed 4224K, reserved 425984K
}
Event: 96.962 GC heap before
{Heap before GC invocations=6 (full 0):
 garbage-first heap   total 81920K, used 60365K [0x0000000080000000, 0x0000000100000000)
  region size 1024K, 32 young (32768K), 1 survivors (1024K)
 Metaspace       used 31509K, committed 31936K, reserved 491520K
  class space    used 4302K, committed 4480K, reserved 425984K
}
Event: 96.971 GC heap after
{Heap after GC invocations=7 (full 0):
 garbage-first heap   total 81920K, used 28383K [0x0000000080000000, 0x0000000100000000)
  region size 1024K, 3 young (3072K), 3 survivors (3072K)
 Metaspace       used 31509K, committed 31936K, reserved 491520K
  class space    used 4302K, committed 4480K, reserved 425984K
}

