# JRE version: OpenJDK Runtime Environment Temurin-17.0.15+6 (17.0.15+6) (build 17.0.15+6)
# Java VM: OpenJDK 64-Bit Server VM Temurin-17.0.15+6 (17.0.15+6, mixed mode, sharing, tiered, compressed oops, compressed class ptrs, g1 gc, windows-amd64)
GC Precious Log:
 CPUs: 16 total, 16 available
 Memory: 16088M
 Large Page Support: Disabled
 NUMA Support: Disabled
 Compressed Oops: Enabled (32-bit)
 Heap Region Size: 1M
 Heap Min Capacity: 8M
 Heap Initial Capacity: 252M
 Heap Max Capacity: 2G
 Pre-touch: Disabled
 Parallel Workers: 13
 Concurrent Workers: 3
 Concurrent Refinement Workers: 13
 Periodic GC: Disabled
Heap:
 garbage-first heap   total 149504K, used 55232K [0x0000000080000000, 0x0000000100000000)
  region size 1024K, 1 young (1024K), 1 survivors (1024K)
 Metaspace       used 58543K, committed 59136K, reserved 491520K
  class space    used 8103K, committed 8384K, reserved 425984K
GC Heap History (20 events):
Event: 874.254 GC heap after
{Heap after GC invocations=21 (full 0):
 garbage-first heap   total 89088K, used 51850K [0x0000000080000000, 0x0000000100000000)
  region size 1024K, 4 young (4096K), 4 survivors (4096K)
 Metaspace       used 55016K, committed 55680K, reserved 491520K
  class space    used 7570K, committed 7872K, reserved 425984K
}
Event: 874.274 GC heap before
{Heap before GC invocations=21 (full 0):
 garbage-first heap   total 89088K, used 52874K [0x0000000080000000, 0x0000000100000000)
  region size 1024K, 5 young (5120K), 4 survivors (4096K)
 Metaspace       used 55142K, committed 55808K, reserved 491520K
  class space    used 7579K, committed 7872K, reserved 425984K
}
Event: 874.279 GC heap after
{Heap after GC invocations=22 (full 0):
 garbage-first heap   total 89088K, used 52673K [0x0000000080000000, 0x0000000100000000)
  region size 1024K, 1 young (1024K), 1 survivors (1024K)
 Metaspace       used 55142K, committed 55808K, reserved 491520K
  class space    used 7579K, committed 7872K, reserved 425984K
}
Event: 874.953 GC heap before
{Heap before GC invocations=22 (full 0):
 garbage-first heap   total 89088K, used 73153K [0x0000000080000000, 0x0000000100000000)
  region size 1024K, 21 young (21504K), 1 survivors (1024K)
 Metaspace       used 56898K, committed 57536K, reserved 491520K
  class space    used 7845K, committed 8128K, reserved 425984K
}
Event: 874.955 GC heap after
{Heap after GC invocations=23 (full 0):
 garbage-first heap   total 89088K, used 53595K [0x0000000080000000, 0x0000000100000000)
  region size 1024K, 2 young (2048K), 2 survivors (2048K)
 Metaspace       used 56898K, committed 57536K, reserved 491520K
  class space    used 7845K, committed 8128K, reserved 425984K
}
Event: 875.368 GC heap before
{Heap before GC invocations=24 (full 0):
 garbage-first heap   total 94208K, used 72027K [0x0000000080000000, 0x0000000100000000)
  region size 1024K, 20 young (20480K), 2 survivors (2048K)
 Metaspace       used 58114K, committed 58688K, reserved 491520K
  class space    used 8055K, committed 8320K, reserved 425984K
}
Event: 875.373 GC heap after
{Heap after GC invocations=25 (full 0):
 garbage-first heap   total 94208K, used 55083K [0x0000000080000000, 0x0000000100000000)
  region size 1024K, 3 young (3072K), 3 survivors (3072K)
 Metaspace       used 58114K, committed 58688K, reserved 491520K
  class space    used 8055K, committed 8320K, reserved 425984K
}
Event: 875.394 GC heap before
{Heap before GC invocations=25 (full 0):
 garbage-first heap   total 94208K, used 56107K [0x0000000080000000, 0x0000000100000000)
  region size 1024K, 4 young (4096K), 3 survivors (3072K)
 Metaspace       used 58190K, committed 58752K, reserved 491520K
  class space    used 8064K, committed 8320K, reserved 425984K
}
Event: 875.398 GC heap after
{Heap after GC invocations=26 (full 0):
 garbage-first heap   total 146432K, used 54762K [0x0000000080000000, 0x0000000100000000)
  region size 1024K, 1 young (1024K), 1 survivors (1024K)
 Metaspace       used 58190K, committed 58752K, reserved 491520K
  class space    used 8064K, committed 8320K, reserved 425984K
}
Event: 1021.163 GC heap before
{Heap before GC invocations=26 (full 0):
 garbage-first heap   total 146432K, used 114154K [0x0000000080000000, 0x0000000100000000)
  region size 1024K, 59 young (60416K), 1 survivors (1024K)
 Metaspace       used 58434K, committed 59008K, reserved 491520K
  class space    used 8099K, committed 8384K, reserved 425984K
}
Event: 1021.182 GC heap after
{Heap after GC invocations=27 (full 0):
 garbage-first heap   total 146432K, used 54950K [0x0000000080000000, 0x0000000100000000)
  region size 1024K, 1 young (1024K), 1 survivors (1024K)
 Metaspace       used 58434K, committed 59008K, reserved 491520K
  class space    used 8099K, committed 8384K, reserved 425984K
}
Event: 8190.450 GC heap before
{Heap before GC invocations=27 (full 0):
 garbage-first heap   total 146432K, used 116390K [0x0000000080000000, 0x0000000100000000)
  region size 1024K, 61 young (62464K), 1 survivors (1024K)
 Metaspace       used 58524K, committed 59136K, reserved 491520K
  class space    used 8103K, committed 8384K, reserved 425984K
}
Event: 8190.550 GC heap after
{Heap after GC invocations=28 (full 0):
 garbage-first heap   total 146432K, used 55209K [0x0000000080000000, 0x0000000100000000)
  region size 1024K, 1 young (1024K), 1 survivors (1024K)
 Metaspace       used 58524K, committed 59136K, reserved 491520K
  class space    used 8103K, committed 8384K, reserved 425984K
}
Event: 8215.669 GC heap before
{Heap before GC invocations=28 (full 0):
 garbage-first heap   total 146432K, used 118697K [0x0000000080000000, 0x0000000100000000)
  region size 1024K, 63 young (64512K), 1 survivors (1024K)
 Metaspace       used 58541K, committed 59136K, reserved 491520K
  class space    used 8103K, committed 8384K, reserved 425984K
}
Event: 8217.472 GC heap after
{Heap after GC invocations=29 (full 0):
 garbage-first heap   total 146432K, used 55229K [0x0000000080000000, 0x0000000100000000)
  region size 1024K, 1 young (1024K), 1 survivors (1024K)
 Metaspace       used 58541K, committed 59136K, reserved 491520K
  class space    used 8103K, committed 8384K, reserved 425984K
}
Event: 8218.154 GC heap before
{Heap before GC invocations=29 (full 0):
 garbage-first heap   total 146432K, used 61373K [0x0000000080000000, 0x0000000100000000)
  region size 1024K, 7 young (7168K), 1 survivors (1024K)
 Metaspace       used 58541K, committed 59136K, reserved 491520K
  class space    used 8103K, committed 8384K, reserved 425984K
}
Event: 8220.753 GC heap after
{Heap after GC invocations=30 (full 0):
 garbage-first heap   total 146432K, used 55239K [0x0000000080000000, 0x0000000100000000)
  region size 1024K, 1 young (1024K), 1 survivors (1024K)
 Metaspace       used 58541K, committed 59136K, reserved 491520K
  class space    used 8103K, committed 8384K, reserved 425984K
}
Event: 8221.262 GC heap before
{Heap before GC invocations=30 (full 0):
 garbage-first heap   total 146432K, used 61383K [0x0000000080000000, 0x0000000100000000)
  region size 1024K, 7 young (7168K), 1 survivors (1024K)
 Metaspace       used 58541K, committed 59136K, reserved 491520K
  class space    used 8103K, committed 8384K, reserved 425984K
}
Event: 8224.058 GC heap after
{Heap after GC invocations=31 (full 0):
 garbage-first heap   total 146432K, used 55201K [0x0000000080000000, 0x0000000100000000)
  region size 1024K, 1 young (1024K), 1 survivors (1024K)
 Metaspace       used 58541K, committed 59136K, reserved 491520K
  class space    used 8103K, committed 8384K, reserved 425984K
}
Event: 8230.623 GC heap before
{Heap before GC invocations=31 (full 0):
 garbage-first heap   total 146432K, used 61345K [0x0000000080000000, 0x0000000100000000)
  region size 1024K, 7 young (7168K), 1 survivors (1024K)
 Metaspace       used 58543K, committed 59136K, reserved 491520K
  class space    used 8103K, committed 8384K, reserved 425984K
}

