# JRE version: OpenJDK Runtime Environment Temurin-17.0.15+6 (17.0.15+6) (build 17.0.15+6)
# Java VM: OpenJDK 64-Bit Server VM Temurin-17.0.15+6 (17.0.15+6, mixed mode, sharing, tiered, compressed oops, compressed class ptrs, g1 gc, windows-amd64)
GC Precious Log:
 CPUs: 16 total, 16 available
 Memory: 16088M
 Large Page Support: Disabled
 NUMA Support: Disabled
 Compressed Oops: Enabled (32-bit)
 Heap Region Size: 1M
 Heap Min Capacity: 8M
 Heap Initial Capacity: 252M
 Heap Max Capacity: 2G
 Pre-touch: Disabled
 Parallel Workers: 13
 Concurrent Workers: 3
 Concurrent Refinement Workers: 13
 Periodic GC: Disabled
Heap:
 garbage-first heap   total 368640K, used 53562K [0x0000000080000000, 0x0000000100000000)
  region size 1024K, 1 young (1024K), 1 survivors (1024K)
 Metaspace       used 58541K, committed 59136K, reserved 491520K
  class space    used 8106K, committed 8384K, reserved 425984K
GC Heap History (20 events):
Event: 1576.830 GC heap after
{Heap after GC invocations=38 (full 0):
 garbage-first heap   total 122880K, used 53560K [0x0000000080000000, 0x0000000100000000)
  region size 1024K, 3 young (3072K), 3 survivors (3072K)
 Metaspace       used 58424K, committed 59008K, reserved 491520K
  class space    used 8102K, committed 8384K, reserved 425984K
}
Event: 8646.096 GC heap before
{Heap before GC invocations=38 (full 0):
 garbage-first heap   total 122880K, used 97592K [0x0000000080000000, 0x0000000100000000)
  region size 1024K, 46 young (47104K), 3 survivors (3072K)
 Metaspace       used 58525K, committed 59136K, reserved 491520K
  class space    used 8106K, committed 8384K, reserved 425984K
}
Event: 8650.034 GC heap after
{Heap after GC invocations=39 (full 0):
 garbage-first heap   total 122880K, used 53475K [0x0000000080000000, 0x0000000100000000)
  region size 1024K, 3 young (3072K), 3 survivors (3072K)
 Metaspace       used 58525K, committed 59136K, reserved 491520K
  class space    used 8106K, committed 8384K, reserved 425984K
}
Event: 8652.281 GC heap before
{Heap before GC invocations=39 (full 0):
 garbage-first heap   total 122880K, used 56547K [0x0000000080000000, 0x0000000100000000)
  region size 1024K, 6 young (6144K), 3 survivors (3072K)
 Metaspace       used 58525K, committed 59136K, reserved 491520K
  class space    used 8106K, committed 8384K, reserved 425984K
}
Event: 8656.363 GC heap after
{Heap after GC invocations=40 (full 0):
 garbage-first heap   total 122880K, used 53648K [0x0000000080000000, 0x0000000100000000)
  region size 1024K, 1 young (1024K), 1 survivors (1024K)
 Metaspace       used 58525K, committed 59136K, reserved 491520K
  class space    used 8106K, committed 8384K, reserved 425984K
}
Event: 8657.844 GC heap before
{Heap before GC invocations=40 (full 0):
 garbage-first heap   total 122880K, used 58768K [0x0000000080000000, 0x0000000100000000)
  region size 1024K, 6 young (6144K), 1 survivors (1024K)
 Metaspace       used 58525K, committed 59136K, reserved 491520K
  class space    used 8106K, committed 8384K, reserved 425984K
}
Event: 8659.966 GC heap after
{Heap after GC invocations=41 (full 0):
 garbage-first heap   total 122880K, used 53548K [0x0000000080000000, 0x0000000100000000)
  region size 1024K, 1 young (1024K), 1 survivors (1024K)
 Metaspace       used 58525K, committed 59136K, reserved 491520K
  class space    used 8106K, committed 8384K, reserved 425984K
}
Event: 8663.192 GC heap before
{Heap before GC invocations=41 (full 0):
 garbage-first heap   total 122880K, used 58668K [0x0000000080000000, 0x0000000100000000)
  region size 1024K, 6 young (6144K), 1 survivors (1024K)
 Metaspace       used 58525K, committed 59136K, reserved 491520K
  class space    used 8106K, committed 8384K, reserved 425984K
}
Event: 8664.799 GC heap after
{Heap after GC invocations=42 (full 0):
 garbage-first heap   total 122880K, used 53517K [0x0000000080000000, 0x0000000100000000)
  region size 1024K, 1 young (1024K), 1 survivors (1024K)
 Metaspace       used 58525K, committed 59136K, reserved 491520K
  class space    used 8106K, committed 8384K, reserved 425984K
}
Event: 8665.177 GC heap before
{Heap before GC invocations=42 (full 0):
 garbage-first heap   total 122880K, used 58637K [0x0000000080000000, 0x0000000100000000)
  region size 1024K, 6 young (6144K), 1 survivors (1024K)
 Metaspace       used 58525K, committed 59136K, reserved 491520K
  class space    used 8106K, committed 8384K, reserved 425984K
}
Event: 8665.412 GC heap after
{Heap after GC invocations=43 (full 0):
 garbage-first heap   total 122880K, used 53495K [0x0000000080000000, 0x0000000100000000)
  region size 1024K, 1 young (1024K), 1 survivors (1024K)
 Metaspace       used 58525K, committed 59136K, reserved 491520K
  class space    used 8106K, committed 8384K, reserved 425984K
}
Event: 8665.826 GC heap before
{Heap before GC invocations=43 (full 0):
 garbage-first heap   total 122880K, used 58615K [0x0000000080000000, 0x0000000100000000)
  region size 1024K, 6 young (6144K), 1 survivors (1024K)
 Metaspace       used 58525K, committed 59136K, reserved 491520K
  class space    used 8106K, committed 8384K, reserved 425984K
}
Event: 8666.694 GC heap after
{Heap after GC invocations=44 (full 0):
 garbage-first heap   total 368640K, used 53486K [0x0000000080000000, 0x0000000100000000)
  region size 1024K, 1 young (1024K), 1 survivors (1024K)
 Metaspace       used 58525K, committed 59136K, reserved 491520K
  class space    used 8106K, committed 8384K, reserved 425984K
}
Event: 8678.443 GC heap before
{Heap before GC invocations=44 (full 0):
 garbage-first heap   total 368640K, used 70894K [0x0000000080000000, 0x0000000100000000)
  region size 1024K, 18 young (18432K), 1 survivors (1024K)
 Metaspace       used 58526K, committed 59136K, reserved 491520K
  class space    used 8106K, committed 8384K, reserved 425984K
}
Event: 8680.520 GC heap after
{Heap after GC invocations=45 (full 0):
 garbage-first heap   total 368640K, used 53489K [0x0000000080000000, 0x0000000100000000)
  region size 1024K, 1 young (1024K), 1 survivors (1024K)
 Metaspace       used 58526K, committed 59136K, reserved 491520K
  class space    used 8106K, committed 8384K, reserved 425984K
}
Event: 8683.835 GC heap before
{Heap before GC invocations=45 (full 0):
 garbage-first heap   total 368640K, used 70897K [0x0000000080000000, 0x0000000100000000)
  region size 1024K, 18 young (18432K), 1 survivors (1024K)
 Metaspace       used 58528K, committed 59136K, reserved 491520K
  class space    used 8106K, committed 8384K, reserved 425984K
}
Event: 8685.120 GC heap after
{Heap after GC invocations=46 (full 0):
 garbage-first heap   total 368640K, used 53610K [0x0000000080000000, 0x0000000100000000)
  region size 1024K, 1 young (1024K), 1 survivors (1024K)
 Metaspace       used 58528K, committed 59136K, reserved 491520K
  class space    used 8106K, committed 8384K, reserved 425984K
}
Event: 8688.755 GC heap before
{Heap before GC invocations=46 (full 0):
 garbage-first heap   total 368640K, used 71018K [0x0000000080000000, 0x0000000100000000)
  region size 1024K, 18 young (18432K), 1 survivors (1024K)
 Metaspace       used 58532K, committed 59136K, reserved 491520K
  class space    used 8106K, committed 8384K, reserved 425984K
}
Event: 8689.654 GC heap after
{Heap after GC invocations=47 (full 0):
 garbage-first heap   total 368640K, used 53594K [0x0000000080000000, 0x0000000100000000)
  region size 1024K, 1 young (1024K), 1 survivors (1024K)
 Metaspace       used 58532K, committed 59136K, reserved 491520K
  class space    used 8106K, committed 8384K, reserved 425984K
}
Event: 8694.662 GC heap before
{Heap before GC invocations=47 (full 0):
 garbage-first heap   total 368640K, used 71002K [0x0000000080000000, 0x0000000100000000)
  region size 1024K, 18 young (18432K), 1 survivors (1024K)
 Metaspace       used 58541K, committed 59136K, reserved 491520K
  class space    used 8106K, committed 8384K, reserved 425984K
}

