# JRE version: OpenJDK Runtime Environment Temurin-17.0.15+6 (17.0.15+6) (build 17.0.15+6)
# Java VM: OpenJDK 64-Bit Server VM Temurin-17.0.15+6 (17.0.15+6, mixed mode, sharing, tiered, compressed oops, compressed class ptrs, g1 gc, windows-amd64)
GC Precious Log:
 CPUs: 16 total, 16 available
 Memory: 16088M
 Large Page Support: Disabled
 NUMA Support: Disabled
 Compressed Oops: Enabled (32-bit)
 Heap Region Size: 1M
 Heap Min Capacity: 8M
 Heap Initial Capacity: 252M
 Heap Max Capacity: 2G
 Pre-touch: Disabled
 Parallel Workers: 13
 Concurrent Workers: 3
 Concurrent Refinement Workers: 13
 Periodic GC: Disabled
Heap:
 garbage-first heap   total 119808K, used 53627K [0x0000000080000000, 0x0000000100000000)
  region size 1024K, 1 young (1024K), 1 survivors (1024K)
 Metaspace       used 58574K, committed 59136K, reserved 491520K
  class space    used 8106K, committed 8384K, reserved 425984K
GC Heap History (20 events):
Event: 826.389 GC heap after
{Heap after GC invocations=28 (full 0):
 garbage-first heap   total 92160K, used 52887K [0x0000000080000000, 0x0000000100000000)
  region size 1024K, 2 young (2048K), 2 survivors (2048K)
 Metaspace       used 58380K, committed 59008K, reserved 491520K
  class space    used 8102K, committed 8384K, reserved 425984K
}
Event: 832.951 GC heap before
{Heap before GC invocations=28 (full 0):
 garbage-first heap   total 92160K, used 54935K [0x0000000080000000, 0x0000000100000000)
  region size 1024K, 4 young (4096K), 2 survivors (2048K)
 Metaspace       used 58382K, committed 59008K, reserved 491520K
  class space    used 8102K, committed 8384K, reserved 425984K
}
Event: 833.035 GC heap after
{Heap after GC invocations=29 (full 0):
 garbage-first heap   total 92160K, used 52667K [0x0000000080000000, 0x0000000100000000)
  region size 1024K, 1 young (1024K), 1 survivors (1024K)
 Metaspace       used 58382K, committed 59008K, reserved 491520K
  class space    used 8102K, committed 8384K, reserved 425984K
}
Event: 904.400 GC heap before
{Heap before GC invocations=29 (full 0):
 garbage-first heap   total 92160K, used 79291K [0x0000000080000000, 0x0000000100000000)
  region size 1024K, 27 young (27648K), 1 survivors (1024K)
 Metaspace       used 58389K, committed 59008K, reserved 491520K
  class space    used 8102K, committed 8384K, reserved 425984K
}
Event: 904.488 GC heap after
{Heap after GC invocations=30 (full 0):
 garbage-first heap   total 92160K, used 52719K [0x0000000080000000, 0x0000000100000000)
  region size 1024K, 1 young (1024K), 1 survivors (1024K)
 Metaspace       used 58389K, committed 59008K, reserved 491520K
  class space    used 8102K, committed 8384K, reserved 425984K
}
Event: 976.420 GC heap before
{Heap before GC invocations=31 (full 0):
 garbage-first heap   total 92160K, used 78319K [0x0000000080000000, 0x0000000100000000)
  region size 1024K, 27 young (27648K), 1 survivors (1024K)
 Metaspace       used 58399K, committed 59008K, reserved 491520K
  class space    used 8102K, committed 8384K, reserved 425984K
}
Event: 976.441 GC heap after
{Heap after GC invocations=32 (full 0):
 garbage-first heap   total 119808K, used 52901K [0x0000000080000000, 0x0000000100000000)
  region size 1024K, 1 young (1024K), 1 survivors (1024K)
 Metaspace       used 58399K, committed 59008K, reserved 491520K
  class space    used 8102K, committed 8384K, reserved 425984K
}
Event: 1111.540 GC heap before
{Heap before GC invocations=32 (full 0):
 garbage-first heap   total 119808K, used 102053K [0x0000000080000000, 0x0000000100000000)
  region size 1024K, 49 young (50176K), 1 survivors (1024K)
 Metaspace       used 58435K, committed 59072K, reserved 491520K
  class space    used 8102K, committed 8384K, reserved 425984K
}
Event: 1111.589 GC heap after
{Heap after GC invocations=33 (full 0):
 garbage-first heap   total 119808K, used 53313K [0x0000000080000000, 0x0000000100000000)
  region size 1024K, 2 young (2048K), 2 survivors (2048K)
 Metaspace       used 58435K, committed 59072K, reserved 491520K
  class space    used 8102K, committed 8384K, reserved 425984K
}
Event: 8226.622 GC heap before
{Heap before GC invocations=33 (full 0):
 garbage-first heap   total 119808K, used 102465K [0x0000000080000000, 0x0000000100000000)
  region size 1024K, 50 young (51200K), 2 survivors (2048K)
 Metaspace       used 58561K, committed 59136K, reserved 491520K
  class space    used 8106K, committed 8384K, reserved 425984K
}
Event: 8226.797 GC heap after
{Heap after GC invocations=34 (full 0):
 garbage-first heap   total 119808K, used 53645K [0x0000000080000000, 0x0000000100000000)
  region size 1024K, 2 young (2048K), 2 survivors (2048K)
 Metaspace       used 58561K, committed 59136K, reserved 491520K
  class space    used 8106K, committed 8384K, reserved 425984K
}
Event: 8258.948 GC heap before
{Heap before GC invocations=34 (full 0):
 garbage-first heap   total 119808K, used 102797K [0x0000000080000000, 0x0000000100000000)
  region size 1024K, 50 young (51200K), 2 survivors (2048K)
 Metaspace       used 58572K, committed 59136K, reserved 491520K
  class space    used 8106K, committed 8384K, reserved 425984K
}
Event: 8261.871 GC heap after
{Heap after GC invocations=35 (full 0):
 garbage-first heap   total 119808K, used 53638K [0x0000000080000000, 0x0000000100000000)
  region size 1024K, 2 young (2048K), 2 survivors (2048K)
 Metaspace       used 58572K, committed 59136K, reserved 491520K
  class space    used 8106K, committed 8384K, reserved 425984K
}
Event: 8262.666 GC heap before
{Heap before GC invocations=35 (full 0):
 garbage-first heap   total 119808K, used 56710K [0x0000000080000000, 0x0000000100000000)
  region size 1024K, 5 young (5120K), 2 survivors (2048K)
 Metaspace       used 58572K, committed 59136K, reserved 491520K
  class space    used 8106K, committed 8384K, reserved 425984K
}
Event: 8264.518 GC heap after
{Heap after GC invocations=36 (full 0):
 garbage-first heap   total 119808K, used 53661K [0x0000000080000000, 0x0000000100000000)
  region size 1024K, 1 young (1024K), 1 survivors (1024K)
 Metaspace       used 58572K, committed 59136K, reserved 491520K
  class space    used 8106K, committed 8384K, reserved 425984K
}
Event: 8265.087 GC heap before
{Heap before GC invocations=36 (full 0):
 garbage-first heap   total 119808K, used 57757K [0x0000000080000000, 0x0000000100000000)
  region size 1024K, 5 young (5120K), 1 survivors (1024K)
 Metaspace       used 58572K, committed 59136K, reserved 491520K
  class space    used 8106K, committed 8384K, reserved 425984K
}
Event: 8269.068 GC heap after
{Heap after GC invocations=37 (full 0):
 garbage-first heap   total 119808K, used 53557K [0x0000000080000000, 0x0000000100000000)
  region size 1024K, 1 young (1024K), 1 survivors (1024K)
 Metaspace       used 58572K, committed 59136K, reserved 491520K
  class space    used 8106K, committed 8384K, reserved 425984K
}
Event: 8278.936 GC heap before
{Heap before GC invocations=37 (full 0):
 garbage-first heap   total 119808K, used 57653K [0x0000000080000000, 0x0000000100000000)
  region size 1024K, 5 young (5120K), 1 survivors (1024K)
 Metaspace       used 58573K, committed 59136K, reserved 491520K
  class space    used 8106K, committed 8384K, reserved 425984K
}
Event: 8279.303 GC heap after
{Heap after GC invocations=38 (full 0):
 garbage-first heap   total 119808K, used 53520K [0x0000000080000000, 0x0000000100000000)
  region size 1024K, 1 young (1024K), 1 survivors (1024K)
 Metaspace       used 58573K, committed 59136K, reserved 491520K
  class space    used 8106K, committed 8384K, reserved 425984K
}
Event: 8279.465 GC heap before
{Heap before GC invocations=38 (full 0):
 garbage-first heap   total 119808K, used 57616K [0x0000000080000000, 0x0000000100000000)
  region size 1024K, 5 young (5120K), 1 survivors (1024K)
 Metaspace       used 58574K, committed 59136K, reserved 491520K
  class space    used 8106K, committed 8384K, reserved 425984K
}

